<?xml version="1.0" encoding="UTF-8"?>
<coverage generated="1656429408005" clover="3.2.0">
  <project timestamp="1656429408005" name="All files">
    <metrics statements="6225" coveredstatements="3952" conditionals="4983" coveredconditionals="2292" methods="1390" coveredmethods="754" elements="12598" coveredelements="6998" complexity="0" loc="6225" ncloc="6225" packages="75" files="324" classes="324"/>
    <package name="src">
      <metrics statements="44" coveredstatements="41" conditionals="28" coveredconditionals="26" methods="4" coveredmethods="2"/>
      <file name="index.ts" path="/Users/madsroskar/code/stream/chat/react-native/sdk/support/package/src/index.ts">
        <metrics statements="0" coveredstatements="0" conditionals="0" coveredconditionals="0" methods="0" coveredmethods="0"/>
      </file>
      <file name="init.ts" path="/Users/madsroskar/code/stream/chat/react-native/sdk/support/package/src/init.ts">
        <metrics statements="1" coveredstatements="1" conditionals="0" coveredconditionals="0" methods="1" coveredmethods="1"/>
        <line num="4" count="21" type="stmt"/>
      </file>
      <file name="native.ts" path="/Users/madsroskar/code/stream/chat/react-native/sdk/support/package/src/native.ts">
        <metrics statements="43" coveredstatements="40" conditionals="28" coveredconditionals="26" methods="3" coveredmethods="1"/>
        <line num="8" count="46" type="stmt"/>
        <line num="9" count="0" type="stmt"/>
        <line num="25" count="46" type="stmt"/>
        <line num="28" count="46" type="stmt"/>
        <line num="31" count="46" type="stmt"/>
        <line num="40" count="46" type="stmt"/>
        <line num="47" count="46" type="stmt"/>
        <line num="49" count="46" type="stmt"/>
        <line num="60" count="46" type="stmt"/>
        <line num="67" count="46" type="stmt"/>
        <line num="74" count="46" type="stmt"/>
        <line num="83" count="46" type="stmt"/>
        <line num="94" count="46" type="stmt"/>
        <line num="166" count="46" type="stmt"/>
        <line num="167" count="79" type="cond" truecount="2" falsecount="0"/>
        <line num="168" count="46" type="stmt"/>
        <line num="171" count="79" type="cond" truecount="2" falsecount="0"/>
        <line num="172" count="46" type="stmt"/>
        <line num="175" count="79" type="cond" truecount="2" falsecount="0"/>
        <line num="176" count="77" type="stmt"/>
        <line num="178" count="79" type="cond" truecount="2" falsecount="0"/>
        <line num="179" count="48" type="stmt"/>
        <line num="182" count="79" type="cond" truecount="2" falsecount="0"/>
        <line num="183" count="46" type="stmt"/>
        <line num="186" count="79" type="cond" truecount="2" falsecount="0"/>
        <line num="187" count="46" type="stmt"/>
        <line num="190" count="79" type="cond" truecount="2" falsecount="0"/>
        <line num="191" count="48" type="stmt"/>
        <line num="194" count="79" type="cond" truecount="2" falsecount="0"/>
        <line num="195" count="46" type="stmt"/>
        <line num="198" count="79" type="cond" truecount="2" falsecount="0"/>
        <line num="199" count="46" type="stmt"/>
        <line num="202" count="79" type="cond" truecount="1" falsecount="1"/>
        <line num="203" count="0" type="stmt"/>
        <line num="206" count="79" type="cond" truecount="2" falsecount="0"/>
        <line num="207" count="46" type="stmt"/>
        <line num="210" count="79" type="cond" truecount="2" falsecount="0"/>
        <line num="211" count="46" type="stmt"/>
        <line num="214" count="79" type="cond" truecount="2" falsecount="0"/>
        <line num="215" count="46" type="stmt"/>
        <line num="218" count="79" type="cond" truecount="1" falsecount="1"/>
        <line num="219" count="0" type="stmt"/>
        <line num="223" count="46" type="stmt"/>
      </file>
    </package>
    <package name="src.components">
      <metrics statements="0" coveredstatements="0" conditionals="0" coveredconditionals="0" methods="0" coveredmethods="0"/>
      <file name="index.ts" path="/Users/madsroskar/code/stream/chat/react-native/sdk/support/package/src/components/index.ts">
        <metrics statements="0" coveredstatements="0" conditionals="0" coveredconditionals="0" methods="0" coveredmethods="0"/>
      </file>
    </package>
    <package name="src.components.Attachment">
      <metrics statements="300" coveredstatements="249" conditionals="286" coveredconditionals="186" methods="54" coveredmethods="32"/>
      <file name="Attachment.tsx" path="/Users/madsroskar/code/stream/chat/react-native/sdk/support/package/src/components/Attachment/Attachment.tsx">
        <metrics statements="38" coveredstatements="35" conditionals="57" coveredconditionals="47" methods="3" coveredmethods="3"/>
        <line num="39" count="14" type="stmt"/>
        <line num="53" count="10" type="stmt"/>
        <line num="55" count="10" type="stmt"/>
        <line num="57" count="10" type="cond" truecount="4" falsecount="0"/>
        <line num="58" count="2" type="stmt"/>
        <line num="61" count="8" type="cond" truecount="2" falsecount="0"/>
        <line num="65" count="1" type="stmt"/>
        <line num="68" count="7" type="cond" truecount="2" falsecount="0"/>
        <line num="69" count="2" type="stmt"/>
        <line num="79" count="5" type="cond" truecount="2" falsecount="2"/>
        <line num="80" count="0" type="cond" truecount="0" falsecount="2"/>
        <line num="92" count="5" type="cond" truecount="4" falsecount="0"/>
        <line num="93" count="3" type="stmt"/>
        <line num="96" count="2" type="cond" truecount="1" falsecount="1"/>
        <line num="97" count="0" type="stmt"/>
        <line num="104" count="2" type="stmt"/>
        <line num="108" count="14" type="stmt"/>
        <line num="112" count="8" type="stmt"/>
        <line num="113" count="8" type="stmt"/>
        <line num="116" count="8" type="cond" truecount="3" falsecount="0"/>
        <line num="119" count="8" type="cond" truecount="1" falsecount="1"/>
        <line num="121" count="8" type="cond" truecount="2" falsecount="0"/>
        <line num="122" count="3" type="stmt"/>
        <line num="125" count="5" type="stmt"/>
        <line num="128" count="14" type="stmt"/>
        <line num="153" count="14" type="stmt"/>
        <line num="167" count="17" type="stmt"/>
        <line num="178" count="17" type="stmt"/>
        <line num="180" count="17" type="cond" truecount="1" falsecount="1"/>
        <line num="181" count="0" type="stmt"/>
        <line num="185" count="17" type="cond" truecount="3" falsecount="0"/>
        <line num="186" count="17" type="cond" truecount="3" falsecount="0"/>
        <line num="187" count="17" type="cond" truecount="3" falsecount="0"/>
        <line num="188" count="17" type="cond" truecount="3" falsecount="0"/>
        <line num="189" count="17" type="cond" truecount="3" falsecount="0"/>
        <line num="190" count="17" type="cond" truecount="3" falsecount="0"/>
        <line num="191" count="17" type="cond" truecount="2" falsecount="0"/>
        <line num="193" count="17" type="stmt"/>
      </file>
      <file name="AttachmentActions.tsx" path="/Users/madsroskar/code/stream/chat/react-native/sdk/support/package/src/components/Attachment/AttachmentActions.tsx">
        <metrics statements="19" coveredstatements="15" conditionals="24" coveredconditionals="14" methods="5" coveredmethods="4"/>
        <line num="22" count="14" type="stmt"/>
        <line num="47" count="14" type="stmt"/>
        <line num="52" count="2" type="cond" truecount="1" falsecount="0"/>
        <line num="71" count="2" type="stmt"/>
        <line num="73" count="2" type="stmt"/>
        <line num="76" count="3" type="stmt"/>
        <line num="78" count="3" type="stmt"/>
        <line num="82" count="2" type="cond" truecount="4" falsecount="1"/>
        <line num="83" count="2" type="stmt"/>
        <line num="119" count="14" type="stmt"/>
        <line num="123" count="0" type="stmt"/>
        <line num="124" count="0" type="stmt"/>
        <line num="126" count="0" type="stmt"/>
        <line num="128" count="0" type="stmt"/>
        <line num="131" count="14" type="stmt"/>
        <line num="145" count="14" type="stmt"/>
        <line num="150" count="2" type="stmt"/>
        <line num="151" count="2" type="stmt"/>
        <line num="154" count="14" type="stmt"/>
      </file>
      <file name="Card.tsx" path="/Users/madsroskar/code/stream/chat/react-native/sdk/support/package/src/components/Attachment/Card.tsx">
        <metrics statements="20" coveredstatements="14" conditionals="35" coveredconditionals="16" methods="7" coveredmethods="2"/>
        <line num="31" count="14" type="stmt"/>
        <line num="109" count="14" type="stmt"/>
        <line num="131" count="1" type="stmt"/>
        <line num="152" count="1" type="stmt"/>
        <line num="154" count="1" type="cond" truecount="1" falsecount="1"/>
        <line num="156" count="1" type="cond" truecount="0" falsecount="2"/>
        <line num="158" count="1" type="cond" truecount="1" falsecount="1"/>
        <line num="160" count="1" type="stmt"/>
        <line num="164" count="0" type="cond" truecount="0" falsecount="2"/>
        <line num="165" count="0" type="stmt"/>
        <line num="173" count="0" type="cond" truecount="0" falsecount="2"/>
        <line num="174" count="0" type="stmt"/>
        <line num="183" count="0" type="cond" truecount="0" falsecount="2"/>
        <line num="184" count="0" type="stmt"/>
        <line num="284" count="14" type="stmt"/>
        <line num="300" count="14" type="stmt"/>
        <line num="306" count="1" type="stmt"/>
        <line num="308" count="1" type="stmt"/>
        <line num="310" count="1" type="stmt"/>
        <line num="329" count="14" type="stmt"/>
      </file>
      <file name="FileAttachment.tsx" path="/Users/madsroskar/code/stream/chat/react-native/sdk/support/package/src/components/Attachment/FileAttachment.tsx">
        <metrics statements="24" coveredstatements="16" conditionals="17" coveredconditionals="8" methods="7" coveredmethods="3"/>
        <line num="30" count="14" type="stmt"/>
        <line num="71" count="14" type="stmt"/>
        <line num="87" count="4" type="stmt"/>
        <line num="96" count="4" type="stmt"/>
        <line num="98" count="4" type="stmt"/>
        <line num="100" count="4" type="stmt"/>
        <line num="104" count="0" type="cond" truecount="0" falsecount="2"/>
        <line num="105" count="0" type="stmt"/>
        <line num="112" count="0" type="cond" truecount="0" falsecount="2"/>
        <line num="113" count="0" type="stmt"/>
        <line num="121" count="0" type="cond" truecount="0" falsecount="2"/>
        <line num="122" count="0" type="stmt"/>
        <line num="153" count="14" type="stmt"/>
        <line num="158" count="4" type="stmt"/>
        <line num="163" count="4" type="stmt"/>
        <line num="165" count="4" type="stmt"/>
        <line num="181" count="14" type="stmt"/>
        <line num="182" count="34" type="cond" truecount="2" falsecount="0"/>
        <line num="183" count="1" type="cond" truecount="1" falsecount="1"/>
        <line num="184" count="0" type="stmt"/>
        <line num="187" count="1" type="cond" truecount="1" falsecount="1"/>
        <line num="188" count="1" type="stmt"/>
        <line num="191" count="0" type="stmt"/>
        <line num="194" count="14" type="stmt"/>
      </file>
      <file name="FileAttachmentGroup.tsx" path="/Users/madsroskar/code/stream/chat/react-native/sdk/support/package/src/components/Attachment/FileAttachmentGroup.tsx">
        <metrics statements="20" coveredstatements="20" conditionals="8" coveredconditionals="5" methods="4" coveredmethods="4"/>
        <line num="18" count="13" type="stmt"/>
        <line num="38" count="13" type="stmt"/>
        <line num="43" count="1" type="cond" truecount="1" falsecount="0"/>
        <line num="51" count="1" type="stmt"/>
        <line num="53" count="1" type="stmt"/>
        <line num="56" count="1" type="stmt"/>
        <line num="70" count="13" type="stmt"/>
        <line num="74" count="2" type="stmt"/>
        <line num="75" count="2" type="stmt"/>
        <line num="77" count="2" type="stmt"/>
        <line num="79" count="2" type="stmt"/>
        <line num="82" count="13" type="stmt"/>
        <line num="92" count="13" type="stmt"/>
        <line num="97" count="3" type="stmt"/>
        <line num="99" count="3" type="stmt"/>
        <line num="101" count="3" type="cond" truecount="0" falsecount="1"/>
        <line num="103" count="3" type="cond" truecount="2" falsecount="0"/>
        <line num="105" count="3" type="cond" truecount="1" falsecount="1"/>
        <line num="107" count="3" type="stmt"/>
        <line num="118" count="13" type="stmt"/>
      </file>
      <file name="FileIcon.tsx" path="/Users/madsroskar/code/stream/chat/react-native/sdk/support/package/src/components/Attachment/FileIcon.tsx">
        <metrics statements="43" coveredstatements="43" conditionals="6" coveredconditionals="4" methods="2" coveredmethods="2"/>
        <line num="28" count="14" type="stmt"/>
        <line num="190" count="14" type="stmt"/>
        <line num="208" count="14" type="stmt"/>
        <line num="220" count="14" type="stmt"/>
        <line num="234" count="14" type="stmt"/>
        <line num="249" count="14" type="stmt"/>
        <line num="259" count="14" type="stmt"/>
        <line num="275" count="14" type="stmt"/>
        <line num="292" count="14" type="stmt"/>
        <line num="317" count="14" type="stmt"/>
        <line num="324" count="14" type="stmt"/>
        <line num="364" count="14" type="stmt"/>
        <line num="375" count="14" type="stmt"/>
        <line num="376" count="2184" type="stmt"/>
        <line num="379" count="14" type="stmt"/>
        <line num="380" count="70" type="stmt"/>
        <line num="383" count="14" type="stmt"/>
        <line num="384" count="56" type="stmt"/>
        <line num="387" count="14" type="stmt"/>
        <line num="388" count="56" type="stmt"/>
        <line num="391" count="14" type="stmt"/>
        <line num="392" count="84" type="stmt"/>
        <line num="395" count="14" type="stmt"/>
        <line num="396" count="42" type="stmt"/>
        <line num="399" count="14" type="stmt"/>
        <line num="400" count="56" type="stmt"/>
        <line num="403" count="14" type="stmt"/>
        <line num="404" count="98" type="stmt"/>
        <line num="407" count="14" type="stmt"/>
        <line num="408" count="154" type="stmt"/>
        <line num="411" count="14" type="stmt"/>
        <line num="412" count="28" type="stmt"/>
        <line num="415" count="14" type="stmt"/>
        <line num="416" count="518" type="stmt"/>
        <line num="420" count="24" type="cond" truecount="2" falsecount="0"/>
        <line num="422" count="21" type="stmt"/>
        <line num="423" count="21" type="cond" truecount="1" falsecount="1"/>
        <line num="425" count="21" type="stmt"/>
        <line num="433" count="14" type="stmt"/>
        <line num="440" count="24" type="stmt"/>
        <line num="442" count="24" type="stmt"/>
        <line num="444" count="24" type="cond" truecount="1" falsecount="1"/>
        <line num="447" count="14" type="stmt"/>
      </file>
      <file name="Gallery.tsx" path="/Users/madsroskar/code/stream/chat/react-native/sdk/support/package/src/components/Attachment/Gallery.tsx">
        <metrics statements="79" coveredstatements="61" conditionals="91" coveredconditionals="61" methods="15" coveredmethods="8"/>
        <line num="36" count="14" type="stmt"/>
        <line num="37" count="20" type="stmt"/>
        <line num="39" count="20" type="stmt"/>
        <line num="50" count="14" type="stmt"/>
        <line num="53" count="0" type="stmt"/>
        <line num="56" count="14" type="stmt"/>
        <line num="111" count="14" type="stmt"/>
        <line num="134" count="9" type="stmt"/>
        <line num="156" count="9" type="stmt"/>
        <line num="158" count="9" type="stmt"/>
        <line num="167" count="9" type="cond" truecount="3" falsecount="1"/>
        <line num="168" count="9" type="stmt"/>
        <line num="170" count="9" type="stmt"/>
        <line num="177" count="9" type="cond" truecount="1" falsecount="1"/>
        <line num="178" count="9" type="stmt"/>
        <line num="179" count="9" type="stmt"/>
        <line num="180" count="9" type="stmt"/>
        <line num="182" count="9" type="stmt"/>
        <line num="198" count="13" type="stmt"/>
        <line num="199" count="13" type="stmt"/>
        <line num="211" count="20" type="stmt"/>
        <line num="212" count="0" type="cond" truecount="0" falsecount="4"/>
        <line num="216" count="0" type="stmt"/>
        <line num="217" count="0" type="stmt"/>
        <line num="218" count="0" type="stmt"/>
        <line num="219" count="0" type="cond" truecount="0" falsecount="2"/>
        <line num="220" count="0" type="stmt"/>
        <line num="221" count="0" type="stmt"/>
        <line num="225" count="20" type="stmt"/>
        <line num="226" count="0" type="cond" truecount="0" falsecount="4"/>
        <line num="229" count="0" type="stmt"/>
        <line num="231" count="0" type="stmt"/>
        <line num="235" count="20" type="stmt"/>
        <line num="251" count="20" type="stmt"/>
        <line num="257" count="0" type="cond" truecount="0" falsecount="2"/>
        <line num="258" count="0" type="stmt"/>
        <line num="265" count="0" type="cond" truecount="0" falsecount="2"/>
        <line num="266" count="0" type="stmt"/>
        <line num="274" count="0" type="cond" truecount="0" falsecount="2"/>
        <line num="275" count="0" type="stmt"/>
        <line num="346" count="14" type="stmt"/>
        <line num="356" count="26" type="stmt"/>
        <line num="363" count="26" type="stmt"/>
        <line num="365" count="26" type="stmt"/>
        <line num="366" count="26" type="cond" truecount="1" falsecount="1"/>
        <line num="369" count="26" type="cond" truecount="2" falsecount="0"/>
        <line num="370" count="26" type="cond" truecount="1" falsecount="1"/>
        <line num="372" count="26" type="stmt"/>
        <line num="373" count="26" type="cond" truecount="1" falsecount="1"/>
        <line num="376" count="26" type="cond" truecount="2" falsecount="0"/>
        <line num="379" count="68" type="cond" truecount="2" falsecount="0"/>
        <line num="382" count="26" type="cond" truecount="1" falsecount="1"/>
        <line num="385" count="26" type="cond" truecount="2" falsecount="0"/>
        <line num="388" count="0" type="cond" truecount="0" falsecount="2"/>
        <line num="391" count="26" type="cond" truecount="1" falsecount="1"/>
        <line num="393" count="26" type="stmt"/>
        <line num="396" count="14" type="stmt"/>
        <line num="405" count="14" type="stmt"/>
        <line num="425" count="35" type="stmt"/>
        <line num="427" count="35" type="stmt"/>
        <line num="439" count="35" type="stmt"/>
        <line num="444" count="35" type="stmt"/>
        <line num="445" count="35" type="stmt"/>
        <line num="447" count="35" type="cond" truecount="2" falsecount="0"/>
        <line num="448" count="35" type="cond" truecount="2" falsecount="0"/>
        <line num="450" count="35" type="cond" truecount="2" falsecount="2"/>
        <line num="452" count="35" type="cond" truecount="2" falsecount="0"/>
        <line num="453" count="35" type="cond" truecount="2" falsecount="0"/>
        <line num="454" count="35" type="cond" truecount="2" falsecount="0"/>
        <line num="455" count="35" type="cond" truecount="2" falsecount="0"/>
        <line num="456" count="35" type="cond" truecount="2" falsecount="0"/>
        <line num="457" count="35" type="cond" truecount="2" falsecount="0"/>
        <line num="459" count="35" type="cond" truecount="1" falsecount="1"/>
        <line num="460" count="35" type="cond" truecount="2" falsecount="0"/>
        <line num="461" count="35" type="cond" truecount="2" falsecount="0"/>
        <line num="462" count="35" type="cond" truecount="2" falsecount="0"/>
        <line num="463" count="35" type="cond" truecount="2" falsecount="0"/>
        <line num="465" count="35" type="stmt"/>
        <line num="491" count="14" type="stmt"/>
      </file>
      <file name="Giphy.tsx" path="/Users/madsroskar/code/stream/chat/react-native/sdk/support/package/src/components/Attachment/Giphy.tsx">
        <metrics statements="52" coveredstatements="43" conditionals="48" coveredconditionals="31" methods="10" coveredmethods="6"/>
        <line num="28" count="14" type="stmt"/>
        <line num="135" count="14" type="stmt"/>
        <line num="154" count="10" type="stmt"/>
        <line num="156" count="10" type="stmt"/>
        <line num="179" count="10" type="stmt"/>
        <line num="181" count="10" type="cond" truecount="1" falsecount="1"/>
        <line num="182" count="10" type="stmt"/>
        <line num="184" count="10" type="stmt"/>
        <line num="185" count="0" type="stmt"/>
        <line num="186" count="0" type="stmt"/>
        <line num="187" count="0" type="stmt"/>
        <line num="190" count="10" type="cond" truecount="4" falsecount="0"/>
        <line num="191" count="2" type="stmt"/>
        <line num="192" count="2" type="stmt"/>
        <line num="193" count="2" type="stmt"/>
        <line num="194" count="2" type="stmt"/>
        <line num="197" count="10" type="cond" truecount="1" falsecount="1"/>
        <line num="199" count="10" type="cond" truecount="2" falsecount="0"/>
        <line num="226" count="1" type="cond" truecount="4" falsecount="1"/>
        <line num="227" count="1" type="stmt"/>
        <line num="241" count="1" type="cond" truecount="4" falsecount="1"/>
        <line num="242" count="1" type="stmt"/>
        <line num="256" count="1" type="cond" truecount="4" falsecount="1"/>
        <line num="257" count="1" type="stmt"/>
        <line num="272" count="0" type="cond" truecount="0" falsecount="2"/>
        <line num="273" count="0" type="stmt"/>
        <line num="280" count="0" type="cond" truecount="0" falsecount="2"/>
        <line num="281" count="0" type="stmt"/>
        <line num="289" count="0" type="cond" truecount="0" falsecount="2"/>
        <line num="290" count="0" type="stmt"/>
        <line num="331" count="14" type="stmt"/>
        <line num="339" count="6" type="stmt"/>
        <line num="344" count="6" type="stmt"/>
        <line num="346" count="6" type="stmt"/>
        <line num="347" count="6" type="cond" truecount="1" falsecount="1"/>
        <line num="349" count="6" type="stmt"/>
        <line num="350" count="6" type="cond" truecount="1" falsecount="1"/>
        <line num="353" count="6" type="cond" truecount="5" falsecount="0"/>
        <line num="358" count="6" type="cond" truecount="1" falsecount="1"/>
        <line num="360" count="6" type="stmt"/>
        <line num="361" count="6" type="cond" truecount="1" falsecount="1"/>
        <line num="363" count="6" type="stmt"/>
        <line num="364" count="6" type="cond" truecount="1" falsecount="1"/>
        <line num="366" count="6" type="stmt"/>
        <line num="369" count="14" type="stmt"/>
        <line num="380" count="14" type="stmt"/>
        <line num="386" count="16" type="stmt"/>
        <line num="387" count="16" type="stmt"/>
        <line num="388" count="16" type="stmt"/>
        <line num="389" count="16" type="stmt"/>
        <line num="390" count="16" type="stmt"/>
        <line num="411" count="14" type="stmt"/>
      </file>
      <file name="VideoThumbnail.tsx" path="/Users/madsroskar/code/stream/chat/react-native/sdk/support/package/src/components/Attachment/VideoThumbnail.tsx">
        <metrics statements="5" coveredstatements="2" conditionals="0" coveredconditionals="0" methods="1" coveredmethods="0"/>
        <line num="7" count="14" type="stmt"/>
        <line num="29" count="14" type="stmt"/>
        <line num="36" count="0" type="stmt"/>
        <line num="37" count="0" type="stmt"/>
        <line num="38" count="0" type="stmt"/>
      </file>
    </package>
    <package name="src.components.Attachment.utils">
      <metrics statements="21" coveredstatements="20" conditionals="63" coveredconditionals="48" methods="3" coveredmethods="3"/>
      <file name="getAspectRatio.ts" path="/Users/madsroskar/code/stream/chat/react-native/sdk/support/package/src/components/Attachment/utils/getAspectRatio.ts">
        <metrics statements="4" coveredstatements="3" conditionals="8" coveredconditionals="6" methods="1" coveredmethods="1"/>
        <line num="14" count="49" type="cond" truecount="2" falsecount="2"/>
        <line num="15" count="0" type="stmt"/>
        <line num="20" count="49" type="cond" truecount="4" falsecount="0"/>
        <line num="22" count="42" type="stmt"/>
      </file>
      <file name="getGalleryImageBorderRadius.ts" path="/Users/madsroskar/code/stream/chat/react-native/sdk/support/package/src/components/Attachment/utils/getGalleryImageBorderRadius.ts">
        <metrics statements="8" coveredstatements="8" conditionals="51" coveredconditionals="38" methods="1" coveredmethods="1"/>
        <line num="34" count="20" type="stmt"/>
        <line num="35" count="20" type="cond" truecount="2" falsecount="0"/>
        <line num="37" count="20" type="cond" truecount="6" falsecount="1"/>
        <line num="42" count="20" type="cond" truecount="2" falsecount="0"/>
        <line num="44" count="20" type="cond" truecount="6" falsecount="0"/>
        <line num="47" count="20" type="cond" truecount="6" falsecount="0"/>
        <line num="49" count="20" type="cond" truecount="1" falsecount="1"/>
        <line num="51" count="20" type="stmt"/>
      </file>
      <file name="openUrlSafely.ts" path="/Users/madsroskar/code/stream/chat/react-native/sdk/support/package/src/components/Attachment/utils/openUrlSafely.ts">
        <metrics statements="9" coveredstatements="9" conditionals="4" coveredconditionals="4" methods="1" coveredmethods="1"/>
        <line num="3" count="15" type="stmt"/>
        <line num="4" count="3" type="stmt"/>
        <line num="5" count="3" type="stmt"/>
        <line num="7" count="3" type="cond" truecount="2" falsecount="0"/>
        <line num="8" count="2" type="stmt"/>
        <line num="10" count="3" type="stmt"/>
        <line num="12" count="3" type="cond" truecount="2" falsecount="0"/>
        <line num="13" count="1" type="stmt"/>
        <line num="15" count="2" type="stmt"/>
      </file>
    </package>
    <package name="src.components.Attachment.utils.buildGallery">
      <metrics statements="78" coveredstatements="75" conditionals="63" coveredconditionals="56" methods="13" coveredmethods="13"/>
      <file name="buildGallery.ts" path="/Users/madsroskar/code/stream/chat/react-native/sdk/support/package/src/components/Attachment/utils/buildGallery/buildGallery.ts">
        <metrics statements="7" coveredstatements="7" conditionals="6" coveredconditionals="6" methods="1" coveredmethods="1"/>
        <line num="38" count="35" type="cond" truecount="2" falsecount="0"/>
        <line num="39" count="13" type="stmt"/>
        <line num="45" count="22" type="cond" truecount="2" falsecount="0"/>
        <line num="46" count="9" type="stmt"/>
        <line num="52" count="13" type="cond" truecount="2" falsecount="0"/>
        <line num="53" count="7" type="stmt"/>
        <line num="68" count="6" type="stmt"/>
      </file>
      <file name="buildGalleryOfSingleImage.ts" path="/Users/madsroskar/code/stream/chat/react-native/sdk/support/package/src/components/Attachment/utils/buildGallery/buildGalleryOfSingleImage.ts">
        <metrics statements="21" coveredstatements="19" conditionals="10" coveredconditionals="8" methods="3" coveredmethods="3"/>
        <line num="19" count="20" type="stmt"/>
        <line num="25" count="13" type="stmt"/>
        <line num="26" count="13" type="stmt"/>
        <line num="28" count="13" type="cond" truecount="4" falsecount="0"/>
        <line num="29" count="3" type="stmt"/>
        <line num="32" count="10" type="stmt"/>
        <line num="34" count="10" type="cond" truecount="2" falsecount="0"/>
        <line num="35" count="2" type="stmt"/>
        <line num="36" count="2" type="stmt"/>
        <line num="38" count="2" type="cond" truecount="1" falsecount="1"/>
        <line num="39" count="0" type="stmt"/>
        <line num="44" count="2" type="stmt"/>
        <line num="50" count="8" type="stmt"/>
        <line num="51" count="8" type="stmt"/>
        <line num="53" count="8" type="cond" truecount="1" falsecount="1"/>
        <line num="54" count="0" type="stmt"/>
        <line num="60" count="8" type="stmt"/>
        <line num="75" count="13" type="stmt"/>
        <line num="80" count="13" type="stmt"/>
        <line num="85" count="13" type="stmt"/>
        <line num="87" count="13" type="stmt"/>
      </file>
      <file name="buildGalleryOfThreeImages.ts" path="/Users/madsroskar/code/stream/chat/react-native/sdk/support/package/src/components/Attachment/utils/buildGallery/buildGalleryOfThreeImages.ts">
        <metrics statements="21" coveredstatements="20" conditionals="18" coveredconditionals="15" methods="3" coveredmethods="3"/>
        <line num="12" count="7" type="stmt"/>
        <line num="13" count="7" type="cond" truecount="1" falsecount="1"/>
        <line num="14" count="0" type="stmt"/>
        <line num="16" count="7" type="stmt"/>
        <line num="17" count="7" type="stmt"/>
        <line num="18" count="7" type="stmt"/>
        <line num="19" count="7" type="stmt"/>
        <line num="33" count="7" type="stmt"/>
        <line num="35" count="21" type="stmt"/>
        <line num="36" count="21" type="stmt"/>
        <line num="40" count="21" type="cond" truecount="2" falsecount="0"/>
        <line num="41" count="13" type="cond" truecount="4" falsecount="0"/>
        <line num="42" count="5" type="stmt"/>
        <line num="43" count="5" type="stmt"/>
        <line num="46" count="8" type="cond" truecount="4" falsecount="0"/>
        <line num="47" count="3" type="stmt"/>
        <line num="48" count="3" type="stmt"/>
        <line num="52" count="21" type="stmt"/>
        <line num="66" count="7" type="cond" truecount="2" falsecount="0"/>
        <line num="76" count="5" type="stmt"/>
        <line num="92" count="2" type="stmt"/>
      </file>
      <file name="buildGalleryOfTwoImages.ts" path="/Users/madsroskar/code/stream/chat/react-native/sdk/support/package/src/components/Attachment/utils/buildGallery/buildGalleryOfTwoImages.ts">
        <metrics statements="9" coveredstatements="9" conditionals="10" coveredconditionals="9" methods="1" coveredmethods="1"/>
        <line num="19" count="9" type="stmt"/>
        <line num="20" count="9" type="stmt"/>
        <line num="23" count="9" type="stmt"/>
        <line num="24" count="9" type="stmt"/>
        <line num="27" count="9" type="cond" truecount="4" falsecount="0"/>
        <line num="35" count="5" type="stmt"/>
        <line num="43" count="4" type="cond" truecount="4" falsecount="0"/>
        <line num="52" count="3" type="stmt"/>
        <line num="60" count="1" type="stmt"/>
      </file>
      <file name="buildThumbnail.ts" path="/Users/madsroskar/code/stream/chat/react-native/sdk/support/package/src/components/Attachment/utils/buildGallery/buildThumbnail.ts">
        <metrics statements="4" coveredstatements="4" conditionals="12" coveredconditionals="12" methods="1" coveredmethods="1"/>
        <line num="25" count="76" type="stmt"/>
        <line num="29" count="76" type="cond" truecount="4" falsecount="0"/>
        <line num="32" count="76" type="stmt"/>
        <line num="34" count="76" type="stmt"/>
      </file>
      <file name="buildThumbnailGrid.ts" path="/Users/madsroskar/code/stream/chat/react-native/sdk/support/package/src/components/Attachment/utils/buildGallery/buildThumbnailGrid.ts">
        <metrics statements="16" coveredstatements="16" conditionals="7" coveredconditionals="6" methods="4" coveredmethods="4"/>
        <line num="149" count="22" type="stmt"/>
        <line num="151" count="22" type="stmt"/>
        <line num="152" count="22" type="stmt"/>
        <line num="153" count="22" type="stmt"/>
        <line num="154" count="22" type="stmt"/>
        <line num="155" count="63" type="stmt"/>
        <line num="157" count="40" type="stmt"/>
        <line num="158" count="63" type="cond" truecount="2" falsecount="0"/>
        <line num="162" count="63" type="cond" truecount="2" falsecount="0"/>
        <line num="166" count="63" type="stmt"/>
        <line num="167" count="63" type="stmt"/>
        <line num="174" count="63" type="cond" truecount="2" falsecount="0"/>
        <line num="175" count="40" type="stmt"/>
        <line num="178" count="63" type="stmt"/>
        <line num="179" count="63" type="stmt"/>
        <line num="182" count="22" type="stmt"/>
      </file>
    </package>
    <package name="src.components.AttachmentPicker">
      <metrics statements="120" coveredstatements="49" conditionals="109" coveredconditionals="23" methods="27" coveredmethods="8"/>
      <file name="AttachmentPicker.tsx" path="/Users/madsroskar/code/stream/chat/react-native/sdk/support/package/src/components/AttachmentPicker/AttachmentPicker.tsx">
        <metrics statements="120" coveredstatements="49" conditionals="109" coveredconditionals="23" methods="27" coveredmethods="8"/>
        <line num="33" count="12" type="stmt"/>
        <line num="35" count="12" type="stmt"/>
        <line num="57" count="12" type="stmt"/>
        <line num="58" count="12" type="stmt"/>
        <line num="75" count="12" type="stmt"/>
        <line num="84" count="0" type="stmt"/>
        <line num="91" count="0" type="stmt"/>
        <line num="93" count="0" type="stmt"/>
        <line num="95" count="0" type="cond" truecount="0" falsecount="2"/>
        <line num="97" count="0" type="stmt"/>
        <line num="99" count="0" type="stmt"/>
        <line num="101" count="0" type="cond" truecount="0" falsecount="2"/>
        <line num="102" count="0" type="stmt"/>
        <line num="103" count="0" type="cond" truecount="0" falsecount="2"/>
        <line num="104" count="0" type="stmt"/>
        <line num="107" count="0" type="stmt"/>
        <line num="110" count="0" type="cond" truecount="0" falsecount="2"/>
        <line num="112" count="0" type="stmt"/>
        <line num="114" count="0" type="cond" truecount="0" falsecount="2"/>
        <line num="115" count="0" type="cond" truecount="0" falsecount="2"/>
        <line num="116" count="0" type="stmt"/>
        <line num="118" count="0" type="stmt"/>
        <line num="119" count="0" type="cond" truecount="0" falsecount="2"/>
        <line num="120" count="0" type="stmt"/>
        <line num="121" count="0" type="stmt"/>
        <line num="123" count="0" type="stmt"/>
        <line num="137" count="0" type="stmt"/>
        <line num="168" count="12" type="stmt"/>
        <line num="177" count="0" type="stmt"/>
        <line num="183" count="0" type="stmt"/>
        <line num="185" count="0" type="cond" truecount="0" falsecount="2"/>
        <line num="187" count="0" type="stmt"/>
        <line num="189" count="0" type="stmt"/>
        <line num="190" count="0" type="cond" truecount="0" falsecount="2"/>
        <line num="191" count="0" type="stmt"/>
        <line num="193" count="0" type="stmt"/>
        <line num="194" count="0" type="cond" truecount="0" falsecount="2"/>
        <line num="195" count="0" type="stmt"/>
        <line num="196" count="0" type="stmt"/>
        <line num="198" count="0" type="stmt"/>
        <line num="203" count="0" type="stmt"/>
        <line num="226" count="12" type="stmt"/>
        <line num="236" count="0" type="stmt"/>
        <line num="238" count="0" type="cond" truecount="0" falsecount="2"/>
        <line num="240" count="0" type="cond" truecount="0" falsecount="2"/>
        <line num="248" count="0" type="cond" truecount="0" falsecount="2"/>
        <line num="305" count="12" type="stmt"/>
        <line num="319" count="215" type="stmt"/>
        <line num="326" count="215" type="stmt"/>
        <line num="337" count="215" type="stmt"/>
        <line num="339" count="215" type="stmt"/>
        <line num="340" count="215" type="stmt"/>
        <line num="341" count="215" type="stmt"/>
        <line num="342" count="215" type="stmt"/>
        <line num="343" count="215" type="stmt"/>
        <line num="344" count="215" type="stmt"/>
        <line num="345" count="215" type="stmt"/>
        <line num="347" count="215" type="stmt"/>
        <line num="348" count="0" type="cond" truecount="0" falsecount="6"/>
        <line num="349" count="0" type="stmt"/>
        <line num="350" count="0" type="stmt"/>
        <line num="351" count="0" type="stmt"/>
        <line num="355" count="0" type="cond" truecount="0" falsecount="2"/>
        <line num="356" count="0" type="stmt"/>
        <line num="358" count="0" type="stmt"/>
        <line num="360" count="0" type="stmt"/>
        <line num="361" count="0" type="cond" truecount="0" falsecount="2"/>
        <line num="363" count="0" type="stmt"/>
        <line num="364" count="0" type="stmt"/>
        <line num="366" count="0" type="stmt"/>
        <line num="370" count="215" type="stmt"/>
        <line num="371" count="61" type="stmt"/>
        <line num="372" count="0" type="cond" truecount="0" falsecount="2"/>
        <line num="373" count="0" type="stmt"/>
        <line num="374" count="0" type="stmt"/>
        <line num="375" count="0" type="stmt"/>
        <line num="378" count="0" type="stmt"/>
        <line num="381" count="61" type="stmt"/>
        <line num="383" count="61" type="stmt"/>
        <line num="386" count="215" type="stmt"/>
        <line num="387" count="60" type="stmt"/>
        <line num="388" count="0" type="cond" truecount="0" falsecount="2"/>
        <line num="389" count="0" type="stmt"/>
        <line num="391" count="0" type="stmt"/>
        <line num="396" count="0" type="stmt"/>
        <line num="397" count="0" type="stmt"/>
        <line num="402" count="60" type="cond" truecount="1" falsecount="1"/>
        <line num="406" count="60" type="stmt"/>
        <line num="407" count="60" type="cond" truecount="1" falsecount="1"/>
        <line num="408" count="60" type="stmt"/>
        <line num="409" count="60" type="stmt"/>
        <line num="413" count="0" type="cond" truecount="0" falsecount="2"/>
        <line num="414" count="0" type="stmt"/>
        <line num="416" count="0" type="stmt"/>
        <line num="418" count="0" type="cond" truecount="0" falsecount="2"/>
        <line num="419" count="0" type="stmt"/>
        <line num="424" count="215" type="stmt"/>
        <line num="425" count="60" type="cond" truecount="1" falsecount="1"/>
        <line num="426" count="60" type="stmt"/>
        <line num="427" count="60" type="cond" truecount="1" falsecount="1"/>
        <line num="428" count="60" type="stmt"/>
        <line num="429" count="60" type="stmt"/>
        <line num="434" count="215" type="stmt"/>
        <line num="435" count="61" type="cond" truecount="1" falsecount="1"/>
        <line num="441" count="0" type="stmt"/>
        <line num="442" count="0" type="stmt"/>
        <line num="446" count="215" type="stmt"/>
        <line num="453" count="0" type="cond" truecount="0" falsecount="2"/>
        <line num="454" count="0" type="stmt"/>
        <line num="459" count="215" type="cond" truecount="2" falsecount="0"/>
        <line num="467" count="215" type="cond" truecount="2" falsecount="0"/>
        <line num="468" count="215" type="stmt"/>
        <line num="470" count="215" type="cond" truecount="1" falsecount="1"/>
        <line num="487" count="215" type="cond" truecount="3" falsecount="1"/>
        <line num="492" count="215" type="cond" truecount="1" falsecount="1"/>
        <line num="500" count="215" type="stmt"/>
        <line num="501" count="60" type="stmt"/>
        <line num="505" count="215" type="stmt"/>
        <line num="531" count="0" type="stmt"/>
        <line num="550" count="12" type="stmt"/>
      </file>
    </package>
    <package name="src.components.AttachmentPicker.components">
      <metrics statements="57" coveredstatements="26" conditionals="20" coveredconditionals="5" methods="15" coveredmethods="4"/>
      <file name="AttachmentPickerBottomSheetHandle.tsx" path="/Users/madsroskar/code/stream/chat/react-native/sdk/support/package/src/components/AttachmentPicker/components/AttachmentPickerBottomSheetHandle.tsx">
        <metrics statements="5" coveredstatements="2" conditionals="4" coveredconditionals="0" methods="2" coveredmethods="0"/>
        <line num="7" count="12" type="stmt"/>
        <line num="22" count="12" type="stmt"/>
        <line num="27" count="0" type="stmt"/>
        <line num="29" count="0" type="stmt"/>
        <line num="34" count="0" type="stmt"/>
      </file>
      <file name="AttachmentPickerError.tsx" path="/Users/madsroskar/code/stream/chat/react-native/sdk/support/package/src/components/AttachmentPicker/components/AttachmentPickerError.tsx">
        <metrics statements="13" coveredstatements="2" conditionals="6" coveredconditionals="0" methods="2" coveredmethods="0"/>
        <line num="8" count="12" type="stmt"/>
        <line num="39" count="12" type="stmt"/>
        <line num="45" count="0" type="stmt"/>
        <line num="52" count="0" type="stmt"/>
        <line num="53" count="0" type="stmt"/>
        <line num="55" count="0" type="stmt"/>
        <line num="57" count="0" type="stmt"/>
        <line num="58" count="0" type="stmt"/>
        <line num="59" count="0" type="stmt"/>
        <line num="60" count="0" type="stmt"/>
        <line num="61" count="0" type="stmt"/>
        <line num="63" count="0" type="stmt"/>
        <line num="67" count="0" type="stmt"/>
      </file>
      <file name="AttachmentPickerErrorImage.tsx" path="/Users/madsroskar/code/stream/chat/react-native/sdk/support/package/src/components/AttachmentPicker/components/AttachmentPickerErrorImage.tsx">
        <metrics statements="3" coveredstatements="1" conditionals="0" coveredconditionals="0" methods="1" coveredmethods="0"/>
        <line num="6" count="12" type="stmt"/>
        <line num="11" count="0" type="stmt"/>
        <line num="13" count="0" type="stmt"/>
      </file>
      <file name="AttachmentSelectionBar.tsx" path="/Users/madsroskar/code/stream/chat/react-native/sdk/support/package/src/components/AttachmentPicker/components/AttachmentSelectionBar.tsx">
        <metrics statements="22" coveredstatements="9" conditionals="8" coveredconditionals="4" methods="6" coveredmethods="1"/>
        <line num="10" count="5" type="stmt"/>
        <line num="21" count="5" type="stmt"/>
        <line num="31" count="1" type="stmt"/>
        <line num="33" count="1" type="stmt"/>
        <line num="39" count="1" type="stmt"/>
        <line num="41" count="1" type="stmt"/>
        <line num="42" count="0" type="cond" truecount="0" falsecount="2"/>
        <line num="43" count="0" type="stmt"/>
        <line num="44" count="0" type="stmt"/>
        <line num="46" count="0" type="stmt"/>
        <line num="50" count="1" type="stmt"/>
        <line num="51" count="0" type="stmt"/>
        <line num="52" count="0" type="stmt"/>
        <line num="53" count="0" type="stmt"/>
        <line num="56" count="1" type="stmt"/>
        <line num="57" count="0" type="stmt"/>
        <line num="58" count="0" type="stmt"/>
        <line num="59" count="0" type="stmt"/>
        <line num="60" count="0" type="cond" truecount="0" falsecount="2"/>
        <line num="61" count="0" type="stmt"/>
        <line num="65" count="1" type="stmt"/>
        <line num="69" count="0" type="stmt"/>
      </file>
      <file name="CameraSelectorIcon.tsx" path="/Users/madsroskar/code/stream/chat/react-native/sdk/support/package/src/components/AttachmentPicker/components/CameraSelectorIcon.tsx">
        <metrics statements="3" coveredstatements="3" conditionals="0" coveredconditionals="0" methods="1" coveredmethods="1"/>
        <line num="6" count="12" type="stmt"/>
        <line num="11" count="1" type="stmt"/>
        <line num="13" count="1" type="stmt"/>
      </file>
      <file name="FileSelectorIcon.tsx" path="/Users/madsroskar/code/stream/chat/react-native/sdk/support/package/src/components/AttachmentPicker/components/FileSelectorIcon.tsx">
        <metrics statements="3" coveredstatements="3" conditionals="0" coveredconditionals="0" methods="1" coveredmethods="1"/>
        <line num="6" count="12" type="stmt"/>
        <line num="11" count="1" type="stmt"/>
        <line num="13" count="1" type="stmt"/>
      </file>
      <file name="ImageOverlaySelectedComponent.tsx" path="/Users/madsroskar/code/stream/chat/react-native/sdk/support/package/src/components/AttachmentPicker/components/ImageOverlaySelectedComponent.tsx">
        <metrics statements="5" coveredstatements="3" conditionals="0" coveredconditionals="0" methods="1" coveredmethods="0"/>
        <line num="7" count="12" type="stmt"/>
        <line num="17" count="12" type="stmt"/>
        <line num="25" count="0" type="stmt"/>
        <line num="26" count="0" type="stmt"/>
        <line num="33" count="12" type="stmt"/>
      </file>
      <file name="ImageSelectorIcon.tsx" path="/Users/madsroskar/code/stream/chat/react-native/sdk/support/package/src/components/AttachmentPicker/components/ImageSelectorIcon.tsx">
        <metrics statements="3" coveredstatements="3" conditionals="2" coveredconditionals="1" methods="1" coveredmethods="1"/>
        <line num="10" count="12" type="stmt"/>
        <line num="15" count="1" type="stmt"/>
        <line num="17" count="1" type="cond" truecount="1" falsecount="1"/>
      </file>
    </package>
    <package name="src.components.AutoCompleteInput">
      <metrics statements="257" coveredstatements="82" conditionals="184" coveredconditionals="22" methods="44" coveredmethods="10"/>
      <file name="AutoCompleteInput.tsx" path="/Users/madsroskar/code/stream/chat/react-native/sdk/support/package/src/components/AutoCompleteInput/AutoCompleteInput.tsx">
        <metrics statements="154" coveredstatements="61" conditionals="114" coveredconditionals="22" methods="27" coveredmethods="10"/>
        <line num="35" count="14" type="stmt"/>
        <line num="46" count="14" type="stmt"/>
        <line num="47" count="0" type="stmt"/>
        <line num="49" count="14" type="cond" truecount="1" falsecount="1"/>
        <line num="86" count="14" type="stmt"/>
        <line num="111" count="19" type="stmt"/>
        <line num="113" count="19" type="stmt"/>
        <line num="114" count="19" type="stmt"/>
        <line num="115" count="19" type="stmt"/>
        <line num="122" count="19" type="stmt"/>
        <line num="124" count="19" type="cond" truecount="0" falsecount="1"/>
        <line num="125" count="13" type="cond" truecount="1" falsecount="1"/>
        <line num="126" count="0" type="stmt"/>
        <line num="128" count="13" type="stmt"/>
        <line num="132" count="19" type="stmt"/>
        <line num="133" count="13" type="stmt"/>
        <line num="136" count="19" type="stmt"/>
        <line num="137" count="0" type="stmt"/>
        <line num="138" count="0" type="cond" truecount="0" falsecount="2"/>
        <line num="139" count="0" type="stmt"/>
        <line num="140" count="0" type="stmt"/>
        <line num="141" count="0" type="stmt"/>
        <line num="145" count="19" type="stmt"/>
        <line num="146" count="3" type="stmt"/>
        <line num="147" count="3" type="stmt"/>
        <line num="150" count="19" type="stmt"/>
        <line num="157" count="0" type="cond" truecount="0" falsecount="2"/>
        <line num="158" count="0" type="stmt"/>
        <line num="159" count="0" type="cond" truecount="0" falsecount="2"/>
        <line num="160" count="0" type="stmt"/>
        <line num="164" count="0" type="cond" truecount="0" falsecount="2"/>
        <line num="165" count="0" type="stmt"/>
        <line num="167" count="0" type="stmt"/>
        <line num="179" count="0" type="cond" truecount="0" falsecount="2"/>
        <line num="180" count="0" type="stmt"/>
        <line num="181" count="0" type="cond" truecount="0" falsecount="2"/>
        <line num="182" count="0" type="stmt"/>
        <line num="186" count="0" type="cond" truecount="0" falsecount="2"/>
        <line num="187" count="0" type="stmt"/>
        <line num="190" count="0" type="stmt"/>
        <line num="192" count="0" type="stmt"/>
        <line num="202" count="0" type="stmt"/>
        <line num="203" count="0" type="cond" truecount="0" falsecount="2"/>
        <line num="204" count="0" type="stmt"/>
        <line num="205" count="0" type="cond" truecount="0" falsecount="2"/>
        <line num="206" count="0" type="stmt"/>
        <line num="209" count="0" type="stmt"/>
        <line num="211" count="0" type="stmt"/>
        <line num="219" count="19" type="stmt"/>
        <line num="224" count="0" type="stmt"/>
        <line num="227" count="19" type="stmt"/>
        <line num="234" count="0" type="cond" truecount="0" falsecount="4"/>
        <line num="235" count="0" type="stmt"/>
        <line num="238" count="0" type="stmt"/>
        <line num="239" count="0" type="cond" truecount="0" falsecount="4"/>
        <line num="240" count="0" type="stmt"/>
        <line num="241" count="0" type="cond" truecount="0" falsecount="2"/>
        <line num="242" count="0" type="stmt"/>
        <line num="245" count="0" type="cond" truecount="0" falsecount="4"/>
        <line num="246" count="0" type="stmt"/>
        <line num="247" count="0" type="cond" truecount="0" falsecount="2"/>
        <line num="248" count="0" type="stmt"/>
        <line num="251" count="0" type="cond" truecount="0" falsecount="4"/>
        <line num="252" count="0" type="stmt"/>
        <line num="253" count="0" type="cond" truecount="0" falsecount="2"/>
        <line num="254" count="0" type="stmt"/>
        <line num="258" count="0" type="stmt"/>
        <line num="260" count="0" type="stmt"/>
        <line num="262" count="0" type="stmt"/>
        <line num="264" count="0" type="stmt"/>
        <line num="266" count="0" type="stmt"/>
        <line num="268" count="0" type="stmt"/>
        <line num="270" count="0" type="cond" truecount="0" falsecount="4"/>
        <line num="271" count="0" type="stmt"/>
        <line num="272" count="0" type="stmt"/>
        <line num="274" count="0" type="stmt"/>
        <line num="277" count="0" type="cond" truecount="0" falsecount="2"/>
        <line num="279" count="0" type="cond" truecount="0" falsecount="4"/>
        <line num="280" count="0" type="stmt"/>
        <line num="281" count="0" type="cond" truecount="0" falsecount="2"/>
        <line num="282" count="0" type="stmt"/>
        <line num="287" count="19" type="stmt"/>
        <line num="288" count="3" type="cond" truecount="1" falsecount="1"/>
        <line num="289" count="3" type="stmt"/>
        <line num="292" count="0" type="cond" truecount="0" falsecount="2"/>
        <line num="293" count="0" type="stmt"/>
        <line num="295" count="0" type="stmt"/>
        <line num="296" count="0" type="stmt"/>
        <line num="298" count="0" type="stmt"/>
        <line num="301" count="19" type="stmt"/>
        <line num="302" count="0" type="stmt"/>
        <line num="304" count="0" type="cond" truecount="0" falsecount="3"/>
        <line num="311" count="0" type="cond" truecount="0" falsecount="4"/>
        <line num="312" count="0" type="stmt"/>
        <line num="313" count="0" type="stmt"/>
        <line num="316" count="0" type="stmt"/>
        <line num="319" count="0" type="cond" truecount="0" falsecount="2"/>
        <line num="320" count="0" type="stmt"/>
        <line num="323" count="0" type="cond" truecount="0" falsecount="2"/>
        <line num="324" count="0" type="stmt"/>
        <line num="327" count="0" type="stmt"/>
        <line num="330" count="19" type="stmt"/>
        <line num="331" count="3" type="stmt"/>
        <line num="333" count="3" type="cond" truecount="2" falsecount="1"/>
        <line num="340" count="3" type="cond" truecount="2" falsecount="2"/>
        <line num="341" count="3" type="stmt"/>
        <line num="342" count="3" type="stmt"/>
        <line num="345" count="0" type="stmt"/>
        <line num="348" count="0" type="cond" truecount="0" falsecount="2"/>
        <line num="349" count="0" type="stmt"/>
        <line num="352" count="0" type="cond" truecount="0" falsecount="2"/>
        <line num="353" count="0" type="stmt"/>
        <line num="356" count="0" type="stmt"/>
        <line num="359" count="19" type="stmt"/>
        <line num="360" count="3" type="cond" truecount="1" falsecount="1"/>
        <line num="364" count="0" type="stmt"/>
        <line num="365" count="3" type="cond" truecount="1" falsecount="1"/>
        <line num="366" count="3" type="stmt"/>
        <line num="369" count="3" type="cond" truecount="1" falsecount="1"/>
        <line num="370" count="0" type="stmt"/>
        <line num="372" count="3" type="stmt"/>
        <line num="375" count="3" type="stmt"/>
        <line num="380" count="19" type="cond" truecount="1" falsecount="1"/>
        <line num="386" count="19" type="stmt"/>
        <line num="390" count="19" type="stmt"/>
        <line num="395" count="0" type="cond" truecount="0" falsecount="4"/>
        <line num="396" count="0" type="stmt"/>
        <line num="397" count="0" type="stmt"/>
        <line num="399" count="0" type="stmt"/>
        <line num="407" count="0" type="cond" truecount="0" falsecount="2"/>
        <line num="408" count="0" type="stmt"/>
        <line num="427" count="0" type="cond" truecount="0" falsecount="2"/>
        <line num="428" count="0" type="stmt"/>
        <line num="430" count="0" type="stmt"/>
        <line num="436" count="14" type="stmt"/>
        <line num="445" count="92" type="stmt"/>
        <line num="451" count="92" type="stmt"/>
        <line num="453" count="92" type="stmt"/>
        <line num="454" count="92" type="cond" truecount="1" falsecount="1"/>
        <line num="456" count="92" type="stmt"/>
        <line num="457" count="92" type="cond" truecount="2" falsecount="0"/>
        <line num="459" count="86" type="stmt"/>
        <line num="460" count="86" type="cond" truecount="2" falsecount="0"/>
        <line num="462" count="82" type="stmt"/>
        <line num="463" count="82" type="cond" truecount="1" falsecount="1"/>
        <line num="465" count="82" type="stmt"/>
        <line num="468" count="14" type="stmt"/>
        <line num="473" count="14" type="stmt"/>
        <line num="478" count="101" type="stmt"/>
        <line num="493" count="101" type="stmt"/>
        <line num="495" count="101" type="stmt"/>
        <line num="496" count="101" type="stmt"/>
        <line num="498" count="101" type="stmt"/>
        <line num="525" count="14" type="stmt"/>
      </file>
      <file name="AutoCompleteSuggestionCommandIcon.tsx" path="/Users/madsroskar/code/stream/chat/react-native/sdk/support/package/src/components/AutoCompleteInput/AutoCompleteSuggestionCommandIcon.tsx">
        <metrics statements="12" coveredstatements="2" conditionals="8" coveredconditionals="0" methods="1" coveredmethods="0"/>
        <line num="9" count="13" type="stmt"/>
        <line num="20" count="13" type="stmt"/>
        <line num="36" count="0" type="stmt"/>
        <line num="37" count="0" type="cond" truecount="0" falsecount="8"/>
        <line num="39" count="0" type="stmt"/>
        <line num="45" count="0" type="stmt"/>
        <line num="51" count="0" type="stmt"/>
        <line num="57" count="0" type="stmt"/>
        <line num="63" count="0" type="stmt"/>
        <line num="69" count="0" type="stmt"/>
        <line num="75" count="0" type="stmt"/>
        <line num="81" count="0" type="stmt"/>
      </file>
      <file name="AutoCompleteSuggestionHeader.tsx" path="/Users/madsroskar/code/stream/chat/react-native/sdk/support/package/src/components/AutoCompleteInput/AutoCompleteSuggestionHeader.tsx">
        <metrics statements="23" coveredstatements="6" conditionals="10" coveredconditionals="0" methods="3" coveredmethods="0"/>
        <line num="16" count="13" type="stmt"/>
        <line num="28" count="13" type="stmt"/>
        <line num="34" count="0" type="stmt"/>
        <line num="44" count="0" type="stmt"/>
        <line num="46" count="0" type="cond" truecount="0" falsecount="2"/>
        <line num="47" count="0" type="stmt"/>
        <line num="55" count="0" type="cond" truecount="0" falsecount="2"/>
        <line num="56" count="0" type="stmt"/>
        <line num="64" count="0" type="cond" truecount="0" falsecount="2"/>
        <line num="65" count="0" type="stmt"/>
        <line num="67" count="0" type="stmt"/>
        <line num="71" count="13" type="stmt"/>
        <line num="75" count="0" type="stmt"/>
        <line num="76" count="0" type="stmt"/>
        <line num="78" count="0" type="stmt"/>
        <line num="79" count="0" type="cond" truecount="0" falsecount="2"/>
        <line num="81" count="0" type="stmt"/>
        <line num="82" count="0" type="cond" truecount="0" falsecount="2"/>
        <line num="83" count="0" type="stmt"/>
        <line num="86" count="13" type="stmt"/>
        <line num="95" count="13" type="stmt"/>
        <line num="99" count="0" type="stmt"/>
        <line num="101" count="13" type="stmt"/>
      </file>
      <file name="AutoCompleteSuggestionItem.tsx" path="/Users/madsroskar/code/stream/chat/react-native/sdk/support/package/src/components/AutoCompleteInput/AutoCompleteSuggestionItem.tsx">
        <metrics statements="26" coveredstatements="6" conditionals="14" coveredconditionals="0" methods="4" coveredmethods="0"/>
        <line num="24" count="13" type="stmt"/>
        <line num="58" count="13" type="stmt"/>
        <line num="75" count="0" type="stmt"/>
        <line num="77" count="0" type="cond" truecount="0" falsecount="2"/>
        <line num="78" count="0" type="stmt"/>
        <line num="79" count="0" type="stmt"/>
        <line num="90" count="0" type="cond" truecount="0" falsecount="2"/>
        <line num="91" count="0" type="stmt"/>
        <line num="92" count="0" type="stmt"/>
        <line num="102" count="0" type="cond" truecount="0" falsecount="2"/>
        <line num="103" count="0" type="stmt"/>
        <line num="104" count="0" type="stmt"/>
        <line num="108" count="0" type="cond" truecount="0" falsecount="2"/>
        <line num="116" count="0" type="stmt"/>
        <line num="120" count="13" type="stmt"/>
        <line num="124" count="0" type="stmt"/>
        <line num="125" count="0" type="stmt"/>
        <line num="126" count="0" type="stmt"/>
        <line num="127" count="0" type="cond" truecount="0" falsecount="2"/>
        <line num="128" count="0" type="stmt"/>
        <line num="129" count="0" type="cond" truecount="0" falsecount="2"/>
        <line num="130" count="0" type="stmt"/>
        <line num="133" count="13" type="stmt"/>
        <line num="142" count="13" type="stmt"/>
        <line num="146" count="0" type="stmt"/>
        <line num="148" count="13" type="stmt"/>
      </file>
      <file name="AutoCompleteSuggestionList.tsx" path="/Users/madsroskar/code/stream/chat/react-native/sdk/support/package/src/components/AutoCompleteInput/AutoCompleteSuggestionList.tsx">
        <metrics statements="42" coveredstatements="7" conditionals="38" coveredconditionals="0" methods="9" coveredmethods="0"/>
        <line num="34" count="13" type="stmt"/>
        <line num="35" count="0" type="stmt"/>
        <line num="36" count="0" type="stmt"/>
        <line num="39" count="13" type="stmt"/>
        <line num="41" count="13" type="stmt"/>
        <line num="54" count="0" type="stmt"/>
        <line num="64" count="0" type="stmt"/>
        <line num="66" count="0" type="stmt"/>
        <line num="67" count="0" type="cond" truecount="0" falsecount="4"/>
        <line num="69" count="0" type="cond" truecount="0" falsecount="2"/>
        <line num="70" count="0" type="stmt"/>
        <line num="73" count="0" type="stmt"/>
        <line num="89" count="0" type="stmt"/>
        <line num="91" count="0" type="cond" truecount="0" falsecount="2"/>
        <line num="92" count="0" type="stmt"/>
        <line num="95" count="0" type="stmt"/>
        <line num="105" count="0" type="stmt"/>
        <line num="107" count="0" type="cond" truecount="0" falsecount="2"/>
        <line num="108" count="0" type="stmt"/>
        <line num="111" count="0" type="stmt"/>
        <line num="121" count="0" type="stmt"/>
        <line num="123" count="0" type="stmt"/>
        <line num="127" count="0" type="cond" truecount="0" falsecount="4"/>
        <line num="129" count="0" type="stmt"/>
        <line num="134" count="0" type="cond" truecount="0" falsecount="4"/>
        <line num="147" count="13" type="stmt"/>
        <line num="156" count="0" type="stmt"/>
        <line num="162" count="0" type="stmt"/>
        <line num="164" count="0" type="stmt"/>
        <line num="165" count="0" type="cond" truecount="0" falsecount="2"/>
        <line num="167" count="0" type="stmt"/>
        <line num="168" count="0" type="cond" truecount="0" falsecount="2"/>
        <line num="170" count="0" type="stmt"/>
        <line num="171" count="0" type="cond" truecount="0" falsecount="2"/>
        <line num="173" count="0" type="stmt"/>
        <line num="174" count="0" type="cond" truecount="0" falsecount="2"/>
        <line num="176" count="0" type="stmt"/>
        <line num="179" count="13" type="stmt"/>
        <line num="193" count="13" type="stmt"/>
        <line num="199" count="0" type="stmt"/>
        <line num="201" count="0" type="stmt"/>
        <line num="209" count="13" type="stmt"/>
      </file>
    </package>
    <package name="src.components.Avatar">
      <metrics statements="39" coveredstatements="34" conditionals="63" coveredconditionals="35" methods="11" coveredmethods="7"/>
      <file name="Avatar.tsx" path="/Users/madsroskar/code/stream/chat/react-native/sdk/support/package/src/components/Avatar/Avatar.tsx">
        <metrics statements="14" coveredstatements="11" conditionals="18" coveredconditionals="12" methods="4" coveredmethods="1"/>
        <line num="8" count="20" type="stmt"/>
        <line num="9" count="20" type="stmt"/>
        <line num="10" count="20" type="stmt"/>
        <line num="12" count="20" type="stmt"/>
        <line num="27" count="20" type="stmt"/>
        <line num="28" count="0" type="stmt"/>
        <line num="31" count="0" type="stmt"/>
        <line num="52" count="20" type="stmt"/>
        <line num="63" count="93" type="stmt"/>
        <line num="69" count="93" type="stmt"/>
        <line num="71" count="93" type="stmt"/>
        <line num="73" count="93" type="stmt"/>
        <line num="89" count="0" type="stmt"/>
        <line num="141" count="20" type="stmt"/>
      </file>
      <file name="GroupAvatar.tsx" path="/Users/madsroskar/code/stream/chat/react-native/sdk/support/package/src/components/Avatar/GroupAvatar.tsx">
        <metrics statements="25" coveredstatements="23" conditionals="45" coveredconditionals="23" methods="7" coveredmethods="6"/>
        <line num="7" count="4" type="stmt"/>
        <line num="8" count="4" type="stmt"/>
        <line num="9" count="4" type="stmt"/>
        <line num="11" count="4" type="stmt"/>
        <line num="18" count="4" type="stmt"/>
        <line num="19" count="6" type="stmt"/>
        <line num="22" count="6" type="stmt"/>
        <line num="39" count="4" type="stmt"/>
        <line num="40" count="8" type="stmt"/>
        <line num="45" count="8" type="stmt"/>
        <line num="47" count="8" type="stmt"/>
        <line num="61" count="8" type="cond" truecount="1" falsecount="2"/>
        <line num="62" count="8" type="stmt"/>
        <line num="63" count="6" type="cond" truecount="1" falsecount="1"/>
        <line num="72" count="6" type="cond" truecount="1" falsecount="1"/>
        <line num="73" count="0" type="stmt"/>
        <line num="83" count="6" type="cond" truecount="2" falsecount="0"/>
        <line num="84" count="4" type="stmt"/>
        <line num="94" count="2" type="stmt"/>
        <line num="105" count="6" type="stmt"/>
        <line num="108" count="8" type="stmt"/>
        <line num="119" count="4" type="stmt"/>
        <line num="129" count="6" type="stmt"/>
        <line num="132" count="0" type="stmt"/>
        <line num="165" count="4" type="stmt"/>
      </file>
    </package>
    <package name="src.components.Channel">
      <metrics statements="437" coveredstatements="197" conditionals="376" coveredconditionals="168" methods="66" coveredmethods="28"/>
      <file name="Channel.tsx" path="/Users/madsroskar/code/stream/chat/react-native/sdk/support/package/src/components/Channel/Channel.tsx">
        <metrics statements="437" coveredstatements="197" conditionals="376" coveredconditionals="168" methods="66" coveredmethods="28"/>
        <line num="134" count="13" type="stmt"/>
        <line num="138" count="13" type="stmt"/>
        <line num="165" count="13" type="stmt"/>
        <line num="167" count="13" type="stmt"/>
        <line num="168" count="13" type="stmt"/>
        <line num="169" count="13" type="stmt"/>
        <line num="173" count="13" type="stmt"/>
        <line num="182" count="13" type="stmt"/>
        <line num="384" count="13" type="stmt"/>
        <line num="542" count="1028" type="stmt"/>
        <line num="549" count="1028" type="stmt"/>
        <line num="550" count="1028" type="stmt"/>
        <line num="551" count="1028" type="stmt"/>
        <line num="552" count="1028" type="stmt"/>
        <line num="553" count="1028" type="stmt"/>
        <line num="554" count="1028" type="stmt"/>
        <line num="555" count="1028" type="stmt"/>
        <line num="556" count="1028" type="stmt"/>
        <line num="558" count="1028" type="stmt"/>
        <line num="560" count="1028" type="stmt"/>
        <line num="561" count="1028" type="stmt"/>
        <line num="564" count="1028" type="stmt"/>
        <line num="565" count="1028" type="stmt"/>
        <line num="567" count="1028" type="stmt"/>
        <line num="569" count="1028" type="stmt"/>
        <line num="571" count="1028" type="cond" truecount="2" falsecount="0"/>
        <line num="572" count="1028" type="stmt"/>
        <line num="573" count="99" type="stmt"/>
        <line num="574" count="99" type="cond" truecount="3" falsecount="1"/>
        <line num="581" count="99" type="cond" truecount="2" falsecount="0"/>
        <line num="582" count="27" type="stmt"/>
        <line num="583" count="27" type="stmt"/>
        <line num="586" count="72" type="cond" truecount="1" falsecount="1"/>
        <line num="587" count="0" type="stmt"/>
        <line num="588" count="0" type="stmt"/>
        <line num="591" count="72" type="cond" truecount="1" falsecount="1"/>
        <line num="595" count="0" type="stmt"/>
        <line num="597" count="72" type="stmt"/>
        <line num="601" count="99" type="stmt"/>
        <line num="603" count="99" type="stmt"/>
        <line num="604" count="99" type="stmt"/>
        <line num="605" count="99" type="stmt"/>
        <line num="606" count="99" type="stmt"/>
        <line num="607" count="99" type="stmt"/>
        <line num="608" count="99" type="stmt"/>
        <line num="612" count="1028" type="stmt"/>
        <line num="613" count="1028" type="stmt"/>
        <line num="614" count="80" type="cond" truecount="4" falsecount="0"/>
        <line num="615" count="2" type="stmt"/>
        <line num="616" count="2" type="cond" truecount="3" falsecount="1"/>
        <line num="617" count="2" type="cond" truecount="1" falsecount="1"/>
        <line num="620" count="78" type="stmt"/>
        <line num="624" count="1028" type="stmt"/>
        <line num="625" count="0" type="cond" truecount="0" falsecount="2"/>
        <line num="626" count="0" type="stmt"/>
        <line num="633" count="1028" type="stmt"/>
        <line num="638" count="1028" type="cond" truecount="2" falsecount="0"/>
        <line num="641" count="1028" type="cond" truecount="2" falsecount="0"/>
        <line num="644" count="1028" type="stmt"/>
        <line num="649" count="1028" type="stmt"/>
        <line num="652" count="0" type="cond" truecount="0" falsecount="5"/>
        <line num="653" count="0" type="stmt"/>
        <line num="656" count="0" type="cond" truecount="0" falsecount="2"/>
        <line num="657" count="0" type="stmt"/>
        <line num="659" count="0" type="stmt"/>
        <line num="667" count="1028" type="stmt"/>
        <line num="670" count="1" type="cond" truecount="1" falsecount="1"/>
        <line num="671" count="1" type="stmt"/>
        <line num="679" count="1028" type="stmt"/>
        <line num="682" count="1" type="cond" truecount="1" falsecount="1"/>
        <line num="683" count="1" type="stmt"/>
        <line num="691" count="1028" type="stmt"/>
        <line num="694" count="0" type="cond" truecount="0" falsecount="2"/>
        <line num="695" count="0" type="stmt"/>
        <line num="703" count="1028" type="stmt"/>
        <line num="706" count="80" type="stmt"/>
        <line num="707" count="80" type="cond" truecount="1" falsecount="1"/>
        <line num="708" count="80" type="stmt"/>
        <line num="709" count="80" type="stmt"/>
        <line num="710" count="80" type="stmt"/>
        <line num="711" count="80" type="stmt"/>
        <line num="712" count="80" type="stmt"/>
        <line num="713" count="80" type="stmt"/>
        <line num="721" count="1028" type="stmt"/>
        <line num="722" count="0" type="cond" truecount="0" falsecount="4"/>
        <line num="723" count="0" type="stmt"/>
        <line num="724" count="0" type="cond" truecount="0" falsecount="2"/>
        <line num="725" count="0" type="stmt"/>
        <line num="730" count="1028" type="stmt"/>
        <line num="731" count="0" type="cond" truecount="0" falsecount="4"/>
        <line num="732" count="0" type="stmt"/>
        <line num="736" count="1028" type="stmt"/>
        <line num="737" count="4" type="cond" truecount="1" falsecount="1"/>
        <line num="738" count="4" type="cond" truecount="1" falsecount="1"/>
        <line num="740" count="0" type="cond" truecount="0" falsecount="4"/>
        <line num="741" count="0" type="stmt"/>
        <line num="744" count="4" type="cond" truecount="3" falsecount="2"/>
        <line num="745" count="0" type="stmt"/>
        <line num="746" count="0" type="stmt"/>
        <line num="749" count="4" type="cond" truecount="4" falsecount="0"/>
        <line num="750" count="1" type="stmt"/>
        <line num="751" count="3" type="cond" truecount="1" falsecount="1"/>
        <line num="752" count="0" type="stmt"/>
        <line num="753" count="3" type="cond" truecount="2" falsecount="0"/>
        <line num="754" count="1" type="stmt"/>
        <line num="755" count="2" type="cond" truecount="1" falsecount="1"/>
        <line num="756" count="2" type="stmt"/>
        <line num="761" count="1028" type="stmt"/>
        <line num="762" count="930" type="stmt"/>
        <line num="763" count="930" type="stmt"/>
        <line num="765" count="930" type="stmt"/>
        <line num="766" count="930" type="cond" truecount="1" falsecount="1"/>
        <line num="772" count="930" type="stmt"/>
        <line num="773" count="930" type="stmt"/>
        <line num="774" count="930" type="stmt"/>
        <line num="776" count="1" type="cond" truecount="1" falsecount="1"/>
        <line num="777" count="1" type="stmt"/>
        <line num="781" count="930" type="stmt"/>
        <line num="784" count="930" type="stmt"/>
        <line num="786" count="930" type="stmt"/>
        <line num="787" count="2790" type="stmt"/>
        <line num="788" count="930" type="stmt"/>
        <line num="792" count="1028" type="cond" truecount="0" falsecount="1"/>
        <line num="793" count="99" type="stmt"/>
        <line num="795" count="99" type="stmt"/>
        <line num="797" count="99" type="stmt"/>
        <line num="798" count="99" type="stmt"/>
        <line num="799" count="98" type="stmt"/>
        <line num="800" count="98" type="stmt"/>
        <line num="801" count="98" type="stmt"/>
        <line num="803" count="1" type="cond" truecount="1" falsecount="1"/>
        <line num="804" count="1" type="stmt"/>
        <line num="806" count="0" type="stmt"/>
        <line num="808" count="1" type="stmt"/>
        <line num="809" count="1" type="stmt"/>
        <line num="816" count="1028" type="stmt"/>
        <line num="817" count="0" type="cond" truecount="0" falsecount="2"/>
        <line num="818" count="0" type="stmt"/>
        <line num="819" count="0" type="cond" truecount="0" falsecount="2"/>
        <line num="821" count="0" type="stmt"/>
        <line num="822" count="0" type="stmt"/>
        <line num="824" count="0" type="stmt"/>
        <line num="829" count="0" type="cond" truecount="0" falsecount="2"/>
        <line num="837" count="0" type="stmt"/>
        <line num="838" count="0" type="stmt"/>
        <line num="844" count="0" type="cond" truecount="0" falsecount="2"/>
        <line num="849" count="0" type="stmt"/>
        <line num="850" count="0" type="stmt"/>
        <line num="858" count="0" type="stmt"/>
        <line num="869" count="0" type="cond" truecount="0" falsecount="2"/>
        <line num="873" count="0" type="cond" truecount="0" falsecount="2"/>
        <line num="874" count="0" type="stmt"/>
        <line num="875" count="0" type="stmt"/>
        <line num="887" count="0" type="stmt"/>
        <line num="906" count="1028" type="stmt"/>
        <line num="911" count="0" type="stmt"/>
        <line num="912" count="0" type="stmt"/>
        <line num="914" count="0" type="cond" truecount="0" falsecount="2"/>
        <line num="915" count="0" type="stmt"/>
        <line num="919" count="1028" type="stmt"/>
        <line num="920" count="99" type="stmt"/>
        <line num="921" count="99" type="cond" truecount="4" falsecount="0"/>
        <line num="922" count="27" type="stmt"/>
        <line num="923" count="26" type="stmt"/>
        <line num="926" count="98" type="stmt"/>
        <line num="929" count="1028" type="stmt"/>
        <line num="930" count="0" type="cond" truecount="0" falsecount="4"/>
        <line num="932" count="0" type="stmt"/>
        <line num="933" count="0" type="stmt"/>
        <line num="934" count="0" type="stmt"/>
        <line num="936" count="0" type="stmt"/>
        <line num="937" count="0" type="stmt"/>
        <line num="938" count="0" type="stmt"/>
        <line num="942" count="0" type="stmt"/>
        <line num="943" count="0" type="cond" truecount="0" falsecount="2"/>
        <line num="944" count="0" type="stmt"/>
        <line num="945" count="0" type="stmt"/>
        <line num="946" count="0" type="stmt"/>
        <line num="947" count="0" type="cond" truecount="0" falsecount="2"/>
        <line num="948" count="0" type="stmt"/>
        <line num="949" count="0" type="stmt"/>
        <line num="952" count="0" type="stmt"/>
        <line num="953" count="0" type="cond" truecount="0" falsecount="2"/>
        <line num="954" count="0" type="stmt"/>
        <line num="956" count="0" type="stmt"/>
        <line num="958" count="0" type="stmt"/>
        <line num="959" count="0" type="stmt"/>
        <line num="963" count="1028" type="stmt"/>
        <line num="964" count="0" type="cond" truecount="0" falsecount="4"/>
        <line num="965" count="0" type="stmt"/>
        <line num="967" count="0" type="stmt"/>
        <line num="968" count="0" type="stmt"/>
        <line num="973" count="0" type="stmt"/>
        <line num="979" count="0" type="stmt"/>
        <line num="980" count="0" type="stmt"/>
        <line num="981" count="0" type="stmt"/>
        <line num="983" count="0" type="stmt"/>
        <line num="984" count="0" type="stmt"/>
        <line num="986" count="0" type="cond" truecount="0" falsecount="2"/>
        <line num="993" count="0" type="stmt"/>
        <line num="994" count="0" type="stmt"/>
        <line num="995" count="0" type="stmt"/>
        <line num="996" count="0" type="stmt"/>
        <line num="997" count="0" type="stmt"/>
        <line num="1000" count="0" type="stmt"/>
        <line num="1001" count="0" type="stmt"/>
        <line num="1008" count="0" type="stmt"/>
        <line num="1009" count="0" type="stmt"/>
        <line num="1012" count="0" type="cond" truecount="0" falsecount="2"/>
        <line num="1014" count="0" type="stmt"/>
        <line num="1018" count="0" type="stmt"/>
        <line num="1019" count="0" type="stmt"/>
        <line num="1020" count="0" type="cond" truecount="0" falsecount="2"/>
        <line num="1023" count="0" type="cond" truecount="0" falsecount="2"/>
        <line num="1027" count="0" type="stmt"/>
        <line num="1029" count="0" type="cond" truecount="0" falsecount="2"/>
        <line num="1036" count="0" type="stmt"/>
        <line num="1037" count="0" type="stmt"/>
        <line num="1039" count="0" type="stmt"/>
        <line num="1042" count="0" type="stmt"/>
        <line num="1044" count="0" type="stmt"/>
        <line num="1045" count="0" type="stmt"/>
        <line num="1047" count="0" type="stmt"/>
        <line num="1048" count="0" type="stmt"/>
        <line num="1050" count="0" type="cond" truecount="0" falsecount="2"/>
        <line num="1051" count="0" type="stmt"/>
        <line num="1052" count="0" type="stmt"/>
        <line num="1055" count="0" type="stmt"/>
        <line num="1057" count="0" type="cond" truecount="0" falsecount="4"/>
        <line num="1058" count="0" type="stmt"/>
        <line num="1059" count="0" type="stmt"/>
        <line num="1062" count="0" type="cond" truecount="0" falsecount="2"/>
        <line num="1063" count="0" type="stmt"/>
        <line num="1065" count="0" type="stmt"/>
        <line num="1067" count="0" type="stmt"/>
        <line num="1070" count="0" type="stmt"/>
        <line num="1073" count="1028" type="stmt"/>
        <line num="1074" count="0" type="stmt"/>
        <line num="1075" count="0" type="stmt"/>
        <line num="1076" count="0" type="stmt"/>
        <line num="1082" count="1028" type="cond" truecount="0" falsecount="2"/>
        <line num="1083" count="0" type="cond" truecount="0" falsecount="2"/>
        <line num="1084" count="0" type="stmt"/>
        <line num="1086" count="0" type="stmt"/>
        <line num="1093" count="0" type="stmt"/>
        <line num="1103" count="1028" type="stmt"/>
        <line num="1108" count="0" type="cond" truecount="0" falsecount="2"/>
        <line num="1109" count="0" type="stmt"/>
        <line num="1110" count="0" type="stmt"/>
        <line num="1111" count="0" type="stmt"/>
        <line num="1112" count="0" type="cond" truecount="0" falsecount="2"/>
        <line num="1113" count="0" type="stmt"/>
        <line num="1120" count="0" type="stmt"/>
        <line num="1121" count="0" type="stmt"/>
        <line num="1124" count="0" type="stmt"/>
        <line num="1125" count="0" type="stmt"/>
        <line num="1134" count="1028" type="cond" truecount="0" falsecount="1"/>
        <line num="1135" count="0" type="cond" truecount="0" falsecount="2"/>
        <line num="1137" count="0" type="stmt"/>
        <line num="1145" count="0" type="stmt"/>
        <line num="1154" count="1028" type="cond" truecount="0" falsecount="1"/>
        <line num="1155" count="0" type="cond" truecount="0" falsecount="2"/>
[...]
        <line num="80" count="2" type="cond" truecount="1" falsecount="1"/>
        <line num="81" count="2" type="stmt"/>
        <line num="85" count="2" type="stmt"/>
        <line num="87" count="0" type="stmt"/>
        <line num="90" count="17" type="stmt"/>
        <line num="93" count="168" type="cond" truecount="3" falsecount="0"/>
        <line num="95" count="168" type="stmt"/>
        <line num="96" count="168" type="stmt"/>
      </file>
      <file name="member.js" path="/Users/madsroskar/code/stream/chat/react-native/sdk/support/package/src/mock-builders/generator/member.js">
        <metrics statements="3" coveredstatements="3" conditionals="4" coveredconditionals="4" methods="1" coveredmethods="1"/>
        <line num="3" count="10" type="cond" truecount="1" falsecount="0"/>
        <line num="4" count="57" type="cond" truecount="3" falsecount="0"/>
        <line num="5" count="57" type="stmt"/>
      </file>
      <file name="message.js" path="/Users/madsroskar/code/stream/chat/react-native/sdk/support/package/src/mock-builders/generator/message.js">
        <metrics statements="6" coveredstatements="6" conditionals="7" coveredconditionals="7" methods="2" coveredmethods="2"/>
        <line num="5" count="20" type="cond" truecount="1" falsecount="0"/>
        <line num="7" count="115" type="cond" truecount="2" falsecount="0"/>
        <line num="9" count="115" type="stmt"/>
        <line num="22" count="20" type="stmt"/>
        <line num="23" count="20" type="stmt"/>
        <line num="24" count="10" type="stmt"/>
      </file>
      <file name="reaction.js" path="/Users/madsroskar/code/stream/chat/react-native/sdk/support/package/src/mock-builders/generator/reaction.js">
        <metrics statements="3" coveredstatements="3" conditionals="3" coveredconditionals="3" methods="1" coveredmethods="1"/>
        <line num="3" count="1" type="cond" truecount="1" falsecount="0"/>
        <line num="4" count="1" type="cond" truecount="2" falsecount="0"/>
        <line num="5" count="1" type="stmt"/>
      </file>
      <file name="user.js" path="/Users/madsroskar/code/stream/chat/react-native/sdk/support/package/src/mock-builders/generator/user.js">
        <metrics statements="7" coveredstatements="6" conditionals="3" coveredconditionals="2" methods="3" coveredmethods="3"/>
        <line num="3" count="617" type="stmt"/>
        <line num="14" count="447" type="cond" truecount="1" falsecount="0"/>
        <line num="19" count="26" type="stmt"/>
        <line num="43" count="26" type="stmt"/>
        <line num="44" count="11" type="cond" truecount="1" falsecount="1"/>
        <line num="45" count="0" type="stmt"/>
        <line num="48" count="11" type="stmt"/>
      </file>
    </package>
    <package name="src.types">
      <metrics statements="0" coveredstatements="0" conditionals="0" coveredconditionals="0" methods="0" coveredmethods="0"/>
      <file name="types.ts" path="/Users/madsroskar/code/stream/chat/react-native/sdk/support/package/src/types/types.ts">
        <metrics statements="0" coveredstatements="0" conditionals="0" coveredconditionals="0" methods="0" coveredmethods="0"/>
      </file>
    </package>
    <package name="src.utils">
      <metrics statements="265" coveredstatements="145" conditionals="195" coveredconditionals="58" methods="63" coveredmethods="26"/>
      <file name="Streami18n.ts" path="/Users/madsroskar/code/stream/chat/react-native/sdk/support/package/src/utils/Streami18n.ts">
        <metrics statements="116" coveredstatements="83" conditionals="72" coveredconditionals="33" methods="20" coveredmethods="14"/>
        <line num="42" count="25" type="stmt"/>
        <line num="43" count="25" type="stmt"/>
        <line num="45" count="25" type="stmt"/>
        <line num="47" count="25" type="stmt"/>
        <line num="58" count="25" type="stmt"/>
        <line num="69" count="25" type="stmt"/>
        <line num="80" count="25" type="stmt"/>
        <line num="95" count="0" type="cond" truecount="0" falsecount="2"/>
        <line num="96" count="0" type="cond" truecount="0" falsecount="2"/>
        <line num="97" count="0" type="cond" truecount="0" falsecount="2"/>
        <line num="98" count="0" type="cond" truecount="0" falsecount="2"/>
        <line num="99" count="0" type="stmt"/>
        <line num="103" count="0" type="cond" truecount="0" falsecount="2"/>
        <line num="104" count="0" type="stmt"/>
        <line num="106" count="0" type="cond" truecount="0" falsecount="4"/>
        <line num="107" count="0" type="cond" truecount="0" falsecount="2"/>
        <line num="108" count="0" type="cond" truecount="0" falsecount="4"/>
        <line num="109" count="0" type="cond" truecount="0" falsecount="2"/>
        <line num="110" count="0" type="stmt"/>
        <line num="116" count="25" type="stmt"/>
        <line num="127" count="25" type="stmt"/>
        <line num="138" count="25" type="stmt"/>
        <line num="146" count="25" type="stmt"/>
        <line num="167" count="25" type="stmt"/>
        <line num="168" count="484" type="stmt"/>
        <line num="337" count="25" type="stmt"/>
        <line num="343" count="1" type="stmt"/>
        <line num="347" count="264" type="stmt"/>
        <line num="348" count="264" type="stmt"/>
        <line num="349" count="264" type="stmt"/>
        <line num="350" count="264" type="stmt"/>
        <line num="352" count="264" type="stmt"/>
        <line num="359" count="264" type="stmt"/>
        <line num="378" count="264" type="stmt"/>
        <line num="416" count="264" type="stmt"/>
        <line num="422" count="264" type="stmt"/>
        <line num="424" count="264" type="stmt"/>
        <line num="425" count="264" type="stmt"/>
        <line num="427" count="264" type="stmt"/>
        <line num="432" count="264" type="cond" truecount="3" falsecount="1"/>
        <line num="433" count="264" type="stmt"/>
        <line num="434" count="264" type="stmt"/>
        <line num="435" count="264" type="stmt"/>
        <line num="436" count="264" type="stmt"/>
        <line num="439" count="0" type="stmt"/>
        <line num="446" count="264" type="stmt"/>
        <line num="447" count="264" type="stmt"/>
        <line num="449" count="264" type="cond" truecount="2" falsecount="0"/>
        <line num="450" count="1" type="stmt"/>
        <line num="463" count="264" type="cond" truecount="1" falsecount="1"/>
        <line num="464" count="0" type="stmt"/>
        <line num="469" count="264" type="stmt"/>
        <line num="478" count="1" type="stmt"/>
        <line num="480" count="1" type="stmt"/>
        <line num="485" count="264" type="stmt"/>
        <line num="487" count="264" type="stmt"/>
        <line num="489" count="264" type="cond" truecount="2" falsecount="0"/>
        <line num="490" count="1" type="stmt"/>
        <line num="493" count="263" type="cond" truecount="2" falsecount="0"/>
        <line num="494" count="1" type="stmt"/>
        <line num="501" count="264" type="stmt"/>
        <line num="502" count="220" type="cond" truecount="4" falsecount="0"/>
        <line num="506" count="4" type="cond" truecount="1" falsecount="1"/>
        <line num="507" count="4" type="stmt"/>
        <line num="509" count="0" type="stmt"/>
        <line num="511" count="216" type="cond" truecount="1" falsecount="1"/>
        <line num="512" count="216" type="stmt"/>
        <line num="514" count="0" type="stmt"/>
        <line num="522" count="264" type="stmt"/>
        <line num="524" count="264" type="stmt"/>
        <line num="525" count="264" type="stmt"/>
        <line num="530" count="264" type="stmt"/>
        <line num="532" count="0" type="stmt"/>
        <line num="535" count="264" type="stmt"/>
        <line num="541" count="264" type="stmt"/>
        <line num="542" count="483" type="cond" truecount="1" falsecount="1"/>
        <line num="544" count="483" type="stmt"/>
        <line num="547" count="264" type="stmt"/>
        <line num="548" count="528" type="stmt"/>
        <line num="549" count="528" type="cond" truecount="1" falsecount="1"/>
        <line num="550" count="0" type="stmt"/>
        <line num="556" count="0" type="stmt"/>
        <line num="561" count="264" type="stmt"/>
        <line num="564" count="264" type="stmt"/>
        <line num="567" count="264" type="stmt"/>
        <line num="573" count="271" type="cond" truecount="2" falsecount="0"/>
        <line num="574" count="264" type="cond" truecount="2" falsecount="0"/>
        <line num="575" count="1" type="stmt"/>
        <line num="577" count="264" type="stmt"/>
        <line num="579" count="7" type="stmt"/>
        <line num="594" count="1" type="cond" truecount="1" falsecount="1"/>
        <line num="595" count="0" type="stmt"/>
        <line num="598" count="0" type="stmt"/>
        <line num="601" count="1" type="cond" truecount="1" falsecount="1"/>
        <line num="602" count="1" type="stmt"/>
        <line num="604" count="0" type="stmt"/>
        <line num="607" count="1" type="cond" truecount="1" falsecount="1"/>
        <line num="608" count="1" type="stmt"/>
        <line num="609" count="0" type="cond" truecount="0" falsecount="2"/>
        <line num="610" count="0" type="stmt"/>
        <line num="618" count="1" type="cond" truecount="1" falsecount="1"/>
        <line num="619" count="0" type="stmt"/>
        <line num="624" count="2" type="cond" truecount="2" falsecount="0"/>
        <line num="625" count="1" type="stmt"/>
        <line num="628" count="1" type="stmt"/>
        <line num="636" count="2" type="stmt"/>
        <line num="638" count="2" type="cond" truecount="1" falsecount="1"/>
        <line num="640" count="0" type="stmt"/>
        <line num="641" count="0" type="stmt"/>
        <line num="642" count="0" type="cond" truecount="0" falsecount="2"/>
        <line num="643" count="0" type="stmt"/>
        <line num="645" count="0" type="stmt"/>
        <line num="647" count="0" type="stmt"/>
        <line num="649" count="0" type="stmt"/>
        <line num="650" count="0" type="stmt"/>
        <line num="655" count="251" type="stmt"/>
      </file>
      <file name="date.ts" path="/Users/madsroskar/code/stream/chat/react-native/sdk/support/package/src/utils/date.ts">
        <metrics statements="3" coveredstatements="3" conditionals="0" coveredconditionals="0" methods="1" coveredmethods="1"/>
        <line num="1" count="19" type="stmt"/>
        <line num="3" count="19" type="stmt"/>
        <line num="4" count="8" type="stmt"/>
      </file>
      <file name="getResizedImageUrl.ts" path="/Users/madsroskar/code/stream/chat/react-native/sdk/support/package/src/utils/getResizedImageUrl.ts">
        <metrics statements="14" coveredstatements="14" conditionals="13" coveredconditionals="10" methods="1" coveredmethods="1"/>
        <line num="28" count="165" type="stmt"/>
        <line num="29" count="165" type="stmt"/>
        <line num="31" count="24" type="stmt"/>
        <line num="32" count="24" type="stmt"/>
        <line num="37" count="24" type="cond" truecount="3" falsecount="0"/>
        <line num="39" count="24" type="cond" truecount="4" falsecount="1"/>
        <line num="41" count="7" type="cond" truecount="1" falsecount="1"/>
        <line num="42" count="7" type="stmt"/>
        <line num="45" count="7" type="cond" truecount="1" falsecount="1"/>
        <line num="46" count="7" type="stmt"/>
        <line num="49" count="7" type="stmt"/>
        <line num="51" count="7" type="stmt"/>
        <line num="55" count="141" type="stmt"/>
        <line num="57" count="141" type="stmt"/>
      </file>
      <file name="getUrlOfImageAttachment.ts" path="/Users/madsroskar/code/stream/chat/react-native/sdk/support/package/src/utils/getUrlOfImageAttachment.ts">
        <metrics statements="1" coveredstatements="1" conditionals="3" coveredconditionals="1" methods="1" coveredmethods="1"/>
        <line num="9" count="76" type="cond" truecount="1" falsecount="2"/>
      </file>
      <file name="utils.ts" path="/Users/madsroskar/code/stream/chat/react-native/sdk/support/package/src/utils/utils.ts">
        <metrics statements="131" coveredstatements="44" conditionals="107" coveredconditionals="14" methods="40" coveredmethods="9"/>
        <line num="31" count="37" type="stmt"/>
        <line num="47" count="37" type="stmt"/>
        <line num="54" count="37" type="stmt"/>
        <line num="66" count="37" type="stmt"/>
        <line num="67" count="40" type="stmt"/>
        <line num="75" count="40" type="stmt"/>
        <line num="78" count="37" type="stmt"/>
        <line num="79" count="37" type="stmt"/>
        <line num="85" count="37" type="stmt"/>
        <line num="90" count="0" type="stmt"/>
        <line num="92" count="37" type="stmt"/>
        <line num="96" count="0" type="cond" truecount="0" falsecount="2"/>
        <line num="98" count="37" type="stmt"/>
        <line num="103" count="0" type="stmt"/>
        <line num="105" count="0" type="cond" truecount="0" falsecount="2"/>
        <line num="107" count="0" type="stmt"/>
        <line num="110" count="0" type="stmt"/>
        <line num="114" count="37" type="stmt"/>
        <line num="119" count="0" type="stmt"/>
        <line num="120" count="0" type="cond" truecount="0" falsecount="2"/>
        <line num="123" count="37" type="stmt"/>
        <line num="128" count="0" type="stmt"/>
        <line num="130" count="0" type="stmt"/>
        <line num="132" count="0" type="cond" truecount="0" falsecount="2"/>
        <line num="133" count="0" type="stmt"/>
        <line num="136" count="0" type="stmt"/>
        <line num="141" count="37" type="stmt"/>
        <line num="151" count="0" type="cond" truecount="0" falsecount="1"/>
        <line num="153" count="0" type="cond" truecount="0" falsecount="2"/>
        <line num="154" count="0" type="stmt"/>
        <line num="162" count="0" type="stmt"/>
        <line num="163" count="0" type="cond" truecount="0" falsecount="2"/>
        <line num="164" count="0" type="cond" truecount="0" falsecount="4"/>
        <line num="165" count="0" type="stmt"/>
        <line num="170" count="37" type="stmt"/>
        <line num="175" count="37" type="stmt"/>
        <line num="186" count="0" type="cond" truecount="0" falsecount="2"/>
        <line num="190" count="0" type="stmt"/>
        <line num="191" count="0" type="stmt"/>
        <line num="196" count="0" type="cond" truecount="0" falsecount="2"/>
        <line num="198" count="0" type="stmt"/>
        <line num="201" count="0" type="stmt"/>
        <line num="207" count="0" type="stmt"/>
        <line num="208" count="0" type="cond" truecount="0" falsecount="2"/>
        <line num="209" count="0" type="cond" truecount="0" falsecount="4"/>
        <line num="210" count="0" type="stmt"/>
        <line num="215" count="37" type="stmt"/>
        <line num="220" count="37" type="stmt"/>
        <line num="222" count="37" type="stmt"/>
        <line num="224" count="37" type="stmt"/>
        <line num="329" count="37" type="stmt"/>
        <line num="335" count="1068" type="stmt"/>
        <line num="338" count="0" type="cond" truecount="0" falsecount="2"/>
        <line num="340" count="0" type="cond" truecount="0" falsecount="1"/>
        <line num="341" count="0" type="cond" truecount="0" falsecount="2"/>
        <line num="343" count="0" type="cond" truecount="0" falsecount="2"/>
        <line num="346" count="0" type="stmt"/>
        <line num="347" count="0" type="cond" truecount="0" falsecount="2"/>
        <line num="348" count="0" type="cond" truecount="0" falsecount="2"/>
        <line num="349" count="0" type="cond" truecount="0" falsecount="4"/>
        <line num="350" count="0" type="stmt"/>
        <line num="352" count="0" type="cond" truecount="0" falsecount="4"/>
        <line num="353" count="0" type="stmt"/>
        <line num="355" count="0" type="cond" truecount="0" falsecount="2"/>
        <line num="356" count="0" type="cond" truecount="0" falsecount="2"/>
        <line num="358" count="0" type="stmt"/>
        <line num="361" count="0" type="stmt"/>
        <line num="363" count="0" type="cond" truecount="0" falsecount="2"/>
        <line num="364" count="0" type="stmt"/>
        <line num="367" count="0" type="stmt"/>
        <line num="369" count="0" type="stmt"/>
        <line num="378" count="0" type="cond" truecount="0" falsecount="2"/>
        <line num="380" count="0" type="stmt"/>
        <line num="381" count="0" type="cond" truecount="0" falsecount="2"/>
        <line num="383" count="0" type="cond" truecount="0" falsecount="2"/>
        <line num="384" count="0" type="stmt"/>
        <line num="385" count="0" type="cond" truecount="0" falsecount="2"/>
        <line num="386" count="0" type="stmt"/>
        <line num="391" count="0" type="stmt"/>
        <line num="392" count="0" type="stmt"/>
        <line num="400" count="0" type="stmt"/>
        <line num="404" count="0" type="stmt"/>
        <line num="407" count="0" type="cond" truecount="0" falsecount="2"/>
        <line num="408" count="0" type="stmt"/>
        <line num="411" count="0" type="stmt"/>
        <line num="413" count="0" type="stmt"/>
        <line num="422" count="0" type="stmt"/>
        <line num="434" count="0" type="cond" truecount="0" falsecount="2"/>
        <line num="435" count="0" type="stmt"/>
        <line num="439" count="0" type="cond" truecount="0" falsecount="2"/>
        <line num="440" count="0" type="stmt"/>
        <line num="456" count="0" type="cond" truecount="0" falsecount="4"/>
        <line num="457" count="0" type="stmt"/>
        <line num="459" count="0" type="stmt"/>
        <line num="460" count="0" type="cond" truecount="0" falsecount="2"/>
        <line num="461" count="0" type="cond" truecount="0" falsecount="2"/>
        <line num="462" count="0" type="stmt"/>
        <line num="464" count="0" type="cond" truecount="0" falsecount="2"/>
        <line num="465" count="0" type="stmt"/>
        <line num="467" count="0" type="stmt"/>
        <line num="470" count="0" type="stmt"/>
        <line num="472" count="0" type="cond" truecount="0" falsecount="2"/>
        <line num="473" count="0" type="stmt"/>
        <line num="476" count="0" type="stmt"/>
        <line num="479" count="0" type="stmt"/>
        <line num="483" count="0" type="cond" truecount="0" falsecount="2"/>
        <line num="484" count="0" type="stmt"/>
        <line num="492" count="0" type="stmt"/>
        <line num="501" count="37" type="stmt"/>
        <line num="502" count="31" type="cond" truecount="1" falsecount="1"/>
        <line num="504" count="37" type="stmt"/>
        <line num="505" count="275" type="cond" truecount="2" falsecount="0"/>
        <line num="507" count="267" type="stmt"/>
        <line num="508" count="267" type="cond" truecount="2" falsecount="0"/>
        <line num="510" count="2" type="stmt"/>
        <line num="513" count="37" type="cond" truecount="1" falsecount="0"/>
        <line num="514" count="157" type="stmt"/>
        <line num="515" count="157" type="cond" truecount="1" falsecount="1"/>
        <line num="518" count="37" type="cond" truecount="1" falsecount="0"/>
        <line num="519" count="83" type="stmt"/>
        <line num="521" count="83" type="stmt"/>
        <line num="522" count="83" type="cond" truecount="1" falsecount="1"/>
        <line num="525" count="37" type="cond" truecount="1" falsecount="0"/>
        <line num="526" count="32" type="cond" truecount="2" falsecount="0"/>
        <line num="534" count="37" type="stmt"/>
        <line num="537" count="37" type="stmt"/>
        <line num="544" count="37" type="stmt"/>
        <line num="553" count="1468" type="stmt"/>
        <line num="554" count="0" type="cond" truecount="1" falsecount="1"/>
        <line num="562" count="37" type="stmt"/>
        <line num="566" count="2056" type="stmt"/>
      </file>
    </package>
  </project>
</coverage>
