TN:
SF:src/index.ts
FNF:0
FNH:0
LF:0
LH:0
BRF:0
BRH:0
end_of_record
TN:
SF:src/init.ts
FN:3,(anonymous_0)
FNF:1
FNH:1
FNDA:21,(anonymous_0)
DA:4,21
LF:1
LH:1
BRF:0
BRH:0
end_of_record
TN:
SF:src/native.ts
FN:8,(anonymous_0)
FN:166,(anonymous_1)
FN:223,(anonymous_2)
FNF:3
FNH:1
FNDA:0,(anonymous_0)
FNDA:79,(anonymous_1)
FNDA:0,(anonymous_2)
DA:8,46
DA:9,0
DA:25,46
DA:28,46
DA:31,46
DA:40,46
DA:47,46
DA:49,46
DA:60,46
DA:67,46
DA:74,46
DA:83,46
DA:94,46
DA:166,46
DA:167,79
DA:168,46
DA:171,79
DA:172,46
DA:175,79
DA:176,77
DA:178,79
DA:179,48
DA:182,79
DA:183,46
DA:186,79
DA:187,46
DA:190,79
DA:191,48
DA:194,79
DA:195,46
DA:198,79
DA:199,46
DA:202,79
DA:203,0
DA:206,79
DA:207,46
DA:210,79
DA:211,46
DA:214,79
DA:215,46
DA:218,79
DA:219,0
DA:223,46
LF:43
LH:40
BRDA:167,0,0,46
BRDA:167,0,1,33
BRDA:171,1,0,46
BRDA:171,1,1,33
BRDA:175,2,0,77
BRDA:175,2,1,2
BRDA:178,3,0,48
BRDA:178,3,1,31
BRDA:182,4,0,46
BRDA:182,4,1,33
BRDA:186,5,0,46
BRDA:186,5,1,33
BRDA:190,6,0,48
BRDA:190,6,1,31
BRDA:194,7,0,46
BRDA:194,7,1,33
BRDA:198,8,0,46
BRDA:198,8,1,33
BRDA:202,9,0,0
BRDA:202,9,1,79
BRDA:206,10,0,46
BRDA:206,10,1,33
BRDA:210,11,0,46
BRDA:210,11,1,33
BRDA:214,12,0,46
BRDA:214,12,1,33
BRDA:218,13,0,0
BRDA:218,13,1,79
BRF:28
BRH:26
end_of_record
TN:
SF:src/components/index.ts
FNF:0
FNH:0
LF:0
LH:0
BRF:0
BRH:0
end_of_record
TN:
SF:src/components/Attachment/Attachment.tsx
FN:39,(anonymous_0)
FN:108,(anonymous_1)
FN:153,(anonymous_2)
FNF:3
FNH:3
FNDA:10,(anonymous_0)
FNDA:8,(anonymous_1)
FNDA:17,(anonymous_2)
DA:39,14
DA:53,10
DA:55,10
DA:57,10
DA:58,2
DA:61,8
DA:65,1
DA:68,7
DA:69,2
DA:79,5
DA:80,0
DA:92,5
DA:93,3
DA:96,2
DA:97,0
DA:104,2
DA:108,14
DA:112,8
DA:113,8
DA:116,8
DA:119,8
DA:121,8
DA:122,3
DA:125,5
DA:128,14
DA:153,14
DA:167,17
DA:178,17
DA:180,17
DA:181,0
DA:185,17
DA:186,17
DA:187,17
DA:188,17
DA:189,17
DA:190,17
DA:191,17
DA:193,17
LF:38
LH:35
BRDA:57,0,0,2
BRDA:57,0,1,8
BRDA:57,1,0,10
BRDA:57,1,1,8
BRDA:61,2,0,1
BRDA:61,2,1,7
BRDA:62,3,0,8
BRDA:62,3,1,7
BRDA:62,3,2,1
BRDA:62,3,3,0
BRDA:68,4,0,2
BRDA:68,4,1,5
BRDA:72,5,0,2
BRDA:72,5,1,1
BRDA:79,6,0,0
BRDA:79,6,1,5
BRDA:79,7,0,5
BRDA:79,7,1,0
BRDA:80,8,0,0
BRDA:80,8,1,0
BRDA:83,9,0,0
BRDA:83,9,1,0
BRDA:92,10,0,3
BRDA:92,10,1,2
BRDA:92,11,0,5
BRDA:92,11,1,3
BRDA:96,12,0,0
BRDA:96,12,1,2
BRDA:116,13,0,8
BRDA:116,13,1,8
BRDA:116,13,2,8
BRDA:119,14,0,0
BRDA:119,14,1,8
BRDA:121,15,0,3
BRDA:121,15,1,5
BRDA:180,16,0,0
BRDA:180,16,1,17
BRDA:185,17,0,17
BRDA:185,17,1,17
BRDA:185,17,2,5
BRDA:186,18,0,17
BRDA:186,18,1,17
BRDA:186,18,2,5
BRDA:187,19,0,17
BRDA:187,19,1,17
BRDA:187,19,2,5
BRDA:188,20,0,17
BRDA:188,20,1,17
BRDA:188,20,2,5
BRDA:189,21,0,17
BRDA:189,21,1,17
BRDA:189,21,2,5
BRDA:190,22,0,17
BRDA:190,22,1,17
BRDA:190,22,2,5
BRDA:191,23,0,17
BRDA:191,23,1,17
BRF:57
BRH:47
end_of_record
TN:
SF:src/components/Attachment/AttachmentActions.tsx
FN:47,(anonymous_0)
FN:75,(anonymous_1)
FN:81,(anonymous_2)
FN:119,(anonymous_3)
FN:145,(anonymous_4)
FNF:5
FNH:4
FNDA:2,(anonymous_0)
FNDA:3,(anonymous_1)
FNDA:2,(anonymous_2)
FNDA:0,(anonymous_3)
FNDA:2,(anonymous_4)
DA:22,14
DA:47,14
DA:52,2
DA:71,2
DA:73,2
DA:76,3
DA:78,3
DA:82,2
DA:83,2
DA:119,14
DA:123,0
DA:124,0
DA:126,0
DA:128,0
DA:131,14
DA:145,14
DA:150,2
DA:151,2
DA:154,14
LF:19
LH:15
BRDA:52,0,0,2
BRDA:82,1,0,2
BRDA:82,1,1,0
BRDA:82,2,0,2
BRDA:82,2,1,2
BRDA:82,2,2,2
BRDA:89,3,0,0
BRDA:89,3,1,3
BRDA:90,4,0,0
BRDA:90,4,1,0
BRDA:91,5,0,3
BRDA:91,5,1,3
BRDA:92,6,0,0
BRDA:92,6,1,3
BRDA:93,7,0,0
BRDA:93,7,1,0
BRDA:94,8,0,3
BRDA:94,8,1,3
BRDA:104,9,0,0
BRDA:104,9,1,3
BRDA:104,10,0,0
BRDA:104,10,1,0
BRDA:104,11,0,3
BRDA:104,11,1,3
BRF:24
BRH:14
end_of_record
TN:
SF:src/components/Attachment/Card.tsx
FN:109,(anonymous_0)
FN:156,(anonymous_1)
FN:163,(anonymous_2)
FN:172,(anonymous_3)
FN:182,(anonymous_4)
FN:284,(anonymous_5)
FN:300,(anonymous_6)
FNF:7
FNH:2
FNDA:1,(anonymous_0)
FNDA:0,(anonymous_1)
FNDA:0,(anonymous_2)
FNDA:0,(anonymous_3)
FNDA:0,(anonymous_4)
FNDA:0,(anonymous_5)
FNDA:1,(anonymous_6)
DA:31,14
DA:109,14
DA:131,1
DA:152,1
DA:154,1
DA:156,1
DA:158,1
DA:160,1
DA:164,0
DA:165,0
DA:173,0
DA:174,0
DA:183,0
DA:184,0
DA:284,14
DA:300,14
DA:306,1
DA:308,1
DA:310,1
DA:329,14
LF:20
LH:14
BRDA:126,0,0,1
BRDA:154,1,0,1
BRDA:154,1,1,0
BRDA:156,2,0,0
BRDA:156,2,1,0
BRDA:158,3,0,1
BRDA:158,3,1,0
BRDA:164,4,0,0
BRDA:164,4,1,0
BRDA:173,5,0,0
BRDA:173,5,1,0
BRDA:183,6,0,0
BRDA:183,6,1,0
BRDA:196,7,0,1
BRDA:196,7,1,0
BRDA:197,8,0,1
BRDA:197,8,1,0
BRDA:198,9,0,1
BRDA:198,9,1,1
BRDA:198,9,2,1
BRDA:206,10,0,0
BRDA:206,10,1,1
BRDA:212,11,0,1
BRDA:212,11,1,0
BRDA:237,12,0,0
BRDA:237,12,1,1
BRDA:245,13,0,0
BRDA:245,13,1,1
BRDA:249,14,0,1
BRDA:249,14,1,0
BRDA:249,14,2,0
BRDA:261,15,0,1
BRDA:261,15,1,1
BRDA:269,16,0,1
BRDA:269,16,1,0
BRF:35
BRH:16
end_of_record
TN:
SF:src/components/Attachment/FileAttachment.tsx
FN:71,(anonymous_0)
FN:98,(anonymous_1)
FN:103,(anonymous_2)
FN:111,(anonymous_3)
FN:120,(anonymous_4)
FN:153,(anonymous_5)
FN:181,(anonymous_6)
FNF:7
FNH:3
FNDA:4,(anonymous_0)
FNDA:0,(anonymous_1)
FNDA:0,(anonymous_2)
FNDA:0,(anonymous_3)
FNDA:0,(anonymous_4)
FNDA:4,(anonymous_5)
FNDA:34,(anonymous_6)
DA:30,14
DA:71,14
DA:87,4
DA:96,4
DA:98,4
DA:100,4
DA:104,0
DA:105,0
DA:112,0
DA:113,0
DA:121,0
DA:122,0
DA:153,14
DA:158,4
DA:163,4
DA:165,4
DA:181,14
DA:182,34
DA:183,1
DA:184,0
DA:187,1
DA:188,1
DA:191,0
DA:194,14
LF:24
LH:16
BRDA:86,0,0,4
BRDA:104,1,0,0
BRDA:104,1,1,0
BRDA:112,2,0,0
BRDA:112,2,1,0
BRDA:121,3,0,0
BRDA:121,3,1,0
BRDA:143,4,0,0
BRDA:143,4,1,4
BRDA:161,5,0,2
BRDA:162,6,0,2
BRDA:182,7,0,33
BRDA:182,7,1,1
BRDA:183,8,0,0
BRDA:183,8,1,1
BRDA:187,9,0,1
BRDA:187,9,1,0
BRF:17
BRH:8
end_of_record
TN:
SF:src/components/Attachment/FileAttachmentGroup.tsx
FN:38,(anonymous_0)
FN:55,(anonymous_1)
FN:70,(anonymous_2)
FN:92,(anonymous_3)
FNF:4
FNH:4
FNDA:1,(anonymous_0)
FNDA:1,(anonymous_1)
FNDA:2,(anonymous_2)
FNDA:3,(anonymous_3)
DA:18,13
DA:38,13
DA:43,1
DA:51,1
DA:53,1
DA:56,1
DA:70,13
DA:74,2
DA:75,2
DA:77,2
DA:79,2
DA:82,13
DA:92,13
DA:97,3
DA:99,3
DA:101,3
DA:103,3
DA:105,3
DA:107,3
DA:118,13
LF:20
LH:20
BRDA:43,0,0,1
BRDA:59,1,0,0
BRDA:59,1,1,1
BRDA:101,2,0,0
BRDA:103,3,0,3
BRDA:103,3,1,3
BRDA:105,4,0,0
BRDA:105,4,1,3
BRF:8
BRH:5
end_of_record
TN:
SF:src/components/Attachment/FileIcon.tsx
FN:419,mimeTypeToIcon
FN:433,(anonymous_1)
FNF:2
FNH:2
FNDA:24,mimeTypeToIcon
FNDA:24,(anonymous_1)
DA:28,14
DA:190,14
DA:208,14
DA:220,14
DA:234,14
DA:249,14
DA:259,14
DA:275,14
DA:292,14
DA:317,14
DA:324,14
DA:364,14
DA:375,14
DA:376,2184
DA:379,14
DA:380,70
DA:383,14
DA:384,56
DA:387,14
DA:388,56
DA:391,14
DA:392,84
DA:395,14
DA:396,42
DA:399,14
DA:400,56
DA:403,14
DA:404,98
DA:407,14
DA:408,154
DA:411,14
DA:412,28
DA:415,14
DA:416,518
DA:420,24
DA:422,21
DA:423,21
DA:425,21
DA:433,14
DA:440,24
DA:442,24
DA:444,24
DA:447,14
LF:43
LH:43
BRDA:420,0,0,3
BRDA:420,0,1,21
BRDA:423,1,0,0
BRDA:423,1,1,21
BRDA:444,2,0,0
BRDA:444,2,1,24
BRF:6
BRH:4
end_of_record
TN:
SF:src/components/Attachment/Gallery.tsx
FN:36,(anonymous_0)
FN:52,(anonymous_1)
FN:111,(anonymous_2)
FN:169,(anonymous_3)
FN:197,(anonymous_4)
FN:210,(anonymous_5)
FN:211,(anonymous_6)
FN:225,(anonymous_7)
FN:256,(anonymous_8)
FN:264,(anonymous_9)
FN:273,(anonymous_10)
FN:346,(anonymous_11)
FN:378,(anonymous_12)
FN:387,(anonymous_13)
FN:405,(anonymous_14)
FNF:15
FNH:8
FNDA:20,(anonymous_0)
FNDA:0,(anonymous_1)
FNDA:9,(anonymous_2)
FNDA:9,(anonymous_3)
FNDA:13,(anonymous_4)
FNDA:20,(anonymous_5)
FNDA:0,(anonymous_6)
FNDA:0,(anonymous_7)
FNDA:0,(anonymous_8)
FNDA:0,(anonymous_9)
FNDA:0,(anonymous_10)
FNDA:26,(anonymous_11)
FNDA:68,(anonymous_12)
FNDA:0,(anonymous_13)
FNDA:35,(anonymous_14)
DA:36,14
DA:37,20
DA:39,20
DA:50,14
DA:53,0
DA:56,14
DA:111,14
DA:134,9
DA:156,9
DA:158,9
DA:167,9
DA:168,9
DA:170,9
DA:177,9
DA:178,9
DA:179,9
DA:180,9
DA:182,9
DA:198,13
DA:199,13
DA:211,20
DA:212,0
DA:216,0
DA:217,0
DA:218,0
DA:219,0
DA:220,0
DA:221,0
DA:225,20
DA:226,0
DA:229,0
DA:231,0
DA:235,20
DA:251,20
DA:257,0
DA:258,0
DA:265,0
DA:266,0
DA:274,0
DA:275,0
DA:346,14
DA:356,26
DA:363,26
DA:365,26
DA:366,26
DA:369,26
DA:370,26
DA:372,26
DA:373,26
DA:376,26
DA:379,68
DA:382,26
DA:385,26
DA:388,0
DA:391,26
DA:393,26
DA:396,14
DA:405,14
DA:425,35
DA:427,35
DA:439,35
DA:444,35
DA:445,35
DA:447,35
DA:448,35
DA:450,35
DA:452,35
DA:453,35
DA:454,35
DA:455,35
DA:456,35
DA:457,35
DA:459,35
DA:460,35
DA:461,35
DA:462,35
DA:463,35
DA:465,35
DA:491,14
LF:79
LH:61
BRDA:167,0,0,9
BRDA:167,0,1,0
BRDA:167,1,0,9
BRDA:167,1,1,2
BRDA:177,2,0,0
BRDA:177,2,1,9
BRDA:192,3,0,5
BRDA:192,3,1,4
BRDA:201,4,0,7
BRDA:201,4,1,6
BRDA:204,5,0,7
BRDA:204,5,1,6
BRDA:208,6,0,7
BRDA:208,6,1,6
BRDA:212,7,0,0
BRDA:212,7,1,0
BRDA:212,8,0,0
BRDA:212,8,1,0
BRDA:219,9,0,0
BRDA:219,9,1,0
BRDA:226,10,0,0
BRDA:226,10,1,0
BRDA:226,11,0,0
BRDA:226,11,1,0
BRDA:257,12,0,0
BRDA:257,12,1,0
BRDA:265,13,0,0
BRDA:265,13,1,0
BRDA:274,14,0,0
BRDA:274,14,1,0
BRDA:291,15,0,11
BRDA:291,15,1,9
BRDA:295,16,0,0
BRDA:295,16,1,20
BRDA:320,17,0,0
BRDA:320,17,1,20
BRDA:320,18,0,20
BRDA:320,18,1,15
BRDA:320,18,2,9
BRDA:366,19,0,0
BRDA:366,19,1,26
BRDA:369,20,0,26
BRDA:369,20,1,26
BRDA:370,21,0,0
BRDA:370,21,1,26
BRDA:373,22,0,0
BRDA:373,22,1,26
BRDA:376,23,0,26
BRDA:376,23,1,26
BRDA:379,24,0,68
BRDA:379,24,1,68
BRDA:382,25,0,0
BRDA:382,25,1,26
BRDA:385,26,0,26
BRDA:385,26,1,26
BRDA:388,27,0,0
BRDA:388,27,1,0
BRDA:391,28,0,0
BRDA:391,28,1,26
BRDA:447,29,0,35
BRDA:447,29,1,33
BRDA:448,30,0,35
BRDA:448,30,1,35
BRDA:450,31,0,0
BRDA:450,31,1,35
BRDA:450,32,0,35
BRDA:450,32,1,0
BRDA:452,33,0,35
BRDA:452,33,1,35
BRDA:453,34,0,35
BRDA:453,34,1,35
BRDA:454,35,0,35
BRDA:454,35,1,35
BRDA:455,36,0,35
BRDA:455,36,1,35
BRDA:456,37,0,35
BRDA:456,37,1,35
BRDA:457,38,0,35
BRDA:457,38,1,35
BRDA:459,39,0,0
BRDA:459,39,1,35
BRDA:460,40,0,35
BRDA:460,40,1,35
BRDA:461,41,0,35
BRDA:461,41,1,35
BRDA:462,42,0,35
BRDA:462,42,1,35
BRDA:463,43,0,35
BRDA:463,43,1,35
BRDA:472,44,0,35
BRDA:472,44,1,35
BRF:91
BRH:61
end_of_record
TN:
SF:src/components/Attachment/Giphy.tsx
FN:135,(anonymous_0)
FN:184,(anonymous_1)
FN:225,(anonymous_2)
FN:240,(anonymous_3)
FN:255,(anonymous_4)
FN:271,(anonymous_5)
FN:279,(anonymous_6)
FN:288,(anonymous_7)
FN:331,(anonymous_8)
FN:380,(anonymous_9)
FNF:10
FNH:6
FNDA:10,(anonymous_0)
FNDA:0,(anonymous_1)
FNDA:1,(anonymous_2)
FNDA:1,(anonymous_3)
FNDA:1,(anonymous_4)
FNDA:0,(anonymous_5)
FNDA:0,(anonymous_6)
FNDA:0,(anonymous_7)
FNDA:6,(anonymous_8)
FNDA:16,(anonymous_9)
DA:28,14
DA:135,14
DA:154,10
DA:156,10
DA:179,10
DA:181,10
DA:182,10
DA:184,10
DA:185,0
DA:186,0
DA:187,0
DA:190,10
DA:191,2
DA:192,2
DA:193,2
DA:194,2
DA:197,10
DA:199,10
DA:226,1
DA:227,1
DA:241,1
DA:242,1
DA:256,1
DA:257,1
DA:272,0
DA:273,0
DA:280,0
DA:281,0
DA:289,0
DA:290,0
DA:331,14
DA:339,6
DA:344,6
DA:346,6
DA:347,6
DA:349,6
DA:350,6
DA:353,6
DA:358,6
DA:360,6
DA:361,6
DA:363,6
DA:364,6
DA:366,6
DA:369,14
DA:380,14
DA:386,16
DA:387,16
DA:388,16
DA:389,16
DA:390,16
DA:411,14
LF:52
LH:43
BRDA:181,0,0,10
BRDA:181,0,1,0
BRDA:190,1,0,2
BRDA:190,1,1,8
BRDA:190,2,0,10
BRDA:190,2,1,9
BRDA:197,3,0,0
BRDA:197,3,1,10
BRDA:199,4,0,5
BRDA:199,4,1,5
BRDA:226,5,0,1
BRDA:226,5,1,0
BRDA:226,6,0,1
BRDA:226,6,1,1
BRDA:226,6,2,1
BRDA:241,7,0,1
BRDA:241,7,1,0
BRDA:241,8,0,1
BRDA:241,8,1,1
BRDA:241,8,2,1
BRDA:256,9,0,1
BRDA:256,9,1,0
BRDA:256,10,0,1
BRDA:256,10,1,1
BRDA:256,10,2,1
BRDA:272,11,0,0
BRDA:272,11,1,0
BRDA:280,12,0,0
BRDA:280,12,1,0
BRDA:289,13,0,0
BRDA:289,13,1,0
BRDA:302,14,0,0
BRDA:302,14,1,5
BRDA:347,15,0,0
BRDA:347,15,1,6
BRDA:350,16,0,0
BRDA:350,16,1,6
BRDA:353,17,0,6
BRDA:353,17,1,6
BRDA:353,17,2,3
BRDA:353,17,3,3
BRDA:353,17,4,3
BRDA:358,18,0,0
BRDA:358,18,1,6
BRDA:361,19,0,0
BRDA:361,19,1,6
BRDA:364,20,0,0
BRDA:364,20,1,6
BRF:48
BRH:31
end_of_record
TN:
SF:src/components/Attachment/VideoThumbnail.tsx
FN:29,(anonymous_0)
FNF:1
FNH:0
FNDA:0,(anonymous_0)
DA:7,14
DA:29,14
DA:36,0
DA:37,0
DA:38,0
LF:5
LH:2
BRF:0
BRH:0
end_of_record
TN:
SF:src/components/Attachment/utils/getAspectRatio.ts
FN:11,getAspectRatio
FNF:1
FNH:1
FNDA:49,getAspectRatio
DA:14,49
DA:15,0
DA:20,49
DA:22,42
LF:4
LH:3
BRDA:14,0,0,0
BRDA:14,0,1,49
BRDA:14,1,0,49
BRDA:14,1,1,0
BRDA:20,2,0,7
BRDA:20,2,1,42
BRDA:20,3,0,49
BRDA:20,3,1,42
BRF:8
BRH:6
end_of_record
TN:
SF:src/components/Attachment/utils/getGalleryImageBorderRadius.ts
FN:19,getGalleryImageBorderRadius
FNF:1
FNH:1
FNDA:20,getGalleryImageBorderRadius
DA:34,20
DA:35,20
DA:37,20
DA:42,20
DA:44,20
DA:47,20
DA:49,20
DA:51,20
LF:8
LH:8
BRDA:35,0,0,20
BRDA:35,0,1,8
BRDA:37,1,0,20
BRDA:37,1,1,2
BRDA:37,1,2,2
BRDA:37,1,3,2
BRDA:37,1,4,0
BRDA:37,1,5,2
BRDA:37,1,6,2
BRDA:42,2,0,20
BRDA:42,2,1,13
BRDA:44,3,0,20
BRDA:44,3,1,9
BRDA:44,3,2,5
BRDA:44,3,3,16
BRDA:44,3,4,11
BRDA:44,3,5,9
BRDA:47,4,0,20
BRDA:47,4,1,9
BRDA:47,4,2,6
BRDA:47,4,3,16
BRDA:47,4,4,11
BRDA:47,4,5,8
BRDA:49,5,0,20
BRDA:49,5,1,0
BRDA:53,6,0,0
BRDA:53,6,1,20
BRDA:53,7,0,20
BRDA:53,7,1,20
BRDA:53,7,2,9
BRDA:53,7,3,0
BRDA:53,7,4,0
BRDA:53,7,5,0
BRDA:53,7,6,0
BRDA:61,8,0,0
BRDA:61,8,1,20
BRDA:61,9,0,20
BRDA:61,9,1,20
BRDA:61,9,2,0
BRDA:61,9,3,0
BRDA:61,9,4,0
BRDA:61,9,5,0
BRDA:61,9,6,0
BRDA:68,10,0,9
BRDA:68,10,1,11
BRDA:68,11,0,20
BRDA:68,11,1,20
BRDA:69,12,0,9
BRDA:69,12,1,11
BRDA:69,13,0,20
BRDA:69,13,1,20
BRF:51
BRH:38
end_of_record
TN:
SF:src/components/Attachment/utils/openUrlSafely.ts
FN:3,(anonymous_0)
FNF:1
FNH:1
FNDA:3,(anonymous_0)
DA:3,15
DA:4,3
DA:5,3
DA:7,3
DA:8,2
DA:10,3
DA:12,3
DA:13,1
DA:15,2
LF:9
LH:9
BRDA:7,0,0,2
BRDA:7,0,1,1
BRDA:12,1,0,1
BRDA:12,1,1,2
BRF:4
BRH:4
end_of_record
TN:
SF:src/components/Attachment/utils/buildGallery/buildGallery.ts
FN:29,buildGallery
FNF:1
FNH:1
FNDA:35,buildGallery
DA:38,35
DA:39,13
DA:45,22
DA:46,9
DA:52,13
DA:53,7
DA:68,6
LF:7
LH:7
BRDA:38,0,0,13
BRDA:38,0,1,22
BRDA:45,1,0,9
BRDA:45,1,1,13
BRDA:52,2,0,7
BRDA:52,2,1,6
BRF:6
BRH:6
end_of_record
TN:
SF:src/components/Attachment/utils/buildGallery/buildGalleryOfSingleImage.ts
FN:18,clamp
FN:22,getContainerSize
FN:66,buildGalleryOfSingleImage
FNF:3
FNH:3
FNDA:20,clamp
FNDA:13,getContainerSize
FNDA:13,buildGalleryOfSingleImage
DA:19,20
DA:25,13
DA:26,13
DA:28,13
DA:29,3
DA:32,10
DA:34,10
DA:35,2
DA:36,2
DA:38,2
DA:39,0
DA:44,2
DA:50,8
DA:51,8
DA:53,8
DA:54,0
DA:60,8
DA:75,13
DA:80,13
DA:85,13
DA:87,13
LF:21
LH:19
BRDA:28,0,0,3
BRDA:28,0,1,10
BRDA:28,1,0,13
BRDA:28,1,1,10
BRDA:34,2,0,2
BRDA:34,2,1,8
BRDA:38,3,0,0
BRDA:38,3,1,2
BRDA:53,4,0,0
BRDA:53,4,1,8
BRF:10
BRH:8
end_of_record
TN:
SF:src/components/Attachment/utils/buildGallery/buildGalleryOfThreeImages.ts
FN:11,moveToFront
FN:22,buildGalleryOfThreeImages
FN:34,(anonymous_2)
FNF:3
FNH:3
FNDA:7,moveToFront
FNDA:7,buildGalleryOfThreeImages
FNDA:21,(anonymous_2)
DA:12,7
DA:13,7
DA:14,0
DA:16,7
DA:17,7
DA:18,7
DA:19,7
DA:33,7
DA:35,21
DA:36,21
DA:40,21
DA:41,13
DA:42,5
DA:43,5
DA:46,8
DA:47,3
DA:48,3
DA:52,21
DA:66,7
DA:76,5
DA:92,2
LF:21
LH:20
BRDA:13,0,0,0
BRDA:13,0,1,7
BRDA:40,1,0,13
BRDA:40,1,1,8
BRDA:41,2,0,5
BRDA:41,2,1,8
BRDA:41,3,0,13
BRDA:41,3,1,8
BRDA:46,4,0,3
BRDA:46,4,1,5
BRDA:46,5,0,8
BRDA:46,5,1,5
BRDA:66,6,0,5
BRDA:66,6,1,2
BRDA:78,7,0,5
BRDA:78,7,1,0
BRDA:94,8,0,2
BRDA:94,8,1,0
BRF:18
BRH:15
end_of_record
TN:
SF:src/components/Attachment/utils/buildGallery/buildGalleryOfTwoImages.ts
FN:10,buildGalleryOfTwoImages
FNF:1
FNH:1
FNDA:9,buildGalleryOfTwoImages
DA:19,9
DA:20,9
DA:23,9
DA:24,9
DA:27,9
DA:35,5
DA:43,4
DA:52,3
DA:60,1
LF:9
LH:9
BRDA:27,0,0,5
BRDA:27,0,1,4
BRDA:27,1,0,9
BRDA:27,1,1,5
BRDA:43,2,0,3
BRDA:43,2,1,1
BRDA:43,3,0,4
BRDA:43,3,1,4
BRDA:62,4,0,0
BRDA:62,4,1,1
BRF:10
BRH:9
end_of_record
TN:
SF:src/components/Attachment/utils/buildGallery/buildThumbnail.ts
FN:12,buildThumbnail
FNF:1
FNH:1
FNDA:76,buildThumbnail
DA:25,76
DA:29,76
DA:32,76
DA:34,76
LF:4
LH:4
BRDA:29,0,0,62
BRDA:29,0,1,14
BRDA:29,1,0,76
BRDA:29,1,1,62
BRDA:36,2,0,63
BRDA:36,2,1,13
BRDA:38,3,0,10
BRDA:38,3,1,3
BRDA:38,4,0,13
BRDA:38,4,1,10
BRDA:40,5,0,59
BRDA:40,5,1,17
BRF:12
BRH:12
end_of_record
TN:
SF:src/components/Attachment/utils/buildGallery/buildThumbnailGrid.ts
FN:136,buildThumbnailGrid
FN:154,(anonymous_1)
FN:155,(anonymous_2)
FN:157,(anonymous_3)
FNF:4
FNH:4
FNDA:22,buildThumbnailGrid
FNDA:40,(anonymous_1)
FNDA:63,(anonymous_2)
FNDA:63,(anonymous_3)
DA:149,22
DA:151,22
DA:152,22
DA:153,22
DA:154,22
DA:155,63
DA:157,40
DA:158,63
DA:162,63
DA:166,63
DA:167,63
DA:174,63
DA:175,40
DA:178,63
DA:179,63
DA:182,22
LF:16
LH:16
BRDA:141,0,0,0
BRDA:158,1,0,33
BRDA:158,1,1,30
BRDA:162,2,0,33
BRDA:162,2,1,30
BRDA:174,3,0,40
BRDA:174,3,1,23
BRF:7
BRH:6
end_of_record
TN:
SF:src/components/AttachmentPicker/AttachmentPicker.tsx
FN:75,(anonymous_0)
FN:112,(anonymous_1)
FN:116,(anonymous_2)
FN:116,(anonymous_3)
FN:118,(anonymous_4)
FN:168,(anonymous_5)
FN:189,(anonymous_6)
FN:191,(anonymous_7)
FN:191,(anonymous_8)
FN:193,(anonymous_9)
FN:226,(anonymous_10)
FN:306,(anonymous_11)
FN:347,(anonymous_12)
FN:370,(anonymous_13)
FN:371,(anonymous_14)
FN:383,(anonymous_15)
FN:386,(anonymous_16)
FN:387,(anonymous_17)
FN:397,(anonymous_18)
FN:406,(anonymous_19)
FN:424,(anonymous_20)
FN:434,(anonymous_21)
FN:446,(anonymous_22)
FN:453,(anonymous_23)
FN:454,(anonymous_24)
FN:501,(anonymous_25)
FN:531,(anonymous_26)
FNF:27
FNH:8
FNDA:0,(anonymous_0)
FNDA:0,(anonymous_1)
FNDA:0,(anonymous_2)
FNDA:0,(anonymous_3)
FNDA:0,(anonymous_4)
FNDA:0,(anonymous_5)
FNDA:0,(anonymous_6)
FNDA:0,(anonymous_7)
FNDA:0,(anonymous_8)
FNDA:0,(anonymous_9)
FNDA:0,(anonymous_10)
FNDA:215,(anonymous_11)
FNDA:0,(anonymous_12)
FNDA:61,(anonymous_13)
FNDA:0,(anonymous_14)
FNDA:61,(anonymous_15)
FNDA:60,(anonymous_16)
FNDA:0,(anonymous_17)
FNDA:0,(anonymous_18)
FNDA:60,(anonymous_19)
FNDA:60,(anonymous_20)
FNDA:61,(anonymous_21)
FNDA:0,(anonymous_22)
FNDA:0,(anonymous_23)
FNDA:0,(anonymous_24)
FNDA:60,(anonymous_25)
FNDA:0,(anonymous_26)
DA:33,12
DA:35,12
DA:57,12
DA:58,12
DA:75,12
DA:84,0
DA:91,0
DA:93,0
DA:95,0
DA:97,0
DA:99,0
DA:101,0
DA:102,0
DA:103,0
DA:104,0
DA:107,0
DA:110,0
DA:112,0
DA:114,0
DA:115,0
DA:116,0
DA:118,0
DA:119,0
DA:120,0
DA:121,0
DA:123,0
DA:137,0
DA:168,12
DA:177,0
DA:183,0
DA:185,0
DA:187,0
DA:189,0
DA:190,0
DA:191,0
DA:193,0
DA:194,0
DA:195,0
DA:196,0
DA:198,0
DA:203,0
DA:226,12
DA:236,0
DA:238,0
DA:240,0
DA:248,0
DA:305,12
DA:319,215
DA:326,215
DA:337,215
DA:339,215
DA:340,215
DA:341,215
DA:342,215
DA:343,215
DA:344,215
DA:345,215
DA:347,215
DA:348,0
DA:349,0
DA:350,0
DA:351,0
DA:355,0
DA:356,0
DA:358,0
DA:360,0
DA:361,0
DA:363,0
DA:364,0
DA:366,0
DA:370,215
DA:371,61
DA:372,0
DA:373,0
DA:374,0
DA:375,0
DA:378,0
DA:381,61
DA:383,61
DA:386,215
DA:387,60
DA:388,0
DA:389,0
DA:391,0
DA:396,0
DA:397,0
DA:402,60
DA:406,60
DA:407,60
DA:408,60
DA:409,60
DA:413,0
DA:414,0
DA:416,0
DA:418,0
DA:419,0
DA:424,215
DA:425,60
DA:426,60
DA:427,60
DA:428,60
DA:429,60
DA:434,215
DA:435,61
DA:441,0
DA:442,0
DA:446,215
DA:453,0
DA:454,0
DA:459,215
DA:467,215
DA:468,215
DA:470,215
DA:487,215
DA:492,215
DA:500,215
DA:501,60
DA:505,215
DA:531,0
DA:550,12
LF:120
LH:49
BRDA:95,0,0,0
BRDA:95,0,1,0
BRDA:101,1,0,0
BRDA:101,1,1,0
BRDA:103,2,0,0
BRDA:103,2,1,0
BRDA:110,3,0,0
BRDA:110,3,1,0
BRDA:114,4,0,0
BRDA:114,4,1,0
BRDA:115,5,0,0
BRDA:115,5,1,0
BRDA:119,6,0,0
BRDA:119,6,1,0
BRDA:130,7,0,0
BRDA:130,7,1,0
BRDA:150,8,0,0
BRDA:150,8,1,0
BRDA:157,9,0,0
BRDA:157,9,1,0
BRDA:185,10,0,0
BRDA:185,10,1,0
BRDA:190,11,0,0
BRDA:190,11,1,0
BRDA:194,12,0,0
BRDA:194,12,1,0
BRDA:216,13,0,0
BRDA:216,13,1,0
BRDA:238,14,0,0
BRDA:238,14,1,0
BRDA:240,15,0,0
BRDA:240,15,1,0
BRDA:241,16,0,0
BRDA:241,16,1,0
BRDA:244,17,0,0
BRDA:244,17,1,0
BRDA:248,18,0,0
BRDA:248,18,1,0
BRDA:348,19,0,0
BRDA:348,19,1,0
BRDA:348,20,0,0
BRDA:348,20,1,0
BRDA:348,20,2,0
BRDA:348,20,3,0
BRDA:353,21,0,0
BRDA:353,21,1,0
BRDA:355,22,0,0
BRDA:355,22,1,0
BRDA:361,23,0,0
BRDA:361,23,1,0
BRDA:372,24,0,0
BRDA:372,24,1,0
BRDA:388,25,0,0
BRDA:388,25,1,0
BRDA:402,26,0,60
BRDA:402,26,1,0
BRDA:407,27,0,60
BRDA:407,27,1,0
BRDA:413,28,0,0
BRDA:413,28,1,0
BRDA:418,29,0,0
BRDA:418,29,1,0
BRDA:425,30,0,60
BRDA:425,30,1,0
BRDA:427,31,0,60
BRDA:427,31,1,0
BRDA:435,32,0,0
BRDA:435,32,1,61
BRDA:436,33,0,61
BRDA:436,33,1,1
BRDA:436,33,2,1
BRDA:436,33,3,0
BRDA:453,34,0,0
BRDA:453,34,1,0
BRDA:459,35,0,215
BRDA:459,35,1,215
BRDA:467,36,0,215
BRDA:467,36,1,215
BRDA:470,37,0,0
BRDA:470,37,1,215
BRDA:471,38,0,0
BRDA:471,38,1,0
BRDA:472,39,0,0
BRDA:472,39,1,0
BRDA:474,40,0,0
BRDA:474,40,1,0
BRDA:475,41,0,0
BRDA:475,41,1,0
BRDA:476,42,0,0
BRDA:476,42,1,0
BRDA:478,43,0,0
BRDA:478,43,1,0
BRDA:481,44,0,0
BRDA:481,44,1,0
BRDA:487,45,0,0
BRDA:487,45,1,215
BRDA:487,46,0,215
BRDA:487,46,1,215
BRDA:492,47,0,0
BRDA:492,47,1,215
BRDA:515,48,0,0
BRDA:515,48,1,215
BRDA:528,49,0,0
BRDA:528,49,1,215
BRDA:532,50,0,215
BRDA:532,50,1,215
BRDA:537,51,0,215
BRDA:537,51,1,1
BRDA:537,51,2,0
BRF:109
BRH:23
end_of_record
TN:
SF:src/components/AttachmentPicker/components/AttachmentPickerBottomSheetHandle.tsx
FN:22,(anonymous_0)
FN:29,(anonymous_1)
FNF:2
FNH:0
FNDA:0,(anonymous_0)
FNDA:0,(anonymous_1)
DA:7,12
DA:22,12
DA:27,0
DA:29,0
DA:34,0
LF:5
LH:2
BRDA:30,0,0,0
BRDA:30,0,1,0
BRDA:31,1,0,0
BRDA:31,1,1,0
BRF:4
BRH:0
end_of_record
TN:
SF:src/components/AttachmentPicker/components/AttachmentPickerError.tsx
FN:39,(anonymous_0)
FN:57,(anonymous_1)
FNF:2
FNH:0
FNDA:0,(anonymous_0)
FNDA:0,(anonymous_1)
DA:8,12
DA:39,12
DA:45,0
DA:52,0
DA:53,0
DA:55,0
DA:57,0
DA:58,0
DA:59,0
DA:60,0
DA:61,0
DA:63,0
DA:67,0
LF:13
LH:2
BRDA:73,0,0,0
BRDA:73,0,1,0
BRDA:80,1,0,0
BRDA:80,1,1,0
BRDA:88,2,0,0
BRDA:88,2,1,0
BRF:6
BRH:0
end_of_record
TN:
SF:src/components/AttachmentPicker/components/AttachmentPickerErrorImage.tsx
FN:6,(anonymous_0)
FNF:1
FNH:0
FNDA:0,(anonymous_0)
DA:6,12
DA:11,0
DA:13,0
LF:3
LH:1
BRF:0
BRH:0
end_of_record
TN:
SF:src/components/AttachmentPicker/components/AttachmentSelectionBar.tsx
FN:21,(anonymous_0)
FN:41,(anonymous_1)
FN:50,(anonymous_2)
FN:56,(anonymous_3)
FN:61,(anonymous_4)
FN:69,(anonymous_5)
FNF:6
FNH:1
FNDA:1,(anonymous_0)
FNDA:0,(anonymous_1)
FNDA:0,(anonymous_2)
FNDA:0,(anonymous_3)
FNDA:0,(anonymous_4)
FNDA:0,(anonymous_5)
DA:10,5
DA:21,5
DA:31,1
DA:33,1
DA:39,1
DA:41,1
DA:42,0
DA:43,0
DA:44,0
DA:46,0
DA:50,1
DA:51,0
DA:52,0
DA:53,0
DA:56,1
DA:57,0
DA:58,0
DA:59,0
DA:60,0
DA:61,0
DA:65,1
DA:69,0
LF:22
LH:9
BRDA:42,0,0,0
BRDA:42,0,1,0
BRDA:60,1,0,0
BRDA:60,1,1,0
BRDA:66,2,0,1
BRDA:66,2,1,1
BRDA:79,3,0,1
BRDA:79,3,1,1
BRF:8
BRH:4
end_of_record
TN:
SF:src/components/AttachmentPicker/components/CameraSelectorIcon.tsx
FN:6,(anonymous_0)
FNF:1
FNH:1
FNDA:1,(anonymous_0)
DA:6,12
DA:11,1
DA:13,1
LF:3
LH:3
BRF:0
BRH:0
end_of_record
TN:
SF:src/components/AttachmentPicker/components/FileSelectorIcon.tsx
FN:6,(anonymous_0)
FNF:1
FNH:1
FNDA:1,(anonymous_0)
DA:6,12
DA:11,1
DA:13,1
LF:3
LH:3
BRF:0
BRH:0
end_of_record
TN:
SF:src/components/AttachmentPicker/components/ImageOverlaySelectedComponent.tsx
FN:17,(anonymous_0)
FNF:1
FNH:0
FNDA:0,(anonymous_0)
DA:7,12
DA:17,12
DA:25,0
DA:26,0
DA:33,12
LF:5
LH:3
BRF:0
BRH:0
end_of_record
TN:
SF:src/components/AttachmentPicker/components/ImageSelectorIcon.tsx
FN:10,(anonymous_0)
FNF:1
FNH:1
FNDA:1,(anonymous_0)
DA:10,12
DA:15,1
DA:17,1
LF:3
LH:3
BRDA:17,0,0,1
BRDA:17,0,1,0
BRF:2
BRH:1
end_of_record
TN:
SF:src/components/AutoCompleteInput/AutoCompleteInput.tsx
FN:46,(anonymous_0)
FN:49,(anonymous_1)
FN:86,(anonymous_2)
FN:124,(anonymous_3)
FN:132,(anonymous_4)
FN:136,(anonymous_5)
FN:145,(anonymous_6)
FN:150,(anonymous_7)
FN:163,(anonymous_8)
FN:167,(anonymous_9)
FN:185,(anonymous_10)
FN:192,(anonymous_11)
FN:204,(anonymous_12)
FN:211,(anonymous_13)
FN:219,(anonymous_14)
FN:227,(anonymous_15)
FN:287,(anonymous_16)
FN:301,(anonymous_17)
FN:304,(anonymous_18)
FN:330,(anonymous_19)
FN:333,(anonymous_20)
FN:359,(anonymous_21)
FN:394,(anonymous_22)
FN:402,(anonymous_23)
FN:426,(anonymous_24)
FN:436,(anonymous_25)
FN:473,(anonymous_26)
FNF:27
FNH:10
FNDA:0,(anonymous_0)
FNDA:3,(anonymous_1)
FNDA:19,(anonymous_2)
FNDA:13,(anonymous_3)
FNDA:13,(anonymous_4)
FNDA:0,(anonymous_5)
FNDA:3,(anonymous_6)
FNDA:0,(anonymous_7)
FNDA:0,(anonymous_8)
FNDA:0,(anonymous_9)
FNDA:0,(anonymous_10)
FNDA:0,(anonymous_11)
FNDA:0,(anonymous_12)
FNDA:0,(anonymous_13)
FNDA:0,(anonymous_14)
FNDA:0,(anonymous_15)
FNDA:3,(anonymous_16)
FNDA:0,(anonymous_17)
FNDA:0,(anonymous_18)
FNDA:3,(anonymous_19)
FNDA:0,(anonymous_20)
FNDA:3,(anonymous_21)
FNDA:0,(anonymous_22)
FNDA:0,(anonymous_23)
FNDA:0,(anonymous_24)
FNDA:92,(anonymous_25)
FNDA:101,(anonymous_26)
DA:35,14
DA:46,14
DA:47,0
DA:49,14
DA:86,14
DA:111,19
DA:113,19
DA:114,19
DA:115,19
DA:122,19
DA:124,19
DA:125,13
DA:126,0
DA:128,13
DA:132,19
DA:133,13
DA:136,19
DA:137,0
DA:138,0
DA:139,0
DA:140,0
DA:141,0
DA:145,19
DA:146,3
DA:147,3
DA:150,19
DA:157,0
DA:158,0
DA:159,0
DA:160,0
DA:164,0
DA:165,0
DA:167,0
DA:179,0
DA:180,0
DA:181,0
DA:182,0
DA:186,0
DA:187,0
DA:190,0
DA:192,0
DA:202,0
DA:203,0
DA:204,0
DA:205,0
DA:206,0
DA:209,0
DA:211,0
DA:219,19
DA:224,0
DA:227,19
DA:234,0
DA:235,0
DA:238,0
DA:239,0
DA:240,0
DA:241,0
DA:242,0
DA:245,0
DA:246,0
DA:247,0
DA:248,0
DA:251,0
DA:252,0
DA:253,0
DA:254,0
DA:258,0
DA:260,0
DA:262,0
DA:264,0
DA:266,0
DA:268,0
DA:270,0
DA:271,0
DA:272,0
DA:274,0
DA:277,0
DA:279,0
DA:280,0
DA:281,0
DA:282,0
DA:287,19
DA:288,3
DA:289,3
DA:292,0
DA:293,0
DA:295,0
DA:296,0
DA:298,0
DA:301,19
DA:302,0
DA:304,0
DA:311,0
DA:312,0
DA:313,0
DA:316,0
DA:319,0
DA:320,0
DA:323,0
DA:324,0
DA:327,0
DA:330,19
DA:331,3
DA:333,3
DA:340,3
DA:341,3
DA:342,3
DA:345,0
DA:348,0
DA:349,0
DA:352,0
DA:353,0
DA:356,0
DA:359,19
DA:360,3
DA:364,0
DA:365,3
DA:366,3
DA:369,3
DA:370,0
DA:372,3
DA:375,3
DA:380,19
DA:386,19
DA:390,19
DA:395,0
DA:396,0
DA:397,0
DA:399,0
DA:407,0
DA:408,0
DA:427,0
DA:428,0
DA:430,0
DA:436,14
DA:445,92
DA:451,92
DA:453,92
DA:454,92
DA:456,92
DA:457,92
DA:459,86
DA:460,86
DA:462,82
DA:463,82
DA:465,82
DA:468,14
DA:473,14
DA:478,101
DA:493,101
DA:495,101
DA:496,101
DA:498,101
DA:525,14
LF:154
LH:61
BRDA:49,0,0,3
BRDA:49,0,1,0
BRDA:95,1,0,5
BRDA:124,2,0,0
BRDA:125,3,0,0
BRDA:125,3,1,13
BRDA:138,4,0,0
BRDA:138,4,1,0
BRDA:157,5,0,0
BRDA:157,5,1,0
BRDA:159,6,0,0
BRDA:159,6,1,0
BRDA:164,7,0,0
BRDA:164,7,1,0
BRDA:179,8,0,0
BRDA:179,8,1,0
BRDA:181,9,0,0
BRDA:181,9,1,0
BRDA:186,10,0,0
BRDA:186,10,1,0
BRDA:203,11,0,0
BRDA:203,11,1,0
BRDA:205,12,0,0
BRDA:205,12,1,0
BRDA:234,13,0,0
BRDA:234,13,1,0
BRDA:234,14,0,0
BRDA:234,14,1,0
BRDA:239,15,0,0
BRDA:239,15,1,0
BRDA:239,16,0,0
BRDA:239,16,1,0
BRDA:241,17,0,0
BRDA:241,17,1,0
BRDA:245,18,0,0
BRDA:245,18,1,0
BRDA:245,19,0,0
BRDA:245,19,1,0
BRDA:247,20,0,0
BRDA:247,20,1,0
BRDA:251,21,0,0
BRDA:251,21,1,0
BRDA:251,22,0,0
BRDA:251,22,1,0
BRDA:253,23,0,0
BRDA:253,23,1,0
BRDA:270,24,0,0
BRDA:270,24,1,0
BRDA:270,25,0,0
BRDA:270,25,1,0
BRDA:277,26,0,0
BRDA:277,26,1,0
BRDA:279,27,0,0
BRDA:279,27,1,0
BRDA:279,28,0,0
BRDA:279,28,1,0
BRDA:281,29,0,0
BRDA:281,29,1,0
BRDA:288,30,0,3
BRDA:288,30,1,0
BRDA:292,31,0,0
BRDA:292,31,1,0
BRDA:304,32,0,0
BRDA:304,32,1,0
BRDA:304,32,2,0
BRDA:311,33,0,0
BRDA:311,33,1,0
BRDA:311,34,0,0
BRDA:311,34,1,0
BRDA:319,35,0,0
BRDA:319,35,1,0
BRDA:323,36,0,0
BRDA:323,36,1,0
BRDA:333,37,0,3
BRDA:333,37,1,0
BRDA:333,37,2,3
BRDA:340,38,0,3
BRDA:340,38,1,0
BRDA:340,39,0,3
BRDA:340,39,1,0
BRDA:348,40,0,0
BRDA:348,40,1,0
BRDA:352,41,0,0
BRDA:352,41,1,0
BRDA:360,42,0,0
BRDA:360,42,1,3
BRDA:361,43,0,3
BRDA:361,43,1,0
BRDA:365,44,0,3
BRDA:365,44,1,0
BRDA:369,45,0,0
BRDA:369,45,1,3
BRDA:380,46,0,0
BRDA:380,46,1,19
BRDA:382,47,0,0
BRDA:382,47,1,19
BRDA:395,48,0,0
BRDA:395,48,1,0
BRDA:395,49,0,0
BRDA:395,49,1,0
BRDA:407,50,0,0
BRDA:407,50,1,0
BRDA:419,51,0,19
BRDA:419,51,1,19
BRDA:427,52,0,0
BRDA:427,52,1,0
BRDA:454,53,0,0
BRDA:454,53,1,92
BRDA:457,54,0,6
BRDA:457,54,1,86
BRDA:460,55,0,4
BRDA:460,55,1,82
BRDA:463,56,0,0
BRDA:463,56,1,82
BRF:114
BRH:22
end_of_record
TN:
SF:src/components/AutoCompleteInput/AutoCompleteSuggestionCommandIcon.tsx
FN:20,(anonymous_0)
FNF:1
FNH:0
FNDA:0,(anonymous_0)
DA:9,13
DA:20,13
DA:36,0
DA:37,0
DA:39,0
DA:45,0
DA:51,0
DA:57,0
DA:63,0
DA:69,0
DA:75,0
DA:81,0
LF:12
LH:2
BRDA:37,0,0,0
BRDA:37,0,1,0
BRDA:37,0,2,0
BRDA:37,0,3,0
BRDA:37,0,4,0
BRDA:37,0,5,0
BRDA:37,0,6,0
BRDA:37,0,7,0
BRF:8
BRH:0
end_of_record
TN:
SF:src/components/AutoCompleteInput/AutoCompleteSuggestionHeader.tsx
FN:28,(anonymous_0)
FN:71,(anonymous_1)
FN:95,(anonymous_2)
FNF:3
FNH:0
FNDA:0,(anonymous_0)
FNDA:0,(anonymous_1)
FNDA:0,(anonymous_2)
DA:16,13
DA:28,13
DA:34,0
DA:44,0
DA:46,0
DA:47,0
DA:55,0
DA:56,0
DA:64,0
DA:65,0
DA:67,0
DA:71,13
DA:75,0
DA:76,0
DA:78,0
DA:79,0
DA:81,0
DA:82,0
DA:83,0
DA:86,13
DA:95,13
DA:99,0
DA:101,13
LF:23
LH:6
BRDA:46,0,0,0
BRDA:46,0,1,0
BRDA:55,1,0,0
BRDA:55,1,1,0
BRDA:64,2,0,0
BRDA:64,2,1,0
BRDA:79,3,0,0
BRDA:79,3,1,0
BRDA:82,4,0,0
BRDA:82,4,1,0
BRF:10
BRH:0
end_of_record
TN:
SF:src/components/AutoCompleteInput/AutoCompleteSuggestionItem.tsx
FN:58,(anonymous_0)
FN:108,(anonymous_1)
FN:120,(anonymous_2)
FN:142,(anonymous_3)
FNF:4
FNH:0
FNDA:0,(anonymous_0)
FNDA:0,(anonymous_1)
FNDA:0,(anonymous_2)
FNDA:0,(anonymous_3)
DA:24,13
DA:58,13
DA:75,0
DA:77,0
DA:78,0
DA:79,0
DA:90,0
DA:91,0
DA:92,0
DA:102,0
DA:103,0
DA:104,0
DA:108,0
DA:116,0
DA:120,13
DA:124,0
DA:125,0
DA:126,0
DA:127,0
DA:128,0
DA:129,0
DA:130,0
DA:133,13
DA:142,13
DA:146,0
DA:148,13
LF:26
LH:6
BRDA:77,0,0,0
BRDA:77,0,1,0
BRDA:84,1,0,0
BRDA:84,1,1,0
BRDA:90,2,0,0
BRDA:90,2,1,0
BRDA:102,3,0,0
BRDA:102,3,1,0
BRDA:108,4,0,0
BRDA:108,4,1,0
BRDA:127,5,0,0
BRDA:127,5,1,0
BRDA:129,6,0,0
BRDA:129,6,1,0
BRF:14
BRH:0
end_of_record
TN:
SF:src/components/AutoCompleteInput/AutoCompleteSuggestionList.tsx
FN:34,(anonymous_0)
FN:41,(anonymous_1)
FN:66,(anonymous_2)
FN:72,(anonymous_3)
FN:94,(anonymous_4)
FN:110,(anonymous_5)
FN:133,(anonymous_6)
FN:147,(anonymous_7)
FN:193,(anonymous_8)
FNF:9
FNH:0
FNDA:0,(anonymous_0)
FNDA:0,(anonymous_1)
FNDA:0,(anonymous_2)
FNDA:0,(anonymous_3)
FNDA:0,(anonymous_4)
FNDA:0,(anonymous_5)
FNDA:0,(anonymous_6)
FNDA:0,(anonymous_7)
FNDA:0,(anonymous_8)
DA:34,13
DA:35,0
DA:36,0
DA:39,13
DA:41,13
DA:54,0
DA:64,0
DA:66,0
DA:67,0
DA:69,0
DA:70,0
DA:73,0
DA:89,0
DA:91,0
DA:92,0
DA:95,0
DA:105,0
DA:107,0
DA:108,0
DA:111,0
DA:121,0
DA:123,0
DA:127,0
DA:129,0
DA:134,0
DA:147,13
DA:156,0
DA:162,0
DA:164,0
DA:165,0
DA:167,0
DA:168,0
DA:170,0
DA:171,0
DA:173,0
DA:174,0
DA:176,0
DA:179,13
DA:193,13
DA:199,0
DA:201,0
DA:209,13
LF:42
LH:7
BRDA:67,0,0,0
BRDA:67,0,1,0
BRDA:67,0,2,0
BRDA:67,0,3,0
BRDA:69,1,0,0
BRDA:69,1,1,0
BRDA:77,2,0,0
BRDA:77,2,1,0
BRDA:78,3,0,0
BRDA:78,3,1,0
BRDA:83,4,0,0
BRDA:83,4,1,0
BRDA:91,5,0,0
BRDA:91,5,1,0
BRDA:99,6,0,0
BRDA:99,6,1,0
BRDA:107,7,0,0
BRDA:107,7,1,0
BRDA:115,8,0,0
BRDA:115,8,1,0
BRDA:127,9,0,0
BRDA:127,9,1,0
BRDA:127,10,0,0
BRDA:127,10,1,0
BRDA:134,11,0,0
BRDA:134,11,1,0
BRDA:134,12,0,0
BRDA:134,12,1,0
BRDA:137,13,0,0
BRDA:137,13,1,0
BRDA:165,14,0,0
BRDA:165,14,1,0
BRDA:168,15,0,0
BRDA:168,15,1,0
BRDA:171,16,0,0
BRDA:171,16,1,0
BRDA:174,17,0,0
BRDA:174,17,1,0
BRF:38
BRH:0
end_of_record
TN:
SF:src/components/Avatar/Avatar.tsx
FN:27,(anonymous_0)
FN:31,(anonymous_1)
FN:52,(anonymous_2)
FN:89,(anonymous_3)
FNF:4
FNH:1
FNDA:0,(anonymous_0)
FNDA:0,(anonymous_1)
FNDA:93,(anonymous_2)
FNDA:0,(anonymous_3)
DA:8,20
DA:9,20
DA:10,20
DA:12,20
DA:27,20
DA:28,0
DA:31,0
DA:52,20
DA:63,93
DA:69,93
DA:71,93
DA:73,93
DA:89,0
DA:141,20
LF:14
LH:11
BRDA:88,0,0,93
BRDA:88,0,1,93
BRDA:92,1,0,0
BRDA:92,1,1,93
BRDA:92,2,0,93
BRDA:92,2,1,93
BRDA:92,2,2,93
BRDA:92,2,3,93
BRDA:96,3,0,0
BRDA:96,3,1,0
BRDA:98,4,0,0
BRDA:98,4,1,0
BRDA:107,5,0,91
BRDA:107,5,1,2
BRDA:116,6,0,93
BRDA:116,6,1,93
BRDA:119,7,0,93
BRDA:119,7,1,0
BRF:18
BRH:12
end_of_record
TN:
SF:src/components/Avatar/GroupAvatar.tsx
FN:18,(anonymous_0)
FN:22,(anonymous_1)
FN:39,(anonymous_2)
FN:62,(anonymous_3)
FN:118,(anonymous_4)
FN:128,(anonymous_5)
FN:132,(anonymous_6)
FNF:7
FNH:6
FNDA:6,(anonymous_0)
FNDA:6,(anonymous_1)
FNDA:8,(anonymous_2)
FNDA:6,(anonymous_3)
FNDA:4,(anonymous_4)
FNDA:6,(anonymous_5)
FNDA:0,(anonymous_6)
DA:7,4
DA:8,4
DA:9,4
DA:11,4
DA:18,4
DA:19,6
DA:22,6
DA:39,4
DA:40,8
DA:45,8
DA:47,8
DA:61,8
DA:62,8
DA:63,6
DA:72,6
DA:73,0
DA:83,6
DA:84,4
DA:94,2
DA:105,6
DA:108,8
DA:119,4
DA:129,6
DA:132,0
DA:165,4
LF:25
LH:23
BRDA:61,0,0,8
BRDA:61,0,1,0
BRDA:61,0,2,0
BRDA:63,1,0,0
BRDA:63,1,1,6
BRDA:66,2,0,6
BRDA:66,2,1,0
BRDA:68,3,0,0
BRDA:68,3,1,6
BRDA:72,4,0,0
BRDA:72,4,1,6
BRDA:74,5,0,0
BRDA:74,5,1,0
BRDA:76,6,0,0
BRDA:76,6,1,0
BRDA:77,7,0,0
BRDA:77,7,1,0
BRDA:83,8,0,4
BRDA:83,8,1,2
BRDA:85,9,0,4
BRDA:85,9,1,2
BRDA:88,10,0,4
BRDA:88,10,1,0
BRDA:95,11,0,2
BRDA:95,11,1,2
BRDA:98,12,0,2
BRDA:98,12,1,0
BRDA:100,13,0,2
BRDA:100,13,1,0
BRDA:116,14,0,8
BRDA:116,14,1,8
BRDA:124,15,0,0
BRDA:124,15,1,4
BRDA:130,16,0,6
BRDA:130,16,1,6
BRDA:135,17,0,0
BRDA:135,17,1,6
BRDA:135,18,0,6
BRDA:135,18,1,6
BRDA:136,19,0,0
BRDA:136,19,1,0
BRDA:139,20,0,0
BRDA:139,20,1,0
BRDA:149,21,0,6
BRDA:149,21,1,0
BRF:45
BRH:23
end_of_record
TN:
SF:src/components/Channel/Channel.tsx
FN:384,(anonymous_0)
FN:572,(anonymous_1)
FN:573,(anonymous_2)
FN:603,(anonymous_3)
FN:613,(anonymous_4)
FN:624,(anonymous_5)
FN:651,(anonymous_6)
FN:669,(anonymous_7)
FN:681,(anonymous_8)
FN:693,(anonymous_9)
FN:705,(anonymous_10)
FN:721,(anonymous_11)
FN:730,(anonymous_12)
FN:736,(anonymous_13)
FN:761,(anonymous_14)
FN:765,(anonymous_15)
FN:775,(anonymous_16)
FN:786,(anonymous_17)
FN:787,(anonymous_18)
FN:788,(anonymous_19)
FN:792,(anonymous_20)
FN:792,(anonymous_21)
FN:816,(anonymous_22)
FN:824,(anonymous_23)
FN:906,(anonymous_24)
FN:911,(anonymous_25)
FN:919,(anonymous_26)
FN:920,(anonymous_27)
FN:929,(anonymous_28)
FN:963,(anonymous_29)
FN:1000,(anonymous_30)
FN:1009,(anonymous_31)
FN:1014,(anonymous_32)
FN:1036,(anonymous_33)
FN:1073,(anonymous_34)
FN:1074,(anonymous_35)
FN:1082,(anonymous_36)
FN:1103,(anonymous_37)
FN:1134,(anonymous_38)
FN:1154,(anonymous_39)
FN:1174,(anonymous_40)
FN:1193,(anonymous_41)
FN:1208,(anonymous_42)
FN:1223,(anonymous_43)
FN:1237,(anonymous_44)
FN:1258,(anonymous_45)
FN:1266,(anonymous_46)
FN:1300,(anonymous_47)
FN:1329,(anonymous_48)
FN:1353,(anonymous_49)
FN:1368,(anonymous_50)
FN:1379,(anonymous_51)
FN:1421,(anonymous_52)
FN:1455,(anonymous_53)
FN:1465,(anonymous_54)
FN:1472,(anonymous_55)
FN:1478,(anonymous_56)
FN:1485,(anonymous_57)
FN:1488,(anonymous_58)
FN:1490,(anonymous_59)
FN:1503,(anonymous_60)
FN:1509,(anonymous_61)
FN:1517,(anonymous_62)
FN:1530,(anonymous_63)
FN:1585,(anonymous_64)
FN:1826,(anonymous_65)
FNF:66
FNH:28
FNDA:1028,(anonymous_0)
FNDA:99,(anonymous_1)
FNDA:99,(anonymous_2)
FNDA:99,(anonymous_3)
FNDA:80,(anonymous_4)
FNDA:0,(anonymous_5)
FNDA:0,(anonymous_6)
FNDA:1,(anonymous_7)
FNDA:1,(anonymous_8)
FNDA:0,(anonymous_9)
FNDA:80,(anonymous_10)
FNDA:0,(anonymous_11)
FNDA:0,(anonymous_12)
FNDA:4,(anonymous_13)
FNDA:930,(anonymous_14)
FNDA:930,(anonymous_15)
FNDA:1,(anonymous_16)
FNDA:930,(anonymous_17)
FNDA:2790,(anonymous_18)
FNDA:930,(anonymous_19)
FNDA:99,(anonymous_20)
FNDA:0,(anonymous_21)
FNDA:0,(anonymous_22)
FNDA:0,(anonymous_23)
FNDA:0,(anonymous_24)
FNDA:0,(anonymous_25)
FNDA:99,(anonymous_26)
FNDA:99,(anonymous_27)
FNDA:0,(anonymous_28)
FNDA:0,(anonymous_29)
FNDA:0,(anonymous_30)
FNDA:0,(anonymous_31)
FNDA:0,(anonymous_32)
FNDA:0,(anonymous_33)
FNDA:0,(anonymous_34)
FNDA:0,(anonymous_35)
FNDA:0,(anonymous_36)
FNDA:0,(anonymous_37)
FNDA:0,(anonymous_38)
FNDA:0,(anonymous_39)
FNDA:1028,(anonymous_40)
FNDA:1,(anonymous_41)
FNDA:0,(anonymous_42)
FNDA:1,(anonymous_43)
FNDA:0,(anonymous_44)
FNDA:0,(anonymous_45)
FNDA:1,(anonymous_46)
FNDA:0,(anonymous_47)
FNDA:1,(anonymous_48)
FNDA:0,(anonymous_49)
FNDA:0,(anonymous_50)
FNDA:0,(anonymous_51)
FNDA:0,(anonymous_52)
FNDA:0,(anonymous_53)
FNDA:0,(anonymous_54)
FNDA:0,(anonymous_55)
FNDA:0,(anonymous_56)
FNDA:0,(anonymous_57)
FNDA:1,(anonymous_58)
FNDA:0,(anonymous_59)
FNDA:2,(anonymous_60)
FNDA:2,(anonymous_61)
FNDA:0,(anonymous_62)
FNDA:0,(anonymous_63)
FNDA:919,(anonymous_64)
FNDA:804,(anonymous_65)
DA:134,13
DA:138,13
DA:165,13
DA:167,13
DA:168,13
DA:169,13
DA:173,13
DA:182,13
DA:384,13
DA:542,1028
DA:549,1028
DA:550,1028
DA:551,1028
DA:552,1028
DA:553,1028
DA:554,1028
DA:555,1028
DA:556,1028
DA:558,1028
DA:560,1028
DA:561,1028
DA:564,1028
DA:565,1028
DA:567,1028
DA:569,1028
DA:571,1028
DA:572,1028
DA:573,99
DA:574,99
DA:581,99
DA:582,27
DA:583,27
DA:586,72
DA:587,0
DA:588,0
DA:591,72
DA:595,0
DA:597,72
DA:601,99
DA:603,99
DA:604,99
DA:605,99
DA:606,99
DA:607,99
DA:608,99
DA:612,1028
DA:613,1028
DA:614,80
DA:615,2
DA:616,2
DA:617,2
DA:620,78
DA:624,1028
DA:625,0
DA:626,0
DA:633,1028
DA:638,1028
DA:641,1028
DA:644,1028
DA:649,1028
DA:652,0
DA:653,0
DA:656,0
DA:657,0
DA:659,0
DA:667,1028
DA:670,1
DA:671,1
DA:679,1028
DA:682,1
DA:683,1
DA:691,1028
DA:694,0
DA:695,0
DA:703,1028
DA:706,80
DA:707,80
DA:708,80
DA:709,80
DA:710,80
DA:711,80
DA:712,80
DA:713,80
DA:721,1028
DA:722,0
DA:723,0
DA:724,0
DA:725,0
DA:730,1028
DA:731,0
DA:732,0
DA:736,1028
DA:737,4
DA:738,4
DA:740,0
DA:741,0
DA:744,4
DA:745,0
DA:746,0
DA:749,4
DA:750,1
DA:751,3
DA:752,0
DA:753,3
DA:754,1
DA:755,2
DA:756,2
DA:761,1028
DA:762,930
DA:763,930
DA:765,930
DA:766,930
DA:772,930
DA:773,930
DA:774,930
DA:776,1
DA:777,1
DA:781,930
DA:784,930
DA:786,930
DA:787,2790
DA:788,930
DA:792,1028
DA:793,99
DA:795,99
DA:797,99
DA:798,99
DA:799,98
DA:800,98
DA:801,98
DA:803,1
DA:804,1
DA:806,0
DA:808,1
DA:809,1
DA:816,1028
DA:817,0
DA:818,0
DA:819,0
DA:821,0
DA:822,0
DA:824,0
DA:829,0
DA:837,0
DA:838,0
DA:844,0
DA:849,0
DA:850,0
DA:858,0
DA:869,0
DA:873,0
DA:874,0
DA:875,0
DA:887,0
DA:906,1028
DA:911,0
DA:912,0
DA:914,0
DA:915,0
DA:919,1028
DA:920,99
DA:921,99
DA:922,27
DA:923,26
DA:926,98
DA:929,1028
DA:930,0
DA:932,0
DA:933,0
DA:934,0
DA:936,0
DA:937,0
DA:938,0
DA:942,0
DA:943,0
DA:944,0
DA:945,0
DA:946,0
DA:947,0
DA:948,0
DA:949,0
DA:952,0
DA:953,0
DA:954,0
DA:956,0
DA:958,0
DA:959,0
DA:963,1028
DA:964,0
DA:965,0
DA:967,0
DA:968,0
DA:973,0
DA:979,0
DA:980,0
DA:981,0
DA:983,0
DA:984,0
DA:986,0
DA:993,0
DA:994,0
DA:995,0
DA:996,0
DA:997,0
DA:1000,0
DA:1001,0
DA:1008,0
DA:1009,0
DA:1012,0
DA:1014,0
DA:1018,0
DA:1019,0
DA:1020,0
DA:1023,0
DA:1027,0
DA:1029,0
DA:1036,0
DA:1037,0
DA:1039,0
DA:1042,0
DA:1044,0
DA:1045,0
DA:1047,0
DA:1048,0
DA:1050,0
DA:1051,0
DA:1052,0
DA:1055,0
DA:1057,0
DA:1058,0
DA:1059,0
DA:1062,0
DA:1063,0
DA:1065,0
DA:1067,0
DA:1070,0
DA:1073,1028
DA:1074,0
DA:1075,0
DA:1076,0
DA:1082,1028
DA:1083,0
DA:1084,0
DA:1086,0
DA:1093,0
DA:1103,1028
DA:1108,0
DA:1109,0
DA:1110,0
DA:1111,0
DA:1112,0
DA:1113,0
DA:1120,0
DA:1121,0
DA:1124,0
DA:1125,0
DA:1134,1028
DA:1135,0
DA:1137,0
DA:1145,0
DA:1154,1028
DA:1155,0
DA:1156,0
DA:1164,0
DA:1165,0
DA:1167,0
DA:1174,1028
DA:1175,1028
DA:1176,1028
DA:1178,14
DA:1187,1028
DA:1193,1028
DA:1197,1
DA:1198,1
DA:1199,1
DA:1200,0
DA:1201,0
DA:1204,1
DA:1208,1028
DA:1212,0
DA:1213,0
DA:1214,0
DA:1215,0
DA:1216,0
DA:1217,0
DA:1219,0
DA:1223,1028
DA:1230,1
DA:1237,0
DA:1257,1
DA:1258,0
DA:1260,0
DA:1263,1
DA:1266,1028
DA:1295,1
DA:1297,1
DA:1300,0
DA:1306,1
DA:1307,1
DA:1309,1
DA:1310,1
DA:1311,0
DA:1312,0
DA:1314,1
DA:1315,0
DA:1316,0
DA:1317,0
DA:1319,0
DA:1323,0
DA:1324,0
DA:1325,0
DA:1329,1028
DA:1332,1
DA:1333,1
DA:1336,1
DA:1341,1
DA:1342,0
DA:1345,1
DA:1350,1
DA:1353,1028
DA:1356,0
DA:1361,0
DA:1362,0
DA:1366,1028
DA:1369,0
DA:1370,0
DA:1371,0
DA:1372,0
DA:1379,1028
DA:1382,0
DA:1383,0
DA:1385,0
DA:1387,0
DA:1388,0
DA:1391,0
DA:1393,0
DA:1394,0
DA:1397,0
DA:1399,0
DA:1400,0
DA:1401,0
DA:1405,0
DA:1406,0
DA:1409,0
DA:1410,0
DA:1411,0
DA:1413,0
DA:1415,0
DA:1416,0
DA:1421,1028
DA:1422,0
DA:1423,0
DA:1426,0
DA:1428,0
DA:1430,0
DA:1431,0
DA:1432,0
DA:1435,0
DA:1436,0
DA:1437,0
DA:1438,0
DA:1441,0
DA:1442,0
DA:1443,0
DA:1445,0
DA:1447,0
DA:1448,0
DA:1453,1028
DA:1456,0
DA:1457,0
DA:1458,0
DA:1465,1028
DA:1468,0
DA:1472,1028
DA:1475,0
DA:1478,1028
DA:1481,0
DA:1485,1028
DA:1488,1028
DA:1490,1028
DA:1491,0
DA:1492,0
DA:1493,0
DA:1494,0
DA:1495,0
DA:1503,1028
DA:1504,2
DA:1505,2
DA:1506,2
DA:1509,1028
DA:1510,2
DA:1511,2
DA:1515,1028
DA:1521,0
DA:1522,0
DA:1523,0
DA:1530,1028
DA:1531,0
DA:1532,0
DA:1534,0
DA:1536,0
DA:1537,0
DA:1538,0
DA:1546,0
DA:1547,0
DA:1549,0
DA:1550,0
DA:1555,0
DA:1556,0
DA:1557,0
DA:1560,0
DA:1561,0
DA:1562,0
DA:1564,0
DA:1566,0
DA:1567,0
DA:1571,1028
DA:1576,1028
DA:1585,919
DA:1612,1028
DA:1656,1028
DA:1669,1028
DA:1747,1028
DA:1753,1028
DA:1766,1028
DA:1771,1028
DA:1773,1027
DA:1774,4
DA:1777,1023
DA:1778,13
DA:1785,1010
DA:1826,13
DA:1831,804
DA:1832,804
DA:1834,804
DA:1851,804
DA:1856,804
LF:437
LH:197
BRDA:393,0,0,1028
BRDA:394,1,0,1028
BRDA:395,2,0,1028
BRDA:396,3,0,1028
BRDA:397,4,0,1028
BRDA:398,5,0,1028
BRDA:399,6,0,1028
BRDA:402,7,0,1010
BRDA:409,8,0,1028
BRDA:411,9,0,1028
BRDA:412,10,0,1028
BRDA:413,11,0,992
BRDA:414,12,0,1028
BRDA:415,13,0,1028
BRDA:417,14,0,1028
BRDA:423,15,0,1028
BRDA:424,16,0,1028
BRDA:425,17,0,1028
BRDA:426,18,0,1028
BRDA:427,19,0,1028
BRDA:428,20,0,1028
BRDA:429,21,0,1028
BRDA:430,22,0,968
BRDA:433,23,0,1028
BRDA:434,24,0,1028
BRDA:436,25,0,1028
BRDA:437,26,0,1028
BRDA:449,27,0,1028
BRDA:450,28,0,1028
BRDA:451,29,0,1028
BRDA:452,30,0,1028
BRDA:453,31,0,1028
BRDA:454,32,0,1028
BRDA:455,33,0,1028
BRDA:457,34,0,1028
BRDA:458,35,0,1028
BRDA:460,36,0,1028
BRDA:461,37,0,1028
BRDA:462,38,0,1028
BRDA:463,39,0,1028
BRDA:466,40,0,1028
BRDA:468,41,0,1028
BRDA:469,42,0,1028
BRDA:470,43,0,1028
BRDA:475,44,0,1028
BRDA:477,45,0,1028
BRDA:480,46,0,1028
BRDA:482,47,0,1028
BRDA:483,48,0,1013
BRDA:484,49,0,1028
BRDA:485,50,0,1028
BRDA:486,51,0,1013
BRDA:489,52,0,1028
BRDA:490,53,0,1028
BRDA:491,54,0,1028
BRDA:492,55,0,1028
BRDA:494,56,0,1028
BRDA:495,57,0,1028
BRDA:496,58,0,1028
BRDA:498,59,0,1028
BRDA:500,60,0,1028
BRDA:501,61,0,1028
BRDA:502,62,0,1028
BRDA:508,63,0,1028
BRDA:509,64,0,1028
BRDA:511,65,0,1028
BRDA:512,66,0,1028
BRDA:514,67,0,1028
BRDA:515,68,0,1028
BRDA:516,69,0,1028
BRDA:526,70,0,1028
BRDA:527,71,0,1028
BRDA:529,72,0,1028
BRDA:535,73,0,1028
BRDA:536,74,0,1028
BRDA:537,75,0,1028
BRDA:538,76,0,1028
BRDA:539,77,0,1028
BRDA:562,78,0,1028
BRDA:562,78,1,1003
BRDA:571,79,0,1028
BRDA:571,79,1,97
BRDA:574,80,0,0
BRDA:574,80,1,99
BRDA:574,81,0,99
BRDA:574,81,1,99
BRDA:581,82,0,27
BRDA:581,82,1,72
BRDA:586,83,0,0
BRDA:586,83,1,72
BRDA:591,84,0,0
BRDA:591,84,1,72
BRDA:592,85,0,72
BRDA:592,85,1,0
BRDA:614,86,0,2
BRDA:614,86,1,78
BRDA:614,87,0,80
BRDA:614,87,1,2
BRDA:616,88,0,2
BRDA:616,88,1,0
BRDA:616,89,0,2
BRDA:616,89,1,2
BRDA:617,90,0,2
BRDA:617,90,1,0
BRDA:625,91,0,0
BRDA:625,91,1,0
BRDA:638,92,0,1028
BRDA:638,92,1,1028
BRDA:641,93,0,1028
BRDA:641,93,1,1028
BRDA:652,94,0,0
BRDA:652,94,1,0
BRDA:652,95,0,0
BRDA:652,95,1,0
BRDA:652,95,2,0
BRDA:656,96,0,0
BRDA:656,96,1,0
BRDA:670,97,0,1
BRDA:670,97,1,0
BRDA:682,98,0,1
BRDA:682,98,1,0
BRDA:694,99,0,0
BRDA:694,99,1,0
BRDA:707,100,0,80
BRDA:707,100,1,0
BRDA:722,101,0,0
BRDA:722,101,1,0
BRDA:722,102,0,0
BRDA:722,102,1,0
BRDA:724,103,0,0
BRDA:724,103,1,0
BRDA:731,104,0,0
BRDA:731,104,1,0
BRDA:731,105,0,0
BRDA:731,105,1,0
BRDA:737,106,0,4
BRDA:737,106,1,0
BRDA:738,107,0,0
BRDA:738,107,1,4
BRDA:740,108,0,0
BRDA:740,108,1,0
BRDA:740,108,2,0
BRDA:740,108,3,0
BRDA:744,109,0,0
BRDA:744,109,1,4
BRDA:744,110,0,4
BRDA:744,110,1,4
BRDA:744,110,2,0
BRDA:749,111,0,1
BRDA:749,111,1,3
BRDA:749,112,0,4
BRDA:749,112,1,3
BRDA:751,113,0,0
BRDA:751,113,1,3
BRDA:753,114,0,1
BRDA:753,114,1,2
BRDA:755,115,0,2
BRDA:755,115,1,0
BRDA:766,116,0,0
BRDA:766,116,1,930
BRDA:776,117,0,1
BRDA:776,117,1,0
BRDA:792,118,0,0
BRDA:803,119,0,1
BRDA:803,119,1,0
BRDA:817,120,0,0
BRDA:817,120,1,0
BRDA:819,121,0,0
BRDA:819,121,1,0
BRDA:829,122,0,0
BRDA:829,122,1,0
BRDA:844,123,0,0
BRDA:844,123,1,0
BRDA:845,124,0,0
BRDA:845,124,1,0
BRDA:845,124,2,0
BRDA:860,125,0,0
BRDA:860,125,1,0
BRDA:869,126,0,0
BRDA:869,126,1,0
BRDA:870,127,0,0
BRDA:870,127,1,0
BRDA:873,128,0,0
BRDA:873,128,1,0
BRDA:889,129,0,0
BRDA:889,129,1,0
BRDA:907,130,0,0
BRDA:908,131,0,0
BRDA:914,132,0,0
BRDA:914,132,1,0
BRDA:921,133,0,27
BRDA:921,133,1,72
BRDA:921,134,0,99
BRDA:921,134,1,72
BRDA:930,135,0,0
BRDA:930,135,1,0
BRDA:930,136,0,0
BRDA:930,136,1,0
BRDA:943,137,0,0
BRDA:943,137,1,0
BRDA:947,138,0,0
BRDA:947,138,1,0
BRDA:953,139,0,0
BRDA:953,139,1,0
BRDA:964,140,0,0
BRDA:964,140,1,0
BRDA:964,141,0,0
BRDA:964,141,1,0
BRDA:986,142,0,0
BRDA:986,142,1,0
BRDA:987,143,0,0
BRDA:987,143,1,0
BRDA:987,143,2,0
BRDA:987,143,3,0
BRDA:1012,144,0,0
BRDA:1012,144,1,0
BRDA:1020,145,0,0
BRDA:1020,145,1,0
BRDA:1023,146,0,0
BRDA:1023,146,1,0
BRDA:1029,147,0,0
BRDA:1029,147,1,0
BRDA:1030,148,0,0
BRDA:1030,148,1,0
BRDA:1030,148,2,0
BRDA:1030,148,3,0
BRDA:1030,148,4,0
BRDA:1050,149,0,0
BRDA:1050,149,1,0
BRDA:1057,150,0,0
BRDA:1057,150,1,0
BRDA:1057,151,0,0
BRDA:1057,151,1,0
BRDA:1062,152,0,0
BRDA:1062,152,1,0
BRDA:1082,153,0,0
BRDA:1082,154,0,0
BRDA:1083,155,0,0
BRDA:1083,155,1,0
BRDA:1104,156,0,0
BRDA:1105,157,0,0
BRDA:1108,158,0,0
BRDA:1108,158,1,0
BRDA:1112,159,0,0
BRDA:1112,159,1,0
BRDA:1134,160,0,0
BRDA:1135,161,0,0
BRDA:1135,161,1,0
BRDA:1154,162,0,0
BRDA:1155,163,0,0
BRDA:1155,163,1,0
BRDA:1164,164,0,0
BRDA:1164,164,1,0
BRDA:1195,165,0,0
BRDA:1197,166,0,1
BRDA:1197,166,1,0
BRDA:1199,167,0,0
BRDA:1199,167,1,1
BRDA:1199,168,0,1
BRDA:1199,168,1,0
BRDA:1200,169,0,0
BRDA:1200,169,1,0
BRDA:1212,170,0,0
BRDA:1212,170,1,0
BRDA:1215,171,0,0
BRDA:1215,171,1,0
BRDA:1215,172,0,0
BRDA:1215,172,1,0
BRDA:1216,173,0,0
BRDA:1216,173,1,0
BRDA:1237,174,0,1
BRDA:1237,174,1,0
BRDA:1257,175,0,0
BRDA:1257,175,1,1
BRDA:1299,176,0,0
BRDA:1299,176,1,1
BRDA:1300,177,0,1
BRDA:1300,177,1,0
BRDA:1309,178,0,1
BRDA:1309,178,1,0
BRDA:1310,179,0,1
BRDA:1310,179,1,0
BRDA:1311,180,0,0
BRDA:1311,180,1,0
BRDA:1314,181,0,0
BRDA:1314,181,1,1
BRDA:1316,182,0,0
BRDA:1316,182,1,0
BRDA:1332,183,0,1
BRDA:1332,183,1,0
BRDA:1338,184,0,1
BRDA:1338,184,1,0
BRDA:1341,185,0,0
BRDA:1341,185,1,1
BRDA:1380,186,0,0
BRDA:1382,187,0,0
BRDA:1382,187,1,0
BRDA:1382,188,0,0
BRDA:1382,188,1,0
BRDA:1387,189,0,0
BRDA:1387,189,1,0
BRDA:1391,190,0,0
BRDA:1391,190,1,0
BRDA:1393,191,0,0
BRDA:1393,191,1,0
BRDA:1393,192,0,0
BRDA:1393,192,1,0
BRDA:1397,193,0,0
BRDA:1397,193,1,0
BRDA:1400,194,0,0
BRDA:1400,194,1,0
BRDA:1410,195,0,0
BRDA:1410,195,1,0
BRDA:1421,196,0,0
BRDA:1422,197,0,0
BRDA:1422,197,1,0
BRDA:1430,198,0,0
BRDA:1430,198,1,0
BRDA:1436,199,0,0
BRDA:1436,199,1,0
BRDA:1442,200,0,0
BRDA:1442,200,1,0
BRDA:1468,201,0,0
BRDA:1468,201,1,0
BRDA:1469,202,0,0
BRDA:1469,202,1,0
BRDA:1491,203,0,0
BRDA:1491,203,1,0
BRDA:1494,204,0,0
BRDA:1494,204,1,0
BRDA:1495,205,0,0
BRDA:1495,205,1,0
BRDA:1504,206,0,2
BRDA:1504,206,1,0
BRDA:1504,207,0,2
BRDA:1504,207,1,2
BRDA:1531,208,0,0
BRDA:1531,208,1,0
BRDA:1531,209,0,0
BRDA:1531,209,1,0
BRDA:1537,210,0,0
BRDA:1537,210,1,0
BRDA:1556,211,0,0
BRDA:1556,211,1,0
BRDA:1561,212,0,0
BRDA:1561,212,1,0
BRDA:1578,213,0,1028
BRDA:1578,213,1,0
BRDA:1584,214,0,1028
BRDA:1584,214,1,1028
BRDA:1585,215,0,1028
BRDA:1585,215,1,109
BRDA:1638,216,0,1028
BRDA:1638,216,1,1028
BRDA:1638,216,2,109
BRDA:1659,217,0,0
BRDA:1659,217,1,1028
BRDA:1661,218,0,0
BRDA:1661,218,1,1028
BRDA:1771,219,0,1
BRDA:1771,219,1,1027
BRDA:1773,220,0,4
BRDA:1773,220,1,1023
BRDA:1773,221,0,1027
BRDA:1773,221,1,1027
BRDA:1773,221,2,4
BRDA:1777,222,0,13
BRDA:1777,222,1,1010
BRDA:1777,223,0,1023
BRDA:1777,223,1,1010
BRDA:1834,224,0,20
BRDA:1834,224,1,784
BRDA:1853,225,0,20
BRDA:1853,225,1,784
BRDA:1866,226,0,804
BRDA:1866,226,1,804
BRF:376
BRH:168
end_of_record
TN:
SF:src/components/Channel/hooks/useCreateChannelContext.ts
FN:6,(anonymous_0)
FN:47,(anonymous_1)
FN:50,(anonymous_2)
FNF:3
FNH:3
FNDA:1028,(anonymous_0)
FNDA:91,(anonymous_1)
FNDA:341,(anonymous_2)
DA:6,13
DA:41,1028
DA:42,1028
DA:43,1028
DA:45,1028
DA:46,1028
DA:47,1028
DA:49,1028
DA:50,341
DA:99,1028
LF:10
LH:10
BRF:0
BRH:0
end_of_record
TN:
SF:src/components/Channel/hooks/useCreateInputMessageInputContext.ts
FN:6,(anonymous_0)
FN:64,(anonymous_1)
FNF:2
FNH:2
FNDA:1028,(anonymous_0)
FNDA:100,(anonymous_1)
DA:6,13
DA:56,1028
DA:57,1028
DA:63,1028
DA:64,100
DA:116,1028
LF:6
LH:6
BRDA:57,0,0,0
BRDA:57,0,1,1028
BRDA:58,1,0,0
BRDA:58,1,1,0
BRF:4
BRH:1
end_of_record
TN:
SF:src/components/Channel/hooks/useCreateMessagesContext.ts
FN:6,(anonymous_0)
FN:96,(anonymous_1)
FNF:2
FNH:2
FNDA:1028,(anonymous_0)
FNDA:99,(anonymous_1)
DA:6,13
DA:90,1028
DA:91,1028
DA:92,1028
DA:93,1028
DA:95,1028
DA:96,99
DA:185,1028
LF:8
LH:8
BRDA:90,0,0,1028
BRDA:90,0,1,1028
BRDA:91,1,0,1028
BRDA:91,1,1,1028
BRF:4
BRH:4
end_of_record
TN:
SF:src/components/Channel/hooks/useCreateOwnCapabilitiesContext.ts
FN:12,(anonymous_0)
FN:28,(anonymous_1)
FN:31,(anonymous_2)
FNF:3
FNH:3
FNDA:1028,(anonymous_0)
FNDA:105,(anonymous_1)
FNDA:1575,(anonymous_2)
DA:12,13
DA:21,1028
DA:24,1028
DA:28,1028
DA:29,105
DA:30,105
DA:31,1575
DA:40,105
DA:43,1028
LF:9
LH:9
BRDA:21,0,0,108
BRDA:21,0,1,920
BRDA:24,1,0,907
BRDA:24,1,1,121
BRDA:29,2,0,105
BRDA:29,2,1,27
BRDA:34,3,0,1575
BRDA:34,3,1,1566
BRF:8
BRH:8
end_of_record
TN:
SF:src/components/Channel/hooks/useCreatePaginatedMessageListContext.ts
FN:7,(anonymous_0)
FN:25,(anonymous_1)
FNF:2
FNH:2
FNDA:1028,(anonymous_0)
FNDA:104,(anonymous_1)
DA:7,13
DA:22,1028
DA:24,1028
DA:25,104
DA:38,1028
LF:5
LH:5
BRF:0
BRH:0
end_of_record
TN:
SF:src/components/Channel/hooks/useCreateThreadContext.ts
FN:7,(anonymous_0)
FN:26,(anonymous_1)
FNF:2
FNH:2
FNDA:1028,(anonymous_0)
FNDA:81,(anonymous_1)
DA:7,13
DA:21,1028
DA:22,1028
DA:23,1028
DA:25,1028
DA:26,81
DA:48,1028
LF:7
LH:7
BRF:0
BRH:0
end_of_record
TN:
SF:src/components/Channel/hooks/useCreateTypingContext.ts
FN:6,(anonymous_0)
FN:14,(anonymous_1)
FNF:2
FNH:2
FNDA:1028,(anonymous_0)
FNDA:81,(anonymous_1)
DA:6,13
DA:11,1028
DA:13,1028
DA:14,81
DA:20,1028
LF:5
LH:5
BRF:0
BRH:0
end_of_record
TN:
SF:src/components/Channel/hooks/useTargetedMessage.ts
FN:3,(anonymous_0)
FN:7,(anonymous_1)
FN:8,(anonymous_2)
FN:12,(anonymous_3)
FN:17,(anonymous_4)
FN:20,(anonymous_5)
FNF:6
FNH:3
FNDA:1028,(anonymous_0)
FNDA:80,(anonymous_1)
FNDA:0,(anonymous_2)
FNDA:80,(anonymous_3)
FNDA:0,(anonymous_4)
FNDA:0,(anonymous_5)
DA:3,13
DA:4,1028
DA:5,1028
DA:7,1028
DA:8,80
DA:9,0
DA:12,80
DA:13,80
DA:17,1028
DA:18,0
DA:20,0
DA:21,0
DA:24,0
DA:27,1028
LF:14
LH:9
BRDA:13,0,0,80
BRDA:13,0,1,80
BRDA:18,1,0,0
BRDA:18,1,1,0
BRF:4
BRH:2
end_of_record
TN:
SF:src/components/ChannelList/ChannelList.tsx
FN:201,(anonymous_0)
FN:348,(anonymous_1)
FNF:2
FNH:2
FNDA:184,(anonymous_0)
FNDA:22,(anonymous_1)
DA:190,3
DA:191,3
DA:192,3
DA:201,3
DA:241,184
DA:243,184
DA:256,184
DA:263,184
DA:268,184
DA:273,184
DA:278,184
DA:285,184
DA:290,184
DA:295,184
DA:300,184
DA:305,184
DA:310,184
DA:315,184
DA:319,184
DA:349,22
DA:350,0
DA:356,184
LF:22
LH:21
BRDA:207,0,0,184
BRDA:208,1,0,184
BRDA:209,2,0,184
BRDA:210,3,0,0
BRDA:211,4,0,184
BRDA:212,5,0,184
BRDA:213,6,0,0
BRDA:215,7,0,184
BRDA:216,8,0,184
BRDA:218,9,0,184
BRDA:219,10,0,176
BRDA:220,11,0,184
BRDA:221,12,0,184
BRDA:231,13,0,184
BRDA:232,14,0,21
BRDA:239,15,0,184
BRDA:240,16,0,184
BRDA:349,17,0,0
BRDA:349,17,1,22
BRF:19
BRH:16
end_of_record
TN:
SF:src/components/ChannelList/ChannelListFooterLoadingIndicator.tsx
FN:15,(anonymous_0)
FNF:1
FNH:0
FNDA:0,(anonymous_0)
DA:7,3
DA:15,3
DA:20,0
DA:22,0
DA:29,3
LF:5
LH:3
BRF:0
BRH:0
end_of_record
TN:
SF:src/components/ChannelList/ChannelListHeaderErrorIndicator.tsx
FN:24,(anonymous_0)
FN:25,(anonymous_1)
FNF:2
FNH:0
FNDA:0,(anonymous_0)
FNDA:0,(anonymous_1)
DA:7,3
DA:24,3
DA:25,0
DA:32,0
DA:33,0
DA:35,0
DA:47,3
LF:7
LH:3
BRDA:25,0,0,0
BRF:1
BRH:0
end_of_record
TN:
SF:src/components/ChannelList/ChannelListHeaderNetworkDownIndicator.tsx
FN:19,(anonymous_0)
FNF:1
FNH:0
FNDA:0,(anonymous_0)
DA:7,3
DA:19,3
DA:25,0
DA:26,0
DA:28,0
DA:38,3
LF:6
LH:3
BRF:0
BRH:0
end_of_record
TN:
SF:src/components/ChannelList/ChannelListLoadingIndicator.tsx
FN:13,(anonymous_0)
FN:27,(anonymous_1)
FNF:2
FNH:2
FNDA:8,(anonymous_0)
FNDA:48,(anonymous_1)
DA:7,3
DA:13,3
DA:19,8
DA:20,8
DA:22,8
DA:28,48
LF:6
LH:6
BRF:0
BRH:0
end_of_record
TN:
SF:src/components/ChannelList/ChannelListMessenger.tsx
FN:42,(anonymous_0)
FN:67,(anonymous_1)
FN:75,(anonymous_2)
FN:81,(anonymous_3)
FN:119,(anonymous_4)
FN:136,(anonymous_5)
FN:142,(anonymous_6)
FN:189,(anonymous_7)
FNF:8
FNH:5
FNDA:14,(anonymous_0)
FNDA:0,(anonymous_1)
FNDA:0,(anonymous_2)
FNDA:19,(anonymous_3)
FNDA:9,(anonymous_4)
FNDA:0,(anonymous_5)
FNDA:14,(anonymous_6)
FNDA:18,(anonymous_7)
DA:18,3
DA:42,3
DA:45,14
DA:47,14
DA:49,14
DA:51,9
DA:52,0
DA:57,9
DA:58,0
DA:64,9
DA:67,3
DA:73,0
DA:75,3
DA:79,0
DA:81,3
DA:104,19
DA:111,19
DA:118,19
DA:119,19
DA:120,9
DA:121,4
DA:125,19
DA:126,5
DA:136,14
DA:137,0
DA:138,0
DA:142,14
DA:143,14
DA:145,14
DA:189,3
DA:212,18
DA:214,18
DA:240,3
LF:33
LH:27
BRDA:49,0,0,5
BRDA:49,0,1,9
BRDA:51,1,0,0
BRDA:51,1,1,9
BRDA:57,2,0,0
BRDA:57,2,1,9
BRDA:120,3,0,4
BRDA:120,3,1,5
BRDA:125,4,0,5
BRDA:125,4,1,14
BRDA:125,5,0,19
BRDA:125,5,1,5
BRDA:125,5,2,5
BRDA:125,5,3,5
BRDA:137,6,0,0
BRDA:137,6,1,0
BRDA:143,7,0,0
BRDA:143,7,1,14
BRDA:143,8,0,14
BRDA:143,8,1,0
BRDA:157,9,0,8
BRDA:157,9,1,6
BRDA:163,10,0,0
BRDA:163,10,1,14
BRF:24
BRH:17
end_of_record
TN:
SF:src/components/ChannelList/Skeleton.tsx
FN:31,(anonymous_0)
FN:50,(anonymous_1)
FN:61,(anonymous_2)
FN:67,(anonymous_3)
FNF:4
FNH:4
FNDA:48,(anonymous_0)
FNDA:24,(anonymous_1)
FNDA:54,(anonymous_2)
FNDA:30,(anonymous_3)
DA:15,3
DA:16,3
DA:17,3
DA:19,3
DA:31,3
DA:32,48
DA:33,48
DA:48,48
DA:50,48
DA:51,24
DA:60,48
DA:61,54
DA:67,48
DA:68,30
DA:69,30
DA:70,30
DA:71,30
DA:72,30
DA:73,30
DA:75,30
DA:116,48
DA:148,3
LF:22
LH:22
BRDA:38,0,0,0
BRDA:43,1,0,0
BRDA:142,2,0,48
BRDA:142,2,1,48
BRF:4
BRH:2
end_of_record
TN:
SF:src/components/ChannelList/utils.ts
FN:12,(anonymous_0)
FN:19,(anonymous_1)
FN:38,(anonymous_2)
FNF:3
FNH:3
FNDA:1,(anonymous_0)
FNDA:3,(anonymous_1)
FNDA:2,(anonymous_2)
DA:12,3
DA:19,3
DA:20,1
DA:21,1
DA:24,1
DA:25,1
DA:27,1
DA:38,3
DA:45,2
DA:46,2
DA:47,2
DA:50,3
DA:51,3
LF:13
LH:13
BRDA:16,0,0,0
BRDA:20,1,0,0
BRDA:20,1,1,1
BRF:3
BRH:1
end_of_record
TN:
SF:src/components/ChannelList/hooks/useCreateChannelsContext.ts
FN:6,(anonymous_0)
FN:42,(anonymous_1)
FN:44,(anonymous_2)
FN:49,(anonymous_3)
FNF:4
FNH:3
FNDA:184,(anonymous_0)
FNDA:155,(anonymous_1)
FNDA:0,(anonymous_2)
FNDA:129,(anonymous_3)
DA:6,3
DA:40,184
DA:43,155
DA:44,0
DA:48,184
DA:49,129
DA:92,184
LF:7
LH:6
BRDA:43,0,0,155
BRDA:43,0,1,154
BRDA:43,1,0,155
BRDA:43,1,1,0
BRF:4
BRH:3
end_of_record
TN:
SF:src/components/ChannelList/hooks/usePaginatedChannels.ts
FN:13,(anonymous_0)
FN:14,(anonymous_1)
FN:35,(anonymous_2)
FN:56,(anonymous_3)
FN:70,(anonymous_4)
FN:103,(anonymous_5)
FN:143,(anonymous_6)
FN:154,(anonymous_7)
FN:171,(anonymous_8)
FN:172,(anonymous_9)
FN:174,(anonymous_10)
FNF:11
FNH:11
FNDA:5,(anonymous_0)
FNDA:5,(anonymous_1)
FNDA:184,(anonymous_2)
FNDA:29,(anonymous_3)
FNDA:24,(anonymous_4)
FNDA:34,(anonymous_5)
FNDA:2,(anonymous_6)
FNDA:29,(anonymous_7)
FNDA:30,(anonymous_8)
FNDA:27,(anonymous_9)
FNDA:29,(anonymous_10)
DA:13,3
DA:14,5
DA:15,5
DA:25,3
DA:29,3
DA:30,3
DA:35,3
DA:42,184
DA:43,184
DA:44,184
DA:46,184
DA:47,184
DA:48,184
DA:49,184
DA:50,184
DA:51,184
DA:52,184
DA:53,184
DA:54,184
DA:56,184
DA:60,29
DA:63,29
DA:70,29
DA:76,29
DA:77,0
DA:80,29
DA:81,29
DA:82,29
DA:83,29
DA:84,29
DA:85,29
DA:86,29
DA:88,29
DA:94,29
DA:95,29
DA:99,24
DA:100,1
DA:103,34
DA:106,23
DA:110,23
DA:111,23
DA:112,23
DA:113,23
DA:115,5
DA:116,5
DA:118,0
DA:119,0
DA:124,0
DA:125,0
DA:126,0
DA:127,0
DA:132,0
DA:135,0
DA:138,23
DA:141,184
DA:143,184
DA:144,2
DA:146,2
DA:147,2
DA:150,0
DA:151,0
DA:154,184
DA:171,184
DA:172,184
DA:174,184
DA:175,29
DA:178,184
LF:67
LH:56
BRDA:38,0,0,0
BRDA:39,1,0,0
BRDA:40,2,0,0
BRDA:57,3,0,0
BRDA:58,4,0,29
BRDA:60,5,0,0
BRDA:60,5,1,29
BRDA:60,6,0,29
BRDA:60,6,1,29
BRDA:63,7,0,29
BRDA:63,7,1,29
BRDA:63,7,2,29
BRDA:70,8,0,24
BRDA:70,8,1,24
BRDA:76,9,0,0
BRDA:76,9,1,29
BRDA:77,10,0,0
BRDA:77,10,1,0
BRDA:89,11,0,29
BRDA:89,11,1,29
BRDA:90,12,0,0
BRDA:90,12,1,29
BRDA:99,13,0,1
BRDA:99,13,1,23
BRDA:99,14,0,24
BRDA:99,14,1,23
BRDA:106,15,0,0
BRDA:106,15,1,23
BRDA:118,16,0,0
BRDA:118,16,1,0
BRDA:124,17,0,0
BRDA:124,17,1,0
BRDA:124,18,0,0
BRDA:124,18,1,0
BRDA:141,19,0,103
BRDA:141,19,1,81
BRDA:146,20,0,2
BRDA:146,20,1,0
BRDA:146,21,0,2
BRDA:146,21,1,2
BRF:40
BRH:23
end_of_record
TN:
SF:src/components/ChannelList/hooks/listeners/useAddedToChannelNotification.ts
FN:21,(anonymous_0)
FN:29,(anonymous_1)
FN:30,(anonymous_2)
FN:40,(anonymous_3)
FN:46,(anonymous_4)
FNF:5
FNH:5
FNDA:184,(anonymous_0)
FNDA:27,(anonymous_1)
FNDA:2,(anonymous_2)
FNDA:1,(anonymous_3)
FNDA:27,(anonymous_4)
DA:21,3
DA:27,184
DA:29,184
DA:30,27
DA:31,2
DA:32,1
DA:34,1
DA:35,1
DA:40,1
DA:45,27
DA:46,27
LF:11
LH:11
BRDA:31,0,0,1
BRDA:31,0,1,1
BRDA:34,1,0,1
BRDA:34,1,1,0
BRDA:34,2,0,1
BRDA:34,2,1,1
BRF:6
BRH:5
end_of_record
TN:
SF:src/components/ChannelList/hooks/listeners/useChannelDeleted.ts
FN:18,(anonymous_0)
FN:26,(anonymous_1)
FN:27,(anonymous_2)
FN:31,(anonymous_3)
FN:33,(anonymous_4)
FN:44,(anonymous_5)
FNF:6
FNH:6
FNDA:184,(anonymous_0)
FNDA:27,(anonymous_1)
FNDA:2,(anonymous_2)
FNDA:1,(anonymous_3)
FNDA:2,(anonymous_4)
FNDA:27,(anonymous_5)
DA:18,3
DA:24,184
DA:26,184
DA:27,27
DA:28,2
DA:29,1
DA:31,1
DA:32,1
DA:33,2
DA:35,1
DA:36,1
DA:38,1
DA:43,27
DA:44,27
LF:14
LH:14
BRDA:28,0,0,1
BRDA:28,0,1,1
BRDA:33,1,0,2
BRDA:33,1,1,0
BRDA:35,2,0,1
BRDA:35,2,1,0
BRF:6
BRH:4
end_of_record
TN:
SF:src/components/ChannelList/hooks/listeners/useChannelHidden.ts
FN:18,(anonymous_0)
FN:26,(anonymous_1)
FN:27,(anonymous_2)
FN:31,(anonymous_3)
FN:33,(anonymous_4)
FN:44,(anonymous_5)
FNF:6
FNH:6
FNDA:184,(anonymous_0)
FNDA:27,(anonymous_1)
FNDA:2,(anonymous_2)
FNDA:1,(anonymous_3)
FNDA:2,(anonymous_4)
FNDA:27,(anonymous_5)
DA:18,3
DA:24,184
DA:26,184
DA:27,27
DA:28,2
DA:29,1
DA:31,1
DA:32,1
DA:33,2
DA:35,1
DA:36,1
DA:38,1
DA:43,27
DA:44,27
LF:14
LH:14
BRDA:28,0,0,1
BRDA:28,0,1,1
BRDA:33,1,0,2
BRDA:33,1,1,0
BRDA:35,2,0,1
BRDA:35,2,1,0
BRF:6
BRH:4
end_of_record
TN:
SF:src/components/ChannelList/hooks/listeners/useChannelTruncated.ts
FN:20,(anonymous_0)
FN:30,(anonymous_1)
FN:31,(anonymous_2)
FN:36,(anonymous_3)
FN:40,(anonymous_4)
FNF:5
FNH:5
FNDA:184,(anonymous_0)
FNDA:27,(anonymous_1)
FNDA:1,(anonymous_2)
FNDA:1,(anonymous_3)
FNDA:27,(anonymous_4)
DA:20,3
DA:28,184
DA:30,184
DA:31,27
DA:32,1
DA:33,1
DA:35,1
DA:36,1
DA:39,27
DA:40,27
LF:10
LH:10
BRDA:32,0,0,1
BRDA:32,0,1,0
BRF:2
BRH:1
end_of_record
TN:
SF:src/components/ChannelList/hooks/listeners/useChannelUpdated.ts
FN:18,(anonymous_0)
FN:26,(anonymous_1)
FN:27,(anonymous_2)
FN:31,(anonymous_3)
FN:33,(anonymous_4)
FN:50,(anonymous_5)
FNF:6
FNH:6
FNDA:187,(anonymous_0)
FNDA:29,(anonymous_1)
FNDA:3,(anonymous_2)
FNDA:2,(anonymous_3)
FNDA:3,(anonymous_4)
FNDA:28,(anonymous_5)
DA:18,3
DA:24,187
DA:26,187
DA:27,29
DA:28,3
DA:29,1
DA:31,2
DA:32,2
DA:33,3
DA:35,2
DA:36,2
DA:44,2
DA:49,29
DA:50,29
LF:14
LH:14
BRDA:28,0,0,1
BRDA:28,0,1,2
BRDA:33,1,0,3
BRDA:33,1,1,1
BRDA:35,2,0,2
BRDA:35,2,1,0
BRDA:35,3,0,2
BRDA:35,3,1,2
BRDA:38,4,0,2
BRDA:38,4,1,2
BRDA:40,5,0,2
BRDA:40,5,1,1
BRF:12
BRH:11
end_of_record
TN:
SF:src/components/ChannelList/hooks/listeners/useChannelVisible.ts
FN:21,(anonymous_0)
FN:29,(anonymous_1)
FN:30,(anonymous_2)
FN:40,(anonymous_3)
FN:46,(anonymous_4)
FNF:5
FNH:3
FNDA:184,(anonymous_0)
FNDA:27,(anonymous_1)
FNDA:0,(anonymous_2)
FNDA:0,(anonymous_3)
FNDA:27,(anonymous_4)
DA:21,3
DA:27,184
DA:29,184
DA:30,27
DA:31,0
DA:32,0
DA:34,0
DA:35,0
DA:40,0
DA:45,27
DA:46,27
LF:11
LH:6
BRDA:31,0,0,0
BRDA:31,0,1,0
BRDA:34,1,0,0
BRDA:34,1,1,0
BRDA:34,2,0,0
BRDA:34,2,1,0
BRF:6
BRH:0
end_of_record
TN:
SF:src/components/ChannelList/hooks/listeners/useConnectionRecovered.ts
FN:12,(anonymous_0)
FN:23,(anonymous_1)
FN:24,(anonymous_2)
FN:26,(anonymous_3)
FN:30,(anonymous_4)
FN:36,(anonymous_5)
FNF:6
FNH:5
FNDA:184,(anonymous_0)
FNDA:27,(anonymous_1)
FNDA:1,(anonymous_2)
FNDA:1,(anonymous_3)
FNDA:0,(anonymous_4)
FNDA:27,(anonymous_5)
DA:12,3
DA:18,184
DA:20,184
DA:21,184
DA:23,184
DA:24,27
DA:25,1
DA:26,1
DA:29,27
DA:30,27
DA:31,0
DA:32,0
DA:36,27
DA:37,27
DA:38,27
LF:15
LH:13
BRDA:31,0,0,0
BRDA:31,0,1,0
BRF:2
BRH:0
end_of_record
TN:
SF:src/components/ChannelList/hooks/listeners/useNewMessage.ts
FN:16,(anonymous_0)
FN:24,(anonymous_1)
FN:25,(anonymous_2)
FN:26,(anonymous_3)
FN:38,(anonymous_4)
FNF:5
FNH:5
FNDA:184,(anonymous_0)
FNDA:27,(anonymous_1)
FNDA:2,(anonymous_2)
FNDA:2,(anonymous_3)
FNDA:27,(anonymous_4)
DA:16,3
DA:22,184
DA:24,184
DA:25,27
DA:26,2
DA:27,2
DA:28,1
DA:33,1
DA:37,27
DA:38,27
LF:10
LH:10
BRDA:27,0,0,1
BRDA:27,0,1,1
BRDA:27,1,0,2
BRDA:27,1,1,1
BRF:4
BRH:4
end_of_record
TN:
SF:src/components/ChannelList/hooks/listeners/useNewMessageNotification.ts
FN:21,(anonymous_0)
FN:29,(anonymous_1)
FN:30,(anonymous_2)
FN:40,(anonymous_3)
FN:46,(anonymous_4)
FNF:5
FNH:5
FNDA:184,(anonymous_0)
FNDA:27,(anonymous_1)
FNDA:2,(anonymous_2)
FNDA:1,(anonymous_3)
FNDA:27,(anonymous_4)
DA:21,3
DA:27,184
DA:29,184
DA:30,27
DA:31,2
DA:32,1
DA:34,1
DA:35,1
DA:40,1
DA:45,27
DA:46,27
LF:11
LH:11
BRDA:31,0,0,1
BRDA:31,0,1,1
BRDA:34,1,0,1
BRDA:34,1,1,0
BRDA:34,2,0,1
BRDA:34,2,1,1
BRF:6
BRH:5
end_of_record
TN:
SF:src/components/ChannelList/hooks/listeners/useRemovedFromChannelNotification.ts
FN:18,(anonymous_0)
FN:26,(anonymous_1)
FN:27,(anonymous_2)
FN:31,(anonymous_3)
FN:32,(anonymous_4)
FN:39,(anonymous_5)
FNF:6
FNH:6
FNDA:184,(anonymous_0)
FNDA:27,(anonymous_1)
FNDA:2,(anonymous_2)
FNDA:1,(anonymous_3)
FNDA:3,(anonymous_4)
FNDA:27,(anonymous_5)
DA:18,3
DA:24,184
DA:26,184
DA:27,27
DA:28,2
DA:29,1
DA:31,1
DA:32,3
DA:33,1
DA:38,27
DA:39,27
LF:11
LH:11
BRDA:28,0,0,1
BRDA:28,0,1,1
BRF:2
BRH:2
end_of_record
TN:
SF:src/components/ChannelList/hooks/listeners/useUserPresence.ts
FN:14,(anonymous_0)
FN:21,(anonymous_1)
FN:22,(anonymous_2)
FN:23,(anonymous_3)
FN:24,(anonymous_4)
FN:39,(anonymous_5)
FNF:6
FNH:6
FNDA:184,(anonymous_0)
FNDA:27,(anonymous_1)
FNDA:2,(anonymous_2)
FNDA:2,(anonymous_3)
FNDA:2,(anonymous_4)
FNDA:27,(anonymous_5)
DA:14,3
DA:19,184
DA:21,184
DA:22,27
DA:23,2
DA:24,2
DA:25,2
DA:26,2
DA:28,0
DA:29,0
DA:32,2
DA:36,27
DA:37,27
DA:39,27
DA:40,27
DA:41,27
LF:16
LH:14
BRDA:25,0,0,2
BRDA:25,0,1,0
BRDA:25,1,0,2
BRDA:25,1,1,2
BRF:4
BRH:3
end_of_record
TN:
SF:src/components/ChannelPreview/ChannelAvatar.tsx
FN:18,(anonymous_0)
FNF:1
FNH:1
FNDA:8,(anonymous_0)
DA:18,4
DA:23,8
DA:25,8
DA:26,8
DA:28,8
DA:29,8
DA:32,0
LF:7
LH:6
BRDA:28,0,0,8
BRDA:28,0,1,0
BRF:2
BRH:1
end_of_record
TN:
SF:src/components/ChannelPreview/ChannelPreview.tsx
FN:29,(anonymous_0)
FN:49,(anonymous_1)
FN:65,(anonymous_2)
FN:66,(anonymous_3)
FN:80,(anonymous_4)
FN:87,(anonymous_5)
FN:88,(anonymous_6)
FN:92,(anonymous_7)
FN:97,(anonymous_8)
FN:108,(anonymous_9)
FNF:10
FNH:9
FNDA:17,(anonymous_0)
FNDA:6,(anonymous_1)
FNDA:4,(anonymous_2)
FNDA:2,(anonymous_3)
FNDA:4,(anonymous_4)
FNDA:4,(anonymous_5)
FNDA:1,(anonymous_6)
FNDA:0,(anonymous_7)
FNDA:4,(anonymous_8)
FNDA:4,(anonymous_9)
DA:29,4
DA:34,17
DA:36,17
DA:41,17
DA:42,17
DA:44,17
DA:46,17
DA:47,17
DA:49,17
DA:50,6
DA:55,2
DA:58,6
DA:60,6
DA:61,0
DA:65,17
DA:66,4
DA:67,2
DA:68,2
DA:71,2
DA:72,2
DA:76,4
DA:77,4
DA:78,4
DA:80,4
DA:81,4
DA:82,4
DA:83,4
DA:87,17
DA:88,4
DA:89,1
DA:90,1
DA:91,0
DA:92,0
DA:96,4
DA:97,4
DA:100,17
DA:108,4
DA:113,4
DA:114,4
DA:116,4
LF:40
LH:37
BRDA:50,0,0,2
BRDA:50,0,1,4
BRDA:51,1,0,6
BRDA:51,1,1,3
BRDA:51,1,2,3
BRDA:60,2,0,0
BRDA:60,2,1,6
BRDA:67,3,0,2
BRDA:67,3,1,0
BRDA:71,4,0,2
BRDA:71,4,1,0
BRDA:89,5,0,1
BRDA:89,5,1,0
BRDA:91,6,0,0
BRDA:91,6,1,0
BRF:15
BRH:9
end_of_record
TN:
SF:src/components/ChannelPreview/ChannelPreviewMessage.tsx
FN:24,(anonymous_0)
FN:40,(anonymous_1)
FNF:2
FNH:2
FNDA:4,(anonymous_0)
FNDA:4,(anonymous_1)
DA:10,4
DA:24,4
DA:29,4
DA:36,4
DA:38,4
DA:41,4
LF:6
LH:6
BRDA:41,0,0,4
BRDA:41,0,1,0
BRDA:44,1,0,4
BRDA:44,1,1,0
BRF:4
BRH:2
end_of_record
TN:
SF:src/components/ChannelPreview/ChannelPreviewMessenger.tsx
FN:103,(anonymous_0)
FN:139,(anonymous_1)
FN:197,(anonymous_2)
FNF:3
FNH:3
FNDA:4,(anonymous_0)
FNDA:1,(anonymous_1)
FNDA:4,(anonymous_2)
DA:24,4
DA:47,4
DA:103,4
DA:121,4
DA:128,4
DA:130,4
DA:135,4
DA:137,4
DA:140,1
DA:141,1
DA:189,4
DA:197,4
DA:211,4
DA:212,4
DA:229,4
LF:15
LH:15
BRDA:114,0,0,4
BRDA:115,1,0,4
BRDA:116,2,0,4
BRDA:117,3,0,4
BRDA:118,4,0,4
BRDA:119,5,0,4
BRDA:132,6,0,4
BRDA:132,6,1,4
BRDA:140,7,0,1
BRDA:140,7,1,0
BRF:10
BRH:9
end_of_record
TN:
SF:src/components/ChannelPreview/ChannelPreviewMutedStatus.tsx
FN:26,(anonymous_0)
FNF:1
FNH:1
FNDA:4,(anonymous_0)
DA:11,4
DA:26,4
DA:31,4
DA:40,4
DA:42,4
LF:5
LH:5
BRDA:42,0,0,0
BRDA:42,0,1,4
BRF:2
BRH:1
end_of_record
TN:
SF:src/components/ChannelPreview/ChannelPreviewStatus.tsx
FN:32,(anonymous_0)
FNF:1
FNH:1
FNDA:4,(anonymous_0)
DA:13,4
DA:32,4
DA:37,4
DA:43,4
DA:45,4
DA:46,4
DA:47,4
DA:49,4
LF:8
LH:8
BRDA:46,0,0,4
BRDA:46,0,1,0
BRDA:51,1,0,0
BRDA:51,1,1,4
BRDA:53,2,0,0
BRDA:53,2,1,4
BRDA:57,3,0,0
BRDA:57,3,1,4
BRDA:57,4,0,4
BRDA:57,4,1,0
BRF:10
BRH:5
end_of_record
TN:
SF:src/components/ChannelPreview/ChannelPreviewTitle.tsx
FN:20,(anonymous_0)
FNF:1
FNH:1
FNDA:4,(anonymous_0)
DA:10,4
DA:20,4
DA:25,4
DA:31,4
DA:33,4
LF:5
LH:5
BRF:0
BRH:0
end_of_record
TN:
SF:src/components/ChannelPreview/ChannelPreviewUnreadCount.tsx
FN:33,(anonymous_0)
FNF:1
FNH:1
FNDA:4,(anonymous_0)
DA:10,4
DA:33,4
DA:38,4
DA:44,4
DA:46,4
LF:5
LH:5
BRDA:48,0,0,4
BRDA:48,0,1,0
BRDA:50,1,0,0
BRDA:50,1,1,0
BRF:4
BRH:1
end_of_record
TN:
SF:src/components/ChannelPreview/hooks/useChannelPreviewDisplayAvatar.ts
FN:9,(anonymous_0)
FN:29,(anonymous_1)
FN:40,(anonymous_2)
FN:41,(anonymous_3)
FN:42,(anonymous_4)
FN:57,(anonymous_5)
FN:73,(anonymous_6)
FNF:7
FNH:7
FNDA:12,(anonymous_0)
FNDA:9,(anonymous_1)
FNDA:9,(anonymous_2)
FNDA:9,(anonymous_3)
FNDA:9,(anonymous_4)
FNDA:8,(anonymous_5)
FNDA:4,(anonymous_6)
DA:9,4
DA:15,12
DA:16,12
DA:17,12
DA:18,12
DA:19,12
DA:21,12
DA:22,0
DA:27,12
DA:28,12
DA:29,12
DA:31,12
DA:32,0
DA:39,12
DA:40,9
DA:41,9
DA:42,9
DA:45,0
DA:57,4
DA:62,8
DA:64,8
DA:65,8
DA:66,8
DA:67,8
DA:69,8
DA:73,8
DA:74,4
DA:77,8
LF:28
LH:25
BRDA:21,0,0,0
BRDA:21,0,1,12
BRDA:27,1,0,12
BRDA:27,1,1,0
BRDA:31,2,0,0
BRDA:31,2,1,12
BRDA:35,3,0,0
BRDA:35,3,1,0
BRDA:40,4,0,9
BRDA:40,4,1,0
BRDA:41,5,0,9
BRDA:41,5,1,0
BRDA:42,6,0,9
BRDA:42,6,1,0
BRF:14
BRH:6
end_of_record
TN:
SF:src/components/ChannelPreview/hooks/useChannelPreviewDisplayName.ts
FN:14,(anonymous_0)
FN:17,(anonymous_1)
FN:34,(anonymous_2)
FN:35,(anonymous_3)
FN:41,(anonymous_4)
FN:44,(anonymous_5)
FN:69,(anonymous_6)
FN:91,(anonymous_7)
FNF:8
FNH:8
FNDA:11,(anonymous_0)
FNDA:14,(anonymous_1)
FNDA:13,(anonymous_2)
FNDA:7,(anonymous_3)
FNDA:5,(anonymous_4)
FNDA:12,(anonymous_5)
FNDA:5,(anonymous_6)
FNDA:5,(anonymous_7)
DA:10,5
DA:12,5
DA:14,5
DA:15,11
DA:17,5
DA:30,14
DA:32,9
DA:34,13
DA:35,9
DA:36,7
DA:41,9
DA:42,5
DA:44,9
DA:45,12
DA:46,1
DA:49,11
DA:52,11
DA:53,11
DA:54,6
DA:56,5
DA:57,5
DA:58,5
DA:60,5
DA:62,5
DA:66,9
DA:69,5
DA:75,5
DA:77,5
DA:78,5
DA:79,5
DA:80,5
DA:81,5
DA:82,5
DA:91,5
DA:92,5
DA:102,5
LF:36
LH:36
BRDA:15,0,0,11
BRDA:15,0,1,1
BRDA:15,0,2,1
BRDA:30,1,0,5
BRDA:30,1,1,9
BRDA:32,2,0,9
BRDA:32,2,1,0
BRDA:36,3,0,7
BRDA:36,3,1,0
BRDA:38,4,0,7
BRDA:38,4,1,0
BRDA:42,5,0,4
BRDA:42,5,1,1
BRDA:45,6,0,1
BRDA:45,6,1,11
BRDA:53,7,0,6
BRDA:53,7,1,5
BRDA:54,8,0,3
BRDA:54,8,1,3
BRDA:79,9,0,5
BRDA:79,9,1,1
BRDA:81,10,0,5
BRDA:81,10,1,0
BRF:23
BRH:19
end_of_record
TN:
SF:src/components/ChannelPreview/hooks/useChannelPreviewDisplayPresence.ts
FN:9,(anonymous_0)
FN:19,(anonymous_1)
FN:34,(anonymous_2)
FN:43,(anonymous_3)
FN:45,(anonymous_4)
FN:49,(anonymous_5)
FNF:6
FNH:6
FNDA:4,(anonymous_0)
FNDA:3,(anonymous_1)
FNDA:8,(anonymous_2)
FNDA:6,(anonymous_3)
FNDA:6,(anonymous_4)
FNDA:4,(anonymous_5)
DA:9,4
DA:15,4
DA:17,4
DA:18,4
DA:19,4
DA:21,4
DA:22,0
DA:25,4
DA:34,4
DA:39,8
DA:41,8
DA:42,8
DA:43,6
DA:45,8
DA:47,8
DA:49,8
DA:50,4
DA:53,8
LF:18
LH:17
BRDA:17,0,0,4
BRDA:17,0,1,0
BRDA:21,1,0,0
BRDA:21,1,1,4
BRDA:43,2,0,6
BRDA:43,2,1,6
BRDA:43,2,2,6
BRF:7
BRH:5
end_of_record
TN:
SF:src/components/ChannelPreview/hooks/useLatestMessagePreview.ts
FN:32,(anonymous_0)
FN:58,(anonymous_1)
FN:70,(anonymous_2)
FN:102,(anonymous_3)
FN:124,(anonymous_4)
FN:149,(anonymous_5)
FN:155,(anonymous_6)
FN:201,(anonymous_7)
FN:244,(anonymous_8)
FN:254,(anonymous_9)
FNF:10
FNH:8
FNDA:3,(anonymous_0)
FNDA:0,(anonymous_1)
FNDA:108,(anonymous_2)
FNDA:3,(anonymous_3)
FNDA:20,(anonymous_4)
FNDA:0,(anonymous_5)
FNDA:6,(anonymous_6)
FNDA:17,(anonymous_7)
FNDA:4,(anonymous_8)
FNDA:6,(anonymous_9)
DA:32,5
DA:40,3
DA:41,3
DA:42,3
DA:43,3
DA:44,3
DA:45,3
DA:47,3
DA:52,3
DA:53,3
DA:54,3
DA:56,3
DA:57,3
DA:59,0
DA:60,0
DA:61,0
DA:63,0
DA:66,3
DA:67,3
DA:71,108
DA:72,0
DA:73,108
DA:74,0
DA:76,108
DA:78,108
DA:84,0
DA:85,0
DA:90,0
DA:91,0
DA:96,0
DA:102,5
DA:108,3
DA:109,3
DA:110,3
DA:111,3
DA:113,0
DA:115,0
DA:124,5
DA:132,20
DA:133,20
DA:134,10
DA:137,10
DA:138,10
DA:139,10
DA:142,10
DA:148,10
DA:149,0
DA:155,5
DA:167,6
DA:169,6
DA:171,6
DA:172,3
DA:184,3
DA:186,3
DA:201,5
DA:210,17
DA:211,17
DA:213,17
DA:215,17
DA:216,17
DA:218,17
DA:222,17
DA:223,17
DA:237,17
DA:244,17
DA:245,4
DA:246,4
DA:247,4
DA:248,4
DA:253,17
DA:255,6
DA:268,17
LF:72
LH:58
BRDA:40,0,0,0
BRDA:40,0,1,3
BRDA:42,1,0,0
BRDA:42,1,1,3
BRDA:47,2,0,3
BRDA:47,2,1,0
BRDA:49,3,0,0
BRDA:49,3,1,0
BRDA:50,4,0,0
BRDA:50,4,1,0
BRDA:50,4,2,0
BRDA:50,4,3,0
BRDA:52,5,0,3
BRDA:52,5,1,0
BRDA:52,6,0,3
BRDA:52,6,1,0
BRDA:54,7,0,3
BRDA:54,7,1,0
BRDA:57,8,0,0
BRDA:57,8,1,3
BRDA:59,9,0,0
BRDA:59,9,1,0
BRDA:59,9,2,0
BRDA:60,10,0,0
BRDA:60,10,1,0
BRDA:61,11,0,0
BRDA:61,11,1,0
BRDA:71,12,0,0
BRDA:71,12,1,108
BRDA:71,13,0,108
BRDA:71,13,1,0
BRDA:71,13,2,0
BRDA:73,14,0,0
BRDA:73,14,1,108
BRDA:73,15,0,108
BRDA:73,15,1,0
BRDA:84,16,0,0
BRDA:84,16,1,0
BRDA:90,17,0,0
BRDA:90,17,1,0
BRDA:109,18,0,3
BRDA:109,18,1,0
BRDA:110,19,0,3
BRDA:110,19,1,0
BRDA:133,20,0,10
BRDA:133,20,1,10
BRDA:133,21,0,20
BRDA:133,21,1,10
BRDA:133,21,2,10
BRDA:138,22,0,10
BRDA:138,22,1,0
BRDA:142,23,0,10
BRDA:142,23,1,0
BRDA:143,24,0,2
BRDA:143,24,1,8
BRDA:148,25,0,0
BRDA:148,25,1,10
BRDA:149,26,0,0
BRDA:149,26,1,0
BRDA:171,27,0,3
BRDA:171,27,1,3
BRDA:171,28,0,6
BRDA:171,28,1,3
BRDA:184,29,0,3
BRDA:184,29,1,0
BRDA:184,30,0,3
BRDA:184,30,1,0
BRDA:216,31,0,7
BRDA:216,31,1,10
BRDA:218,32,0,17
BRDA:218,32,1,10
BRDA:219,33,0,17
BRDA:219,33,1,10
BRDA:240,34,0,17
BRDA:240,34,1,10
BRDA:245,35,0,4
BRDA:245,35,1,0
BRDA:247,36,0,4
BRDA:247,36,1,0
BRF:79
BRH:39
end_of_record
TN:
SF:src/components/Chat/Chat.tsx
FN:124,(anonymous_0)
FN:133,(anonymous_1)
FN:134,(anonymous_2)
FN:155,(anonymous_3)
FN:163,(anonymous_4)
FN:209,(anonymous_5)
FNF:6
FNH:6
FNDA:694,(anonymous_0)
FNDA:1852,(anonymous_1)
FNDA:584,(anonymous_2)
FNDA:130,(anonymous_3)
FNDA:1,(anonymous_4)
FNDA:285,(anonymous_5)
DA:29,21
DA:124,21
DA:129,694
DA:131,694
DA:132,694
DA:133,1852
DA:134,584
DA:140,694
DA:145,694
DA:153,694
DA:155,694
DA:156,130
DA:157,130
DA:159,130
DA:163,694
DA:165,694
DA:167,694
DA:177,694
DA:179,564
DA:209,21
DA:214,285
DA:216,285
LF:22
LH:22
BRDA:129,0,0,694
BRDA:156,1,0,130
BRDA:156,1,1,0
BRDA:177,2,0,130
BRDA:177,2,1,564
BRF:5
BRH:4
end_of_record
TN:
SF:src/components/Chat/hooks/useAppSettings.ts
FN:6,(anonymous_0)
FN:15,(anonymous_1)
FN:16,getAppSettings
FN:33,(anonymous_3)
FNF:4
FNH:4
FNDA:696,(anonymous_0)
FNDA:134,(anonymous_1)
FNDA:132,getAppSettings
FNDA:134,(anonymous_3)
DA:6,22
DA:12,696
DA:13,696
DA:15,696
DA:17,132
DA:18,132
DA:19,132
DA:20,131
DA:23,0
DA:24,0
DA:29,134
DA:30,132
DA:33,134
DA:34,134
DA:38,696
LF:15
LH:13
BRDA:19,0,0,131
BRDA:19,0,1,1
BRDA:23,1,0,0
BRDA:23,1,1,0
BRDA:29,2,0,132
BRDA:29,2,1,2
BRF:6
BRH:4
end_of_record
TN:
SF:src/components/Chat/hooks/useCreateChatContext.ts
FN:6,(anonymous_0)
FN:24,(anonymous_1)
FNF:2
FNH:2
FNDA:694,(anonymous_0)
FNDA:355,(anonymous_1)
DA:6,21
DA:17,694
DA:18,694
DA:21,694
DA:23,694
DA:24,355
DA:36,694
LF:7
LH:7
BRF:0
BRH:0
end_of_record
TN:
SF:src/components/Chat/hooks/useIsOnline.ts
FN:19,(anonymous_0)
FN:30,(anonymous_1)
FN:42,(anonymous_2)
FN:50,(anonymous_3)
FN:51,(anonymous_4)
FN:56,(anonymous_5)
FN:58,(anonymous_6)
FN:73,(anonymous_7)
FN:74,(anonymous_8)
FN:83,(anonymous_9)
FN:100,(anonymous_10)
FN:101,(anonymous_11)
FNF:12
FNH:9
FNDA:694,(anonymous_0)
FNDA:0,(anonymous_1)
FNDA:0,(anonymous_2)
FNDA:130,(anonymous_3)
FNDA:1,(anonymous_4)
FNDA:2,(anonymous_5)
FNDA:130,(anonymous_6)
FNDA:130,(anonymous_7)
FNDA:0,(anonymous_8)
FNDA:130,(anonymous_9)
FNDA:130,(anonymous_10)
FNDA:260,(anonymous_11)
DA:19,21
DA:25,694
DA:26,694
DA:27,694
DA:28,694
DA:30,694
DA:31,0
DA:33,0
DA:34,0
DA:35,0
DA:38,0
DA:39,0
DA:42,694
DA:43,0
DA:45,0
DA:48,694
DA:50,694
DA:51,130
DA:52,1
DA:53,1
DA:56,130
DA:58,130
DA:59,130
DA:60,0
DA:61,0
DA:65,0
DA:73,130
DA:74,130
DA:75,0
DA:76,0
DA:77,0
DA:79,0
DA:83,130
DA:84,130
DA:85,130
DA:86,130
DA:87,130
DA:91,130
DA:92,130
DA:94,130
DA:95,130
DA:96,130
DA:97,130
DA:100,130
DA:101,260
DA:102,130
DA:106,694
LF:47
LH:32
BRDA:23,0,0,0
BRDA:31,1,0,0
BRDA:31,1,1,0
BRDA:31,2,0,0
BRDA:31,2,1,0
BRDA:43,3,0,0
BRDA:43,3,1,0
BRDA:43,4,0,0
BRDA:43,4,1,0
BRDA:53,5,0,1
BRDA:53,5,1,1
BRDA:59,6,0,0
BRDA:59,6,1,130
BRDA:60,7,0,0
BRDA:60,7,1,0
BRDA:75,8,0,0
BRDA:75,8,1,0
BRDA:75,9,0,0
BRDA:75,9,1,0
BRDA:85,10,0,130
BRDA:85,10,1,0
BRDA:94,11,0,130
BRDA:94,11,1,0
BRF:23
BRH:5
end_of_record
TN:
SF:src/components/Chat/hooks/useMutedUsers.ts
FN:7,(anonymous_0)
FN:14,(anonymous_1)
FN:15,(anonymous_2)
FN:16,(anonymous_3)
FN:20,(anonymous_4)
FNF:5
FNH:3
FNDA:694,(anonymous_0)
FNDA:130,(anonymous_1)
FNDA:0,(anonymous_2)
FNDA:0,(anonymous_3)
FNDA:130,(anonymous_4)
DA:7,21
DA:12,694
DA:14,694
DA:15,130
DA:16,0
DA:19,130
DA:20,130
DA:23,694
LF:8
LH:7
BRDA:12,0,0,694
BRDA:12,0,1,0
BRDA:16,1,0,0
BRDA:16,1,1,0
BRDA:16,1,2,0
BRF:5
BRH:1
end_of_record
TN:
SF:src/components/ImageGallery/ImageGallery.tsx
FN:140,(anonymous_0)
FN:184,(anonymous_1)
FN:204,(anonymous_2)
FN:215,(anonymous_3)
FN:259,(anonymous_4)
FN:262,(anonymous_5)
FN:274,(anonymous_6)
FN:310,(anonymous_7)
FN:311,(anonymous_8)
FN:322,(anonymous_9)
FN:339,(anonymous_10)
FN:350,(anonymous_11)
FN:380,(anonymous_12)
FN:396,(anonymous_13)
FN:411,(anonymous_14)
FN:423,(anonymous_15)
FN:436,(anonymous_16)
FN:446,(anonymous_17)
FN:455,(anonymous_18)
FN:460,(anonymous_19)
FN:464,(anonymous_20)
FN:470,(anonymous_21)
FN:480,(anonymous_22)
FN:483,(anonymous_23)
FN:546,(anonymous_24)
FN:637,(anonymous_25)
FN:645,(anonymous_26)
FN:665,(anonymous_27)
FNF:28
FNH:0
FNDA:0,(anonymous_0)
FNDA:0,(anonymous_1)
FNDA:0,(anonymous_2)
FNDA:0,(anonymous_3)
FNDA:0,(anonymous_4)
FNDA:0,(anonymous_5)
FNDA:0,(anonymous_6)
FNDA:0,(anonymous_7)
FNDA:0,(anonymous_8)
FNDA:0,(anonymous_9)
FNDA:0,(anonymous_10)
FNDA:0,(anonymous_11)
FNDA:0,(anonymous_12)
FNDA:0,(anonymous_13)
FNDA:0,(anonymous_14)
FNDA:0,(anonymous_15)
FNDA:0,(anonymous_16)
FNDA:0,(anonymous_17)
FNDA:0,(anonymous_18)
FNDA:0,(anonymous_19)
FNDA:0,(anonymous_20)
FNDA:0,(anonymous_21)
FNDA:0,(anonymous_22)
FNDA:0,(anonymous_23)
FNDA:0,(anonymous_24)
FNDA:0,(anonymous_25)
FNDA:0,(anonymous_26)
FNDA:0,(anonymous_27)
DA:69,12
DA:70,12
DA:71,12
DA:72,12
DA:73,12
DA:74,12
DA:140,12
DA:152,0
DA:153,0
DA:154,0
DA:155,0
DA:161,0
DA:162,0
DA:163,0
DA:164,0
DA:169,0
DA:170,0
DA:171,0
DA:178,0
DA:181,0
DA:182,0
DA:183,0
DA:184,0
DA:191,0
DA:196,0
DA:197,0
DA:203,0
DA:204,0
DA:206,0
DA:215,0
DA:216,0
DA:217,0
DA:223,0
DA:229,0
DA:230,0
DA:235,0
DA:240,0
DA:241,0
DA:242,0
DA:243,0
DA:248,0
DA:249,0
DA:250,0
DA:251,0
DA:252,0
DA:259,0
DA:261,0
DA:263,0
DA:274,0
DA:275,0
DA:277,0
DA:296,0
DA:305,0
DA:310,0
DA:311,0
DA:314,0
DA:315,0
DA:316,0
DA:317,0
DA:321,0
DA:322,0
DA:325,0
DA:326,0
DA:329,0
DA:338,0
DA:339,0
DA:340,0
DA:341,0
DA:342,0
DA:343,0
DA:345,0
DA:346,0
DA:347,0
DA:348,0
DA:349,0
DA:350,0
DA:351,0
DA:352,0
DA:358,0
DA:379,0
DA:381,0
DA:395,0
DA:396,0
DA:410,0
DA:411,0
DA:422,0
DA:423,0
DA:436,0
DA:437,0
DA:438,0
DA:439,0
DA:446,0
DA:447,0
DA:448,0
DA:449,0
DA:453,0
DA:455,0
DA:456,0
DA:457,0
DA:460,0
DA:461,0
DA:464,0
DA:465,0
DA:466,0
DA:470,0
DA:472,0
DA:473,0
DA:476,0
DA:477,0
DA:480,0
DA:483,0
DA:485,0
DA:486,0
DA:490,0
DA:491,0
DA:495,0
DA:547,0
DA:638,0
DA:645,0
DA:665,12
DA:667,0
DA:670,12
DA:693,12
LF:123
LH:10
BRDA:146,0,0,0
BRDA:169,1,0,0
BRDA:169,1,1,0
BRDA:171,2,0,0
BRDA:171,2,1,0
BRDA:172,3,0,0
BRDA:172,3,1,0
BRDA:172,4,0,0
BRDA:172,4,1,0
BRDA:175,5,0,0
BRDA:175,5,1,0
BRDA:175,6,0,0
BRDA:175,6,1,0
BRDA:178,7,0,0
BRDA:178,7,1,0
BRDA:184,8,0,0
BRDA:184,8,1,0
BRDA:261,9,0,0
BRDA:261,9,1,0
BRDA:263,10,0,0
BRDA:263,10,1,0
BRDA:263,10,2,0
BRDA:263,10,3,0
BRDA:263,10,4,0
BRDA:263,10,5,0
BRDA:263,10,6,0
BRDA:263,10,7,0
BRDA:263,10,8,0
BRDA:263,10,9,0
BRDA:314,11,0,0
BRDA:314,11,1,0
BRDA:322,12,0,0
BRDA:322,12,1,0
BRDA:325,13,0,0
BRDA:325,13,1,0
BRDA:345,14,0,0
BRDA:345,14,1,0
BRDA:345,15,0,0
BRDA:345,15,1,0
BRDA:347,16,0,0
BRDA:347,16,1,0
BRDA:348,17,0,0
BRDA:348,17,1,0
BRDA:349,18,0,0
BRDA:349,18,1,0
BRDA:352,19,0,0
BRDA:352,19,1,0
BRDA:381,20,0,0
BRDA:381,20,1,0
BRDA:381,21,0,0
BRDA:381,21,1,0
BRDA:383,22,0,0
BRDA:383,22,1,0
BRDA:383,23,0,0
BRDA:383,23,1,0
BRDA:412,24,0,0
BRDA:412,24,1,0
BRDA:437,25,0,0
BRDA:437,25,1,0
BRDA:447,26,0,0
BRDA:447,26,1,0
BRDA:461,27,0,0
BRDA:461,27,1,0
BRDA:465,28,0,0
BRDA:465,28,1,0
BRDA:465,29,0,0
BRDA:465,29,1,0
BRDA:472,30,0,0
BRDA:472,30,1,0
BRDA:472,31,0,0
BRDA:472,31,1,0
BRDA:472,31,2,0
BRDA:476,32,0,0
BRDA:476,32,1,0
BRDA:476,33,0,0
BRDA:476,33,1,0
BRDA:476,33,2,0
BRDA:485,34,0,0
BRDA:485,34,1,0
BRDA:485,35,0,0
BRDA:485,35,1,0
BRDA:490,36,0,0
BRDA:490,36,1,0
BRDA:490,37,0,0
BRDA:490,37,1,0
BRDA:524,38,0,0
BRDA:524,38,1,0
BRDA:547,39,0,0
BRDA:547,39,1,0
BRDA:643,40,0,0
BRDA:643,40,1,0
BRDA:647,41,0,0
BRDA:647,41,1,0
BRF:93
BRH:0
end_of_record
TN:
SF:src/components/ImageGallery/components/AnimatedGalleryImage.tsx
FN:27,(anonymous_0)
FN:50,(anonymous_1)
FN:105,(anonymous_2)
FNF:3
FNH:0
FNDA:0,(anonymous_0)
FNDA:0,(anonymous_1)
FNDA:0,(anonymous_2)
DA:8,12
DA:9,12
DA:10,12
DA:26,12
DA:40,0
DA:50,0
DA:51,0
DA:52,0
DA:53,0
DA:80,0
DA:81,0
DA:84,0
DA:106,0
DA:114,0
DA:116,0
DA:120,12
LF:16
LH:5
BRDA:56,0,0,0
BRDA:56,0,1,0
BRDA:58,1,0,0
BRDA:58,1,1,0
BRDA:58,2,0,0
BRDA:58,2,1,0
BRDA:60,3,0,0
BRDA:60,3,1,0
BRDA:65,4,0,0
BRDA:65,4,1,0
BRDA:68,5,0,0
BRDA:68,5,1,0
BRDA:80,6,0,0
BRDA:80,6,1,0
BRDA:106,7,0,0
BRDA:106,7,1,0
BRDA:107,8,0,0
BRDA:107,8,1,0
BRDA:107,8,2,0
BRDA:107,8,3,0
BRDA:107,8,4,0
BRDA:107,8,5,0
BRF:22
BRH:0
end_of_record
TN:
SF:src/components/ImageGallery/components/AnimatedGalleryVideo.tsx
FN:52,(anonymous_0)
FN:73,(anonymous_1)
FN:77,(anonymous_2)
FN:82,(anonymous_3)
FN:86,(anonymous_4)
FN:90,(anonymous_5)
FN:95,(anonymous_6)
FN:126,(anonymous_7)
FN:211,(anonymous_8)
FNF:9
FNH:0
FNDA:0,(anonymous_0)
FNDA:0,(anonymous_1)
FNDA:0,(anonymous_2)
FNDA:0,(anonymous_3)
FNDA:0,(anonymous_4)
FNDA:0,(anonymous_5)
FNDA:0,(anonymous_6)
FNDA:0,(anonymous_7)
FNDA:0,(anonymous_8)
DA:18,12
DA:19,12
DA:20,12
DA:41,12
DA:51,12
DA:53,0
DA:71,0
DA:73,0
DA:74,0
DA:77,0
DA:78,0
DA:79,0
DA:82,0
DA:83,0
DA:86,0
DA:87,0
DA:90,0
DA:91,0
DA:92,0
DA:95,0
DA:96,0
DA:98,0
DA:99,0
DA:100,0
DA:104,0
DA:105,0
DA:106,0
DA:108,0
DA:114,0
DA:116,0
DA:119,0
DA:121,0
DA:126,0
DA:127,0
DA:128,0
DA:129,0
DA:156,0
DA:157,0
DA:160,0
DA:212,0
DA:221,0
DA:223,0
DA:227,12
LF:43
LH:6
BRDA:91,0,0,0
BRDA:91,0,1,0
BRDA:96,1,0,0
BRDA:96,1,1,0
BRDA:99,2,0,0
BRDA:99,2,1,0
BRDA:106,3,0,0
BRDA:106,3,1,0
BRDA:114,4,0,0
BRDA:114,4,1,0
BRDA:119,5,0,0
BRDA:119,5,1,0
BRDA:119,6,0,0
BRDA:119,6,1,0
BRDA:132,7,0,0
BRDA:132,7,1,0
BRDA:134,8,0,0
BRDA:134,8,1,0
BRDA:134,9,0,0
BRDA:134,9,1,0
BRDA:136,10,0,0
BRDA:136,10,1,0
BRDA:141,11,0,0
BRDA:141,11,1,0
BRDA:144,12,0,0
BRDA:144,12,1,0
BRDA:156,13,0,0
BRDA:156,13,1,0
BRDA:177,14,0,0
BRDA:177,14,1,0
BRDA:212,15,0,0
BRDA:212,15,1,0
BRDA:213,16,0,0
BRDA:213,16,1,0
BRDA:213,16,2,0
BRDA:213,16,3,0
BRDA:213,16,4,0
BRDA:213,16,5,0
BRDA:213,16,6,0
BRF:39
BRH:0
end_of_record
TN:
SF:src/components/ImageGallery/components/ImageGalleryFooter.tsx
FN:108,(anonymous_0)
FN:153,(anonymous_1)
FN:164,(anonymous_2)
FN:184,(anonymous_3)
FN:239,(anonymous_4)
FN:280,(anonymous_5)
FNF:6
FNH:0
FNDA:0,(anonymous_0)
FNDA:0,(anonymous_1)
FNDA:0,(anonymous_2)
FNDA:0,(anonymous_3)
FNDA:0,(anonymous_4)
FNDA:0,(anonymous_5)
DA:15,12
DA:19,12
DA:108,12
DA:131,0
DA:133,0
DA:134,0
DA:149,0
DA:150,0
DA:152,0
DA:153,0
DA:164,0
DA:165,0
DA:166,0
DA:167,0
DA:168,0
DA:174,0
DA:175,0
DA:177,0
DA:179,0
DA:182,0
DA:184,0
DA:239,12
DA:248,0
DA:254,0
DA:256,0
DA:257,0
DA:259,0
DA:260,0
DA:262,0
DA:263,0
DA:265,0
DA:266,0
DA:268,0
DA:271,12
DA:280,12
DA:284,0
DA:286,12
LF:37
LH:7
BRDA:15,0,0,12
BRDA:15,0,1,0
BRDA:167,1,0,0
BRDA:167,1,1,0
BRDA:169,2,0,0
BRDA:169,2,1,0
BRDA:189,3,0,0
BRDA:189,3,1,0
BRDA:190,4,0,0
BRDA:190,4,1,0
BRDA:203,5,0,0
BRDA:203,5,1,0
BRDA:208,6,0,0
BRDA:208,6,1,0
BRDA:212,7,0,0
BRDA:212,7,1,0
BRDA:224,8,0,0
BRDA:224,8,1,0
BRDA:229,9,0,0
BRDA:229,9,1,0
BRDA:257,10,0,0
BRDA:257,10,1,0
BRDA:260,11,0,0
BRDA:260,11,1,0
BRDA:263,12,0,0
BRDA:263,12,1,0
BRDA:266,13,0,0
BRDA:266,13,1,0
BRF:28
BRH:1
end_of_record
TN:
SF:src/components/ImageGallery/components/ImageGalleryHeader.tsx
FN:87,(anonymous_0)
FN:122,(anonymous_1)
FN:140,(anonymous_2)
FN:154,(anonymous_3)
[...]
BRH:0
end_of_record
TN:
SF:src/icons/SEVEN_Z.tsx
FN:5,(anonymous_0)
FNF:1
FNH:0
FNDA:0,(anonymous_0)
DA:5,23
DA:6,0
LF:2
LH:1
BRDA:7,0,0,0
BRDA:7,0,1,0
BRDA:8,1,0,0
BRDA:8,1,1,0
BRDA:9,2,0,0
BRDA:9,2,1,0
BRF:6
BRH:0
end_of_record
TN:
SF:src/icons/Search.tsx
FN:5,(anonymous_0)
FNF:1
FNH:0
FNDA:0,(anonymous_0)
DA:5,24
DA:6,0
LF:2
LH:1
BRF:0
BRH:0
end_of_record
TN:
SF:src/icons/SendRight.tsx
FN:5,(anonymous_0)
FNF:1
FNH:1
FNDA:11,(anonymous_0)
DA:5,24
DA:6,11
LF:2
LH:2
BRF:0
BRH:0
end_of_record
TN:
SF:src/icons/SendUp.tsx
FN:5,(anonymous_0)
FNF:1
FNH:1
FNDA:4,(anonymous_0)
DA:5,24
DA:6,4
LF:2
LH:2
BRF:0
BRH:0
end_of_record
TN:
SF:src/icons/Share.tsx
FN:6,(anonymous_0)
FNF:1
FNH:0
FNDA:0,(anonymous_0)
DA:6,23
DA:7,0
LF:2
LH:1
BRDA:12,0,0,0
BRDA:12,0,1,0
BRF:2
BRH:0
end_of_record
TN:
SF:src/icons/ShareRightArrow.tsx
FN:5,(anonymous_0)
FNF:1
FNH:0
FNDA:0,(anonymous_0)
DA:5,23
DA:6,0
LF:2
LH:1
BRF:0
BRH:0
end_of_record
TN:
SF:src/icons/Smile.tsx
FN:5,(anonymous_0)
FNF:1
FNH:0
FNDA:0,(anonymous_0)
DA:5,23
DA:6,0
LF:2
LH:1
BRF:0
BRH:0
end_of_record
TN:
SF:src/icons/Sound.tsx
FN:5,(anonymous_0)
FNF:1
FNH:0
FNDA:0,(anonymous_0)
DA:5,23
DA:6,0
LF:2
LH:1
BRF:0
BRH:0
end_of_record
TN:
SF:src/icons/TAR.tsx
FN:5,(anonymous_0)
FNF:1
FNH:0
FNDA:0,(anonymous_0)
DA:5,23
DA:6,0
LF:2
LH:1
BRDA:7,0,0,0
BRDA:7,0,1,0
BRDA:8,1,0,0
BRDA:8,1,1,0
BRDA:9,2,0,0
BRDA:9,2,1,0
BRF:6
BRH:0
end_of_record
TN:
SF:src/icons/TXT.tsx
FN:5,(anonymous_0)
FNF:1
FNH:0
FNDA:0,(anonymous_0)
DA:5,23
DA:6,0
LF:2
LH:1
BRDA:7,0,0,0
BRDA:7,0,1,0
BRDA:8,1,0,0
BRDA:8,1,1,0
BRDA:9,2,0,0
BRDA:9,2,1,0
BRF:6
BRH:0
end_of_record
TN:
SF:src/icons/ThreadReply.tsx
FN:5,(anonymous_0)
FNF:1
FNH:1
FNDA:1,(anonymous_0)
DA:5,23
DA:6,1
LF:2
LH:2
BRF:0
BRH:0
end_of_record
TN:
SF:src/icons/ThumbsDownReaction.tsx
FN:5,(anonymous_0)
FNF:1
FNH:1
FNDA:2,(anonymous_0)
DA:5,23
DA:6,2
LF:2
LH:2
BRF:0
BRH:0
end_of_record
TN:
SF:src/icons/ThumbsUpReaction.tsx
FN:5,(anonymous_0)
FNF:1
FNH:1
FNDA:2,(anonymous_0)
DA:5,23
DA:6,2
LF:2
LH:2
BRF:0
BRH:0
end_of_record
TN:
SF:src/icons/Time.tsx
FN:5,(anonymous_0)
FNF:1
FNH:1
FNDA:2,(anonymous_0)
DA:5,24
DA:6,2
LF:2
LH:2
BRF:0
BRH:0
end_of_record
TN:
SF:src/icons/Unknown.tsx
FN:5,(anonymous_0)
FNF:1
FNH:0
FNDA:0,(anonymous_0)
DA:5,23
DA:6,0
LF:2
LH:1
BRF:0
BRH:0
end_of_record
TN:
SF:src/icons/Unpin.tsx
FN:5,(anonymous_0)
FNF:1
FNH:0
FNDA:0,(anonymous_0)
DA:5,23
DA:6,0
LF:2
LH:1
BRF:0
BRH:0
end_of_record
TN:
SF:src/icons/User.tsx
FN:5,(anonymous_0)
FNF:1
FNH:0
FNDA:0,(anonymous_0)
DA:5,23
DA:6,0
LF:2
LH:1
BRF:0
BRH:0
end_of_record
TN:
SF:src/icons/UserAdd.tsx
FN:5,(anonymous_0)
FNF:1
FNH:0
FNDA:0,(anonymous_0)
DA:5,23
DA:6,0
LF:2
LH:1
BRF:0
BRH:0
end_of_record
TN:
SF:src/icons/UserDelete.tsx
FN:5,(anonymous_0)
FNF:1
FNH:1
FNDA:1,(anonymous_0)
DA:5,23
DA:6,1
LF:2
LH:2
BRF:0
BRH:0
end_of_record
TN:
SF:src/icons/UserMinus.tsx
FN:5,(anonymous_0)
FNF:1
FNH:0
FNDA:0,(anonymous_0)
DA:5,23
DA:6,0
LF:2
LH:1
BRF:0
BRH:0
end_of_record
TN:
SF:src/icons/Video.tsx
FN:5,(anonymous_0)
FNF:1
FNH:0
FNDA:0,(anonymous_0)
DA:5,23
DA:6,0
LF:2
LH:1
BRDA:7,0,0,0
BRDA:7,0,1,0
BRDA:8,1,0,0
BRDA:8,1,1,0
BRDA:9,2,0,0
BRDA:9,2,1,0
BRF:6
BRH:0
end_of_record
TN:
SF:src/icons/Warning.tsx
FN:5,(anonymous_0)
FNF:1
FNH:1
FNDA:15,(anonymous_0)
DA:5,23
DA:6,15
LF:2
LH:2
BRF:0
BRH:0
end_of_record
TN:
SF:src/icons/WutReaction.tsx
FN:5,(anonymous_0)
FNF:1
FNH:1
FNDA:2,(anonymous_0)
DA:5,23
DA:6,2
LF:2
LH:2
BRF:0
BRH:0
end_of_record
TN:
SF:src/icons/XLS.tsx
FN:6,(anonymous_0)
FNF:1
FNH:0
FNDA:0,(anonymous_0)
DA:6,23
DA:7,0
LF:2
LH:1
BRDA:8,0,0,0
BRDA:8,0,1,0
BRDA:9,1,0,0
BRDA:9,1,1,0
BRDA:10,2,0,0
BRDA:10,2,1,0
BRDA:37,3,0,0
BRDA:37,3,1,0
BRF:8
BRH:0
end_of_record
TN:
SF:src/icons/XLSX.tsx
FN:6,(anonymous_0)
FNF:1
FNH:0
FNDA:0,(anonymous_0)
DA:6,23
DA:7,0
LF:2
LH:1
BRDA:8,0,0,0
BRDA:8,0,1,0
BRDA:9,1,0,0
BRDA:9,1,1,0
BRDA:10,2,0,0
BRDA:10,2,1,0
BRDA:37,3,0,0
BRDA:37,3,1,0
BRF:8
BRH:0
end_of_record
TN:
SF:src/icons/ZIP.tsx
FN:5,(anonymous_0)
FNF:1
FNH:0
FNDA:0,(anonymous_0)
DA:5,23
DA:6,0
LF:2
LH:1
BRDA:7,0,0,0
BRDA:7,0,1,0
BRDA:8,1,0,0
BRDA:8,1,1,0
BRDA:9,2,0,0
BRDA:9,2,1,0
BRF:6
BRH:0
end_of_record
TN:
SF:src/icons/index.ts
FNF:0
FNH:0
LF:0
LH:0
BRF:0
BRH:0
end_of_record
TN:
SF:src/icons/utils/base.tsx
FN:12,(anonymous_0)
FN:33,(anonymous_1)
FNF:2
FNH:2
FNDA:245,(anonymous_0)
FNDA:363,(anonymous_1)
DA:12,26
DA:13,245
DA:14,245
DA:33,26
DA:38,363
DA:40,363
DA:41,363
LF:7
LH:7
BRDA:13,0,0,124
BRDA:13,1,0,216
BRDA:13,2,0,124
BRDA:40,3,0,45
BRF:4
BRH:4
end_of_record
TN:
SF:src/mock-builders/mock.js
FN:9,(anonymous_0)
FN:10,(anonymous_1)
FN:20,mockClient
FN:26,(anonymous_3)
FN:27,(anonymous_4)
FN:32,(anonymous_5)
FN:38,(anonymous_6)
FN:40,(anonymous_7)
FN:47,(anonymous_8)
FN:53,(anonymous_9)
FNF:10
FNH:9
FNDA:131,(anonymous_0)
FNDA:131,(anonymous_1)
FNDA:129,mockClient
FNDA:124,(anonymous_3)
FNDA:124,(anonymous_4)
FNDA:8,(anonymous_5)
FNDA:1,(anonymous_6)
FNDA:128,(anonymous_7)
FNDA:122,(anonymous_8)
FNDA:0,(anonymous_9)
DA:6,21
DA:7,21
DA:9,21
DA:10,131
DA:11,131
DA:12,131
DA:13,131
DA:14,131
DA:15,131
DA:16,131
DA:17,131
DA:21,129
DA:23,129
DA:24,129
DA:25,129
DA:26,124
DA:27,124
DA:29,129
DA:31,129
DA:32,129
DA:35,129
DA:38,21
DA:40,21
DA:41,128
DA:42,128
DA:43,128
DA:44,128
DA:46,128
DA:47,128
DA:50,128
DA:53,21
DA:54,0
DA:55,0
DA:56,0
LF:34
LH:31
BRDA:20,0,0,128
BRDA:21,1,0,129
BRDA:31,2,0,129
BRDA:31,2,1,0
BRDA:38,3,0,1
BRDA:40,4,0,128
BRDA:41,5,0,128
BRDA:46,6,0,128
BRDA:46,6,1,0
BRF:9
BRH:7
end_of_record
TN:
SF:src/mock-builders/api/getOrCreateChannel.js
FN:10,(anonymous_0)
FNF:1
FNH:1
FNDA:103,(anonymous_0)
DA:10,17
DA:17,103
DA:24,103
LF:3
LH:3
BRDA:11,0,0,0
BRF:1
BRH:0
end_of_record
TN:
SF:src/mock-builders/api/queryChannels.js
FN:10,(anonymous_0)
FNF:1
FNH:1
FNDA:25,(anonymous_0)
DA:10,2
DA:11,25
DA:16,25
LF:3
LH:3
BRDA:10,0,0,0
BRF:1
BRH:0
end_of_record
TN:
SF:src/mock-builders/api/queryMembers.js
FN:10,(anonymous_0)
FNF:1
FNH:0
FNDA:0,(anonymous_0)
DA:10,1
DA:11,0
DA:15,0
DA:18,1
DA:34,1
DA:103,1
LF:6
LH:4
BRDA:10,0,0,0
BRF:1
BRH:0
end_of_record
TN:
SF:src/mock-builders/api/sendMessage.js
FN:11,(anonymous_0)
FNF:1
FNH:1
FNDA:1,(anonymous_0)
DA:11,1
DA:12,1
DA:17,1
LF:3
LH:3
BRDA:11,0,0,1
BRF:1
BRH:1
end_of_record
TN:
SF:src/mock-builders/api/useMockedApis.js
FN:10,(anonymous_0)
FN:11,(anonymous_1)
FNF:2
FNH:2
FNDA:123,(anonymous_0)
FNDA:128,(anonymous_1)
DA:10,17
DA:11,123
DA:12,128
LF:3
LH:3
BRF:0
BRH:0
end_of_record
TN:
SF:src/mock-builders/api/utils.js
FN:1,(anonymous_0)
FNF:1
FNH:1
FNDA:129,(anonymous_0)
DA:1,129
LF:1
LH:1
BRDA:1,0,0,0
BRDA:1,1,0,129
BRF:2
BRH:1
end_of_record
TN:
SF:src/mock-builders/event/channelDeleted.js
FN:1,(anonymous_0)
FNF:1
FNH:1
FNDA:3,(anonymous_0)
DA:2,3
LF:1
LH:1
BRDA:1,0,0,0
BRF:1
BRH:0
end_of_record
TN:
SF:src/mock-builders/event/channelHidden.js
FN:1,(anonymous_0)
FNF:1
FNH:1
FNDA:2,(anonymous_0)
DA:2,2
LF:1
LH:1
BRDA:1,0,0,0
BRF:1
BRH:0
end_of_record
TN:
SF:src/mock-builders/event/channelTruncated.js
FN:1,(anonymous_0)
FNF:1
FNH:1
FNDA:1,(anonymous_0)
DA:2,1
LF:1
LH:1
BRDA:1,0,0,0
BRF:1
BRH:0
end_of_record
TN:
SF:src/mock-builders/event/channelUpdated.js
FN:1,(anonymous_0)
FNF:1
FNH:1
FNDA:2,(anonymous_0)
DA:2,2
LF:1
LH:1
BRDA:1,0,0,0
BRF:1
BRH:0
end_of_record
TN:
SF:src/mock-builders/event/connectionChanged.js
FN:1,(anonymous_0)
FNF:1
FNH:1
FNDA:1,(anonymous_0)
DA:2,1
LF:1
LH:1
BRF:0
BRH:0
end_of_record
TN:
SF:src/mock-builders/event/connectionRecovered.js
FN:1,(anonymous_0)
FNF:1
FNH:1
FNDA:2,(anonymous_0)
DA:2,2
LF:1
LH:1
BRF:0
BRH:0
end_of_record
TN:
SF:src/mock-builders/event/messageNew.js
FN:1,(anonymous_0)
FNF:1
FNH:1
FNDA:5,(anonymous_0)
DA:2,5
LF:1
LH:1
BRDA:1,0,0,0
BRF:1
BRH:0
end_of_record
TN:
SF:src/mock-builders/event/messageRead.js
FN:1,(anonymous_0)
FNF:1
FNH:1
FNDA:1,(anonymous_0)
DA:2,1
DA:9,1
DA:11,1
LF:3
LH:3
BRDA:1,0,0,0
BRF:1
BRH:0
end_of_record
TN:
SF:src/mock-builders/event/messageUpdated.js
FN:1,(anonymous_0)
FNF:1
FNH:1
FNDA:1,(anonymous_0)
DA:2,1
LF:1
LH:1
BRDA:1,0,0,0
BRF:1
BRH:0
end_of_record
TN:
SF:src/mock-builders/event/notificationAddedToChannel.js
FN:1,(anonymous_0)
FNF:1
FNH:1
FNDA:2,(anonymous_0)
DA:2,2
LF:1
LH:1
BRDA:1,0,0,0
BRF:1
BRH:0
end_of_record
TN:
SF:src/mock-builders/event/notificationMessageNew.js
FN:1,(anonymous_0)
FNF:1
FNH:1
FNDA:2,(anonymous_0)
DA:2,2
LF:1
LH:1
BRDA:1,0,0,0
BRF:1
BRH:0
end_of_record
TN:
SF:src/mock-builders/event/notificationRemovedFromChannel.js
FN:1,(anonymous_0)
FNF:1
FNH:1
FNDA:2,(anonymous_0)
DA:2,2
LF:1
LH:1
BRDA:1,0,0,0
BRF:1
BRH:0
end_of_record
TN:
SF:src/mock-builders/event/typing.js
FN:1,(anonymous_0)
FNF:1
FNH:1
FNDA:1,(anonymous_0)
DA:2,1
LF:1
LH:1
BRDA:1,0,0,0
BRDA:1,1,0,0
BRF:2
BRH:0
end_of_record
TN:
SF:src/mock-builders/event/userPresence.js
FN:1,(anonymous_0)
FNF:1
FNH:1
FNDA:1,(anonymous_0)
DA:2,1
LF:1
LH:1
BRDA:1,0,0,0
BRF:1
BRH:0
end_of_record
TN:
SF:src/mock-builders/event/userUpdated.js
FN:1,(anonymous_0)
FNF:1
FNH:1
FNDA:1,(anonymous_0)
DA:2,1
LF:1
LH:1
BRDA:1,0,0,0
BRF:1
BRH:0
end_of_record
TN:
SF:src/mock-builders/generator/attachment.js
FN:5,(anonymous_0)
FN:12,(anonymous_1)
FN:20,(anonymous_2)
FN:28,(anonymous_3)
FN:37,(anonymous_4)
FN:47,(anonymous_5)
FN:58,(anonymous_6)
FN:69,(anonymous_7)
FN:79,(anonymous_8)
FN:81,(anonymous_9)
FNF:10
FNH:9
FNDA:3,(anonymous_0)
FNDA:0,(anonymous_1)
FNDA:45,(anonymous_2)
FNDA:20,(anonymous_3)
FNDA:1,(anonymous_4)
FNDA:1,(anonymous_5)
FNDA:20,(anonymous_6)
FNDA:9,(anonymous_7)
FNDA:1,(anonymous_8)
FNDA:8,(anonymous_9)
DA:3,6
DA:5,6
DA:12,6
DA:20,45
DA:28,20
DA:37,6
DA:47,6
DA:58,20
DA:69,9
DA:79,6
DA:81,8
LF:11
LH:11
BRF:0
BRH:0
end_of_record
TN:
SF:src/mock-builders/generator/channel.js
FN:56,(anonymous_0)
FN:78,(anonymous_1)
FN:79,(anonymous_2)
FN:90,(anonymous_3)
FNF:4
FNH:4
FNDA:170,(anonymous_0)
FNDA:2,(anonymous_1)
FNDA:2,(anonymous_2)
FNDA:168,(anonymous_3)
DA:5,17
DA:24,17
DA:50,17
DA:56,170
DA:78,17
DA:79,2
DA:80,2
DA:81,2
DA:85,2
DA:87,0
DA:90,17
DA:93,168
DA:95,168
DA:96,168
LF:14
LH:13
BRDA:56,0,0,170
BRDA:80,1,0,2
BRDA:80,1,1,0
BRDA:82,2,0,0
BRDA:82,2,1,2
BRDA:91,3,0,79
BRDA:93,4,0,89
BRDA:93,5,0,89
BRDA:93,6,0,54
BRF:9
BRH:7
end_of_record
TN:
SF:src/mock-builders/generator/member.js
FN:3,(anonymous_0)
FNF:1
FNH:1
FNDA:57,(anonymous_0)
DA:3,10
DA:4,57
DA:5,57
LF:3
LH:3
BRDA:3,0,0,3
BRDA:4,1,0,57
BRDA:4,1,1,57
BRDA:4,1,2,3
BRF:4
BRH:4
end_of_record
TN:
SF:src/mock-builders/generator/message.js
FN:5,(anonymous_0)
FN:23,(anonymous_1)
FNF:2
FNH:2
FNDA:115,(anonymous_0)
FNDA:10,(anonymous_1)
DA:5,20
DA:7,115
DA:9,115
DA:22,20
DA:23,20
DA:24,10
LF:6
LH:6
BRDA:5,0,0,21
BRDA:7,1,0,115
BRDA:7,1,1,115
BRDA:25,2,0,10
BRDA:25,2,1,4
BRDA:28,3,0,10
BRDA:28,3,1,4
BRF:7
BRH:7
end_of_record
TN:
SF:src/mock-builders/generator/reaction.js
FN:3,(anonymous_0)
FNF:1
FNH:1
FNDA:1,(anonymous_0)
DA:3,1
DA:4,1
DA:5,1
LF:3
LH:3
BRDA:3,0,0,1
BRDA:4,1,0,1
BRDA:4,1,1,1
BRF:3
BRH:3
end_of_record
TN:
SF:src/mock-builders/generator/user.js
FN:3,(anonymous_0)
FN:14,(anonymous_1)
FN:43,(anonymous_2)
FNF:3
FNH:3
FNDA:617,(anonymous_0)
FNDA:447,(anonymous_1)
FNDA:11,(anonymous_2)
DA:3,617
DA:14,447
DA:19,26
DA:43,26
DA:44,11
DA:45,0
DA:48,11
LF:7
LH:6
BRDA:14,0,0,336
BRDA:44,1,0,0
BRDA:44,1,1,11
BRF:3
BRH:2
end_of_record
TN:
SF:src/types/types.ts
FNF:0
FNH:0
LF:0
LH:0
BRF:0
BRH:0
end_of_record
TN:
SF:src/utils/Streami18n.ts
FN:94,(anonymous_0)
FN:102,(anonymous_1)
FN:167,(anonymous_2)
FN:343,(anonymous_3)
FN:349,(anonymous_4)
FN:352,(anonymous_5)
FN:415,(anonymous_6)
FN:477,(anonymous_7)
FN:501,(anonymous_8)
FN:521,(anonymous_9)
FN:541,(anonymous_10)
FN:547,(anonymous_11)
FN:561,(anonymous_12)
FN:564,(anonymous_13)
FN:567,(anonymous_14)
FN:572,(anonymous_15)
FN:589,(anonymous_16)
FN:623,(anonymous_17)
FN:635,(anonymous_18)
FN:654,(anonymous_19)
FNF:20
FNH:14
FNDA:0,(anonymous_0)
FNDA:0,(anonymous_1)
FNDA:484,(anonymous_2)
FNDA:1,(anonymous_3)
FNDA:0,(anonymous_4)
FNDA:0,(anonymous_5)
FNDA:264,(anonymous_6)
FNDA:1,(anonymous_7)
FNDA:220,(anonymous_8)
FNDA:264,(anonymous_9)
FNDA:483,(anonymous_10)
FNDA:528,(anonymous_11)
FNDA:0,(anonymous_12)
FNDA:0,(anonymous_13)
FNDA:1,(anonymous_14)
FNDA:271,(anonymous_15)
FNDA:1,(anonymous_16)
FNDA:2,(anonymous_17)
FNDA:2,(anonymous_18)
FNDA:251,(anonymous_19)
DA:42,25
DA:43,25
DA:45,25
DA:47,25
DA:58,25
DA:69,25
DA:80,25
DA:95,0
DA:96,0
DA:97,0
DA:98,0
DA:99,0
DA:103,0
DA:104,0
DA:106,0
DA:107,0
DA:108,0
DA:109,0
DA:110,0
DA:116,25
DA:127,25
DA:138,25
DA:146,25
DA:167,25
DA:168,484
DA:337,25
DA:343,1
DA:347,264
DA:348,264
DA:349,264
DA:350,264
DA:352,264
DA:359,264
DA:378,264
DA:416,264
DA:422,264
DA:424,264
DA:425,264
DA:427,264
DA:432,264
DA:433,264
DA:434,264
DA:435,264
DA:436,264
DA:439,0
DA:446,264
DA:447,264
DA:449,264
DA:450,1
DA:463,264
DA:464,0
DA:469,264
DA:478,1
DA:480,1
DA:485,264
DA:487,264
DA:489,264
DA:490,1
DA:493,263
DA:494,1
DA:501,264
DA:502,220
DA:506,4
DA:507,4
DA:509,0
DA:511,216
DA:512,216
DA:514,0
DA:522,264
DA:524,264
DA:525,264
DA:530,264
DA:532,0
DA:535,264
DA:541,264
DA:542,483
DA:544,483
DA:547,264
DA:548,528
DA:549,528
DA:550,0
DA:556,0
DA:561,264
DA:564,264
DA:567,264
DA:573,271
DA:574,264
DA:575,1
DA:577,264
DA:579,7
DA:594,1
DA:595,0
DA:598,0
DA:601,1
DA:602,1
DA:604,0
DA:607,1
DA:608,1
DA:609,0
DA:610,0
DA:618,1
DA:619,0
DA:624,2
DA:625,1
DA:628,1
DA:636,2
DA:638,2
DA:640,0
DA:641,0
DA:642,0
DA:643,0
DA:645,0
DA:647,0
DA:649,0
DA:650,0
DA:655,251
LF:116
LH:83
BRDA:95,0,0,0
BRDA:95,0,1,0
BRDA:96,1,0,0
BRDA:96,1,1,0
BRDA:97,2,0,0
BRDA:97,2,1,0
BRDA:98,3,0,0
BRDA:98,3,1,0
BRDA:103,4,0,0
BRDA:103,4,1,0
BRDA:106,5,0,0
BRDA:106,5,1,0
BRDA:106,6,0,0
BRDA:106,6,1,0
BRDA:107,7,0,0
BRDA:107,7,1,0
BRDA:108,8,0,0
BRDA:108,8,1,0
BRDA:108,9,0,0
BRDA:108,9,1,0
BRDA:109,10,0,0
BRDA:109,10,1,0
BRDA:415,11,0,13
BRDA:415,12,0,264
BRDA:432,13,0,264
BRDA:432,13,1,0
BRDA:432,14,0,264
BRDA:432,14,1,264
BRDA:449,15,0,1
BRDA:449,15,1,263
BRDA:452,16,0,0
BRDA:452,16,1,1
BRDA:452,17,0,1
BRDA:452,17,1,0
BRDA:463,18,0,0
BRDA:463,18,1,264
BRDA:489,19,0,1
BRDA:489,19,1,263
BRDA:493,20,0,1
BRDA:493,20,1,262
BRDA:502,21,0,4
BRDA:502,21,1,216
BRDA:502,22,0,220
BRDA:502,22,1,218
BRDA:506,23,0,4
BRDA:506,23,1,0
BRDA:511,24,0,216
BRDA:511,24,1,0
BRDA:542,25,0,0
BRDA:542,25,1,483
BRDA:549,26,0,0
BRDA:549,26,1,528
BRDA:573,27,0,264
BRDA:573,27,1,7
BRDA:574,28,0,1
BRDA:574,28,1,263
BRDA:594,29,0,0
BRDA:594,29,1,1
BRDA:601,30,0,1
BRDA:601,30,1,0
BRDA:607,31,0,1
BRDA:607,31,1,0
BRDA:609,32,0,0
BRDA:609,32,1,0
BRDA:618,33,0,0
BRDA:618,33,1,1
BRDA:624,34,0,1
BRDA:624,34,1,1
BRDA:638,35,0,2
BRDA:638,35,1,0
BRDA:642,36,0,0
BRDA:642,36,1,0
BRF:72
BRH:33
end_of_record
TN:
SF:src/utils/date.ts
FN:3,(anonymous_0)
FNF:1
FNH:1
FNDA:8,(anonymous_0)
DA:1,19
DA:3,19
DA:4,8
LF:3
LH:3
BRF:0
BRH:0
end_of_record
TN:
SF:src/utils/getResizedImageUrl.ts
FN:22,getResizedImageUrl
FNF:1
FNH:1
FNDA:165,getResizedImageUrl
DA:28,165
DA:29,165
DA:31,24
DA:32,24
DA:37,24
DA:39,24
DA:41,7
DA:42,7
DA:45,7
DA:46,7
DA:49,7
DA:51,7
DA:55,141
DA:57,141
LF:14
LH:14
BRDA:24,0,0,159
BRDA:37,1,0,24
BRDA:37,1,1,7
BRDA:37,1,2,7
BRDA:39,2,0,17
BRDA:39,2,1,7
BRDA:39,3,0,24
BRDA:39,3,1,7
BRDA:39,3,2,0
BRDA:41,4,0,7
BRDA:41,4,1,0
BRDA:45,5,0,7
BRDA:45,5,1,0
BRF:13
BRH:10
end_of_record
TN:
SF:src/utils/getUrlOfImageAttachment.ts
FN:8,getUrlOfImageAttachment
FNF:1
FNH:1
FNDA:76,getUrlOfImageAttachment
DA:9,76
LF:1
LH:1
BRDA:9,0,0,76
BRDA:9,0,1,0
BRDA:9,0,2,0
BRF:3
BRH:1
end_of_record
TN:
SF:src/utils/utils.ts
FN:66,(anonymous_0)
FN:85,(anonymous_1)
FN:92,(anonymous_2)
FN:98,(anonymous_3)
FN:107,(anonymous_4)
FN:110,(anonymous_5)
FN:114,(anonymous_6)
FN:123,(anonymous_7)
FN:131,(anonymous_8)
FN:141,(anonymous_9)
FN:163,(anonymous_10)
FN:175,(anonymous_11)
FN:208,(anonymous_12)
FN:220,(anonymous_13)
FN:222,(anonymous_14)
FN:224,(anonymous_15)
FN:329,(anonymous_16)
FN:337,(anonymous_17)
FN:343,(anonymous_18)
FN:346,(anonymous_19)
FN:369,(anonymous_20)
FN:377,(anonymous_21)
FN:380,(anonymous_22)
FN:383,(anonymous_23)
FN:391,(anonymous_24)
FN:413,(anonymous_25)
FN:421,(anonymous_26)
FN:424,(anonymous_27)
FN:438,(anonymous_28)
FN:459,(anonymous_29)
FN:482,(anonymous_30)
FN:492,(anonymous_31)
FN:501,(anonymous_32)
FN:504,(anonymous_33)
FN:513,(anonymous_34)
FN:518,(anonymous_35)
FN:525,(anonymous_36)
FN:544,(anonymous_37)
FN:554,(anonymous_38)
FN:562,(anonymous_39)
FNF:40
FNH:9
FNDA:40,(anonymous_0)
FNDA:0,(anonymous_1)
FNDA:0,(anonymous_2)
FNDA:0,(anonymous_3)
FNDA:0,(anonymous_4)
FNDA:0,(anonymous_5)
FNDA:0,(anonymous_6)
FNDA:0,(anonymous_7)
FNDA:0,(anonymous_8)
FNDA:0,(anonymous_9)
FNDA:0,(anonymous_10)
FNDA:0,(anonymous_11)
FNDA:0,(anonymous_12)
FNDA:0,(anonymous_13)
FNDA:0,(anonymous_14)
FNDA:0,(anonymous_15)
FNDA:1068,(anonymous_16)
FNDA:0,(anonymous_17)
FNDA:0,(anonymous_18)
FNDA:0,(anonymous_19)
FNDA:0,(anonymous_20)
FNDA:0,(anonymous_21)
FNDA:0,(anonymous_22)
FNDA:0,(anonymous_23)
FNDA:0,(anonymous_24)
FNDA:0,(anonymous_25)
FNDA:0,(anonymous_26)
FNDA:0,(anonymous_27)
FNDA:0,(anonymous_28)
FNDA:0,(anonymous_29)
FNDA:0,(anonymous_30)
FNDA:0,(anonymous_31)
FNDA:31,(anonymous_32)
FNDA:275,(anonymous_33)
FNDA:157,(anonymous_34)
FNDA:83,(anonymous_35)
FNDA:32,(anonymous_36)
FNDA:1468,(anonymous_37)
FNDA:0,(anonymous_38)
FNDA:2056,(anonymous_39)
DA:31,37
DA:47,37
DA:54,37
DA:66,37
DA:67,40
DA:75,40
DA:78,37
DA:79,37
DA:85,37
DA:90,0
DA:92,37
DA:96,0
DA:98,37
DA:103,0
DA:105,0
DA:107,0
DA:110,0
DA:114,37
DA:119,0
DA:120,0
DA:123,37
DA:128,0
DA:130,0
DA:132,0
DA:133,0
DA:136,0
DA:141,37
DA:151,0
DA:153,0
DA:154,0
DA:162,0
DA:163,0
DA:164,0
DA:165,0
DA:170,37
DA:175,37
DA:186,0
DA:190,0
DA:191,0
DA:196,0
DA:198,0
DA:201,0
DA:207,0
DA:208,0
DA:209,0
DA:210,0
DA:215,37
DA:220,37
DA:222,37
DA:224,37
DA:329,37
DA:335,1068
DA:338,0
DA:340,0
DA:341,0
DA:343,0
DA:346,0
DA:347,0
DA:348,0
DA:349,0
DA:350,0
DA:352,0
DA:353,0
DA:355,0
DA:356,0
DA:358,0
DA:361,0
DA:363,0
DA:364,0
DA:367,0
DA:369,0
DA:378,0
DA:380,0
DA:381,0
DA:383,0
DA:384,0
DA:385,0
DA:386,0
DA:391,0
DA:392,0
DA:400,0
DA:404,0
DA:407,0
DA:408,0
DA:411,0
DA:413,0
DA:422,0
DA:434,0
DA:435,0
DA:439,0
DA:440,0
DA:456,0
DA:457,0
DA:459,0
DA:460,0
DA:461,0
DA:462,0
DA:464,0
DA:465,0
DA:467,0
DA:470,0
DA:472,0
DA:473,0
DA:476,0
DA:479,0
DA:483,0
DA:484,0
DA:492,0
DA:501,37
DA:502,31
DA:504,37
DA:505,275
DA:507,267
DA:508,267
DA:510,2
DA:513,37
DA:514,157
DA:515,157
DA:518,37
DA:519,83
DA:521,83
DA:522,83
DA:525,37
DA:526,32
DA:534,37
DA:537,37
DA:544,37
DA:553,1468
DA:554,0
DA:562,37
DA:566,2056
LF:131
LH:44
BRDA:96,0,0,0
BRDA:96,0,1,0
BRDA:105,1,0,0
BRDA:105,1,1,0
BRDA:120,2,0,0
BRDA:120,2,1,0
BRDA:132,3,0,0
BRDA:132,3,1,0
BRDA:147,4,0,0
BRDA:151,5,0,0
BRDA:153,6,0,0
BRDA:153,6,1,0
BRDA:163,7,0,0
BRDA:163,7,1,0
BRDA:164,8,0,0
BRDA:164,8,1,0
BRDA:164,9,0,0
BRDA:164,9,1,0
BRDA:181,10,0,0
BRDA:186,11,0,0
BRDA:186,11,1,0
BRDA:188,12,0,0
BRDA:189,13,0,0
BRDA:196,14,0,0
BRDA:196,14,1,0
BRDA:208,15,0,0
BRDA:208,15,1,0
BRDA:209,16,0,0
BRDA:209,16,1,0
BRDA:209,17,0,0
BRDA:209,17,1,0
BRDA:337,18,0,0
BRDA:338,19,0,0
BRDA:338,19,1,0
BRDA:340,20,0,0
BRDA:341,21,0,0
BRDA:341,21,1,0
BRDA:343,22,0,0
BRDA:343,22,1,0
BRDA:347,23,0,0
BRDA:347,23,1,0
BRDA:348,24,0,0
BRDA:348,24,1,0
BRDA:349,25,0,0
BRDA:349,25,1,0
BRDA:349,26,0,0
BRDA:349,26,1,0
BRDA:352,27,0,0
BRDA:352,27,1,0
BRDA:352,28,0,0
BRDA:352,28,1,0
BRDA:355,29,0,0
BRDA:355,29,1,0
BRDA:356,30,0,0
BRDA:356,30,1,0
BRDA:363,31,0,0
BRDA:363,31,1,0
BRDA:378,32,0,0
BRDA:378,32,1,0
BRDA:381,33,0,0
BRDA:381,33,1,0
BRDA:383,34,0,0
BRDA:383,34,1,0
BRDA:385,35,0,0
BRDA:385,35,1,0
BRDA:407,36,0,0
BRDA:407,36,1,0
BRDA:428,37,0,0
BRDA:434,38,0,0
BRDA:434,38,1,0
BRDA:439,39,0,0
BRDA:439,39,1,0
BRDA:456,40,0,0
BRDA:456,40,1,0
BRDA:456,41,0,0
BRDA:456,41,1,0
BRDA:460,42,0,0
BRDA:460,42,1,0
BRDA:461,43,0,0
BRDA:461,43,1,0
BRDA:464,44,0,0
BRDA:464,44,1,0
BRDA:472,45,0,0
BRDA:472,45,1,0
BRDA:483,46,0,0
BRDA:483,46,1,0
BRDA:495,47,0,0
BRDA:495,47,1,0
BRDA:502,48,0,0
BRDA:502,48,1,31
BRDA:505,49,0,8
BRDA:505,49,1,267
BRDA:508,50,0,265
BRDA:508,50,1,2
BRDA:513,51,0,157
BRDA:515,52,0,0
BRDA:515,52,1,157
BRDA:518,53,0,83
BRDA:522,54,0,0
BRDA:522,54,1,83
BRDA:525,55,0,1
BRDA:526,56,0,31
BRDA:526,56,1,1
BRDA:554,57,0,0
BRDA:554,57,1,1468
BRDA:555,58,0,1468
BRDA:555,58,1,0
BRF:107
BRH:14
end_of_record
